[0.966s] Invoking command in '/home/samaviajaffery/project_ws/src/command_mapper': LD_LIBRARY_PATH=/home/samaviajaffery/project_ws/install/vlm_driver_msgs/lib:/opt/ros/humble/opt/rviz_ogre_vendor/lib:/opt/ros/humble/lib/x86_64-linux-gnu:/opt/ros/humble/lib PYTHONPATH=/home/samaviajaffery/project_ws/build/command_mapper/prefix_override:/usr/lib/python3/dist-packages/colcon_core/task/python/colcon_distutils_commands:/home/samaviajaffery/project_ws/install/command_mapper/lib/python3.10/site-packages:${PYTHONPATH} /usr/bin/python3 -W ignore:setup.py install is deprecated -W ignore:easy_install command is deprecated setup.py egg_info --egg-base ../../build/command_mapper build --build-base /home/samaviajaffery/project_ws/build/command_mapper/build install --record /home/samaviajaffery/project_ws/build/command_mapper/install.log --single-version-externally-managed install_data
[1.314s] running egg_info
[1.316s] writing ../../build/command_mapper/command_mapper.egg-info/PKG-INFO
[1.318s] writing dependency_links to ../../build/command_mapper/command_mapper.egg-info/dependency_links.txt
[1.318s] writing entry points to ../../build/command_mapper/command_mapper.egg-info/entry_points.txt
[1.320s] writing requirements to ../../build/command_mapper/command_mapper.egg-info/requires.txt
[1.320s] writing top-level names to ../../build/command_mapper/command_mapper.egg-info/top_level.txt
[1.322s] reading manifest file '../../build/command_mapper/command_mapper.egg-info/SOURCES.txt'
[1.324s] writing manifest file '../../build/command_mapper/command_mapper.egg-info/SOURCES.txt'
[1.325s] running build
[1.325s] running build_py
[1.326s] running install
[1.326s] running install_lib
[1.327s] running install_data
[1.328s] running install_egg_info
[1.330s] removing '/home/samaviajaffery/project_ws/install/command_mapper/lib/python3.10/site-packages/command_mapper-0.0.0-py3.10.egg-info' (and everything under it)
[1.331s] Copying ../../build/command_mapper/command_mapper.egg-info to /home/samaviajaffery/project_ws/install/command_mapper/lib/python3.10/site-packages/command_mapper-0.0.0-py3.10.egg-info
[1.331s] running install_scripts
[1.367s] Installing mapper_node script to /home/samaviajaffery/project_ws/install/command_mapper/lib/command_mapper
[1.368s] writing list of installed files to '/home/samaviajaffery/project_ws/build/command_mapper/install.log'
[1.405s] Invoked command in '/home/samaviajaffery/project_ws/src/command_mapper' returned '0': LD_LIBRARY_PATH=/home/samaviajaffery/project_ws/install/vlm_driver_msgs/lib:/opt/ros/humble/opt/rviz_ogre_vendor/lib:/opt/ros/humble/lib/x86_64-linux-gnu:/opt/ros/humble/lib PYTHONPATH=/home/samaviajaffery/project_ws/build/command_mapper/prefix_override:/usr/lib/python3/dist-packages/colcon_core/task/python/colcon_distutils_commands:/home/samaviajaffery/project_ws/install/command_mapper/lib/python3.10/site-packages:${PYTHONPATH} /usr/bin/python3 -W ignore:setup.py install is deprecated -W ignore:easy_install command is deprecated setup.py egg_info --egg-base ../../build/command_mapper build --build-base /home/samaviajaffery/project_ws/build/command_mapper/build install --record /home/samaviajaffery/project_ws/build/command_mapper/install.log --single-version-externally-managed install_data
