[1.657s] Invoking command in '/home/samaviajaffery/project_ws/src/model_oa': PYTHONPATH=/home/samaviajaffery/project_ws/build/model_oa/prefix_override:/usr/lib/python3/dist-packages/colcon_core/task/python/colcon_distutils_commands:/home/samaviajaffery/project_ws/install/model_oa/lib/python3.10/site-packages:${PYTHONPATH} /usr/bin/python3 -W ignore:setup.py install is deprecated -W ignore:easy_install command is deprecated setup.py egg_info --egg-base ../../build/model_oa build --build-base /home/samaviajaffery/project_ws/build/model_oa/build install --record /home/samaviajaffery/project_ws/build/model_oa/install.log --single-version-externally-managed install_data
[2.193s] running egg_info
[2.197s] writing ../../build/model_oa/model_oa.egg-info/PKG-INFO
[2.203s] writing dependency_links to ../../build/model_oa/model_oa.egg-info/dependency_links.txt
[2.203s] writing entry points to ../../build/model_oa/model_oa.egg-info/entry_points.txt
[2.207s] writing requirements to ../../build/model_oa/model_oa.egg-info/requires.txt
[2.208s] writing top-level names to ../../build/model_oa/model_oa.egg-info/top_level.txt
[2.213s] reading manifest file '../../build/model_oa/model_oa.egg-info/SOURCES.txt'
[2.220s] writing manifest file '../../build/model_oa/model_oa.egg-info/SOURCES.txt'
[2.221s] running build
[2.222s] running build_py
[2.222s] running install
[2.222s] running install_lib
[2.223s] running install_data
[2.224s] running install_egg_info
[2.226s] removing '/home/samaviajaffery/project_ws/install/model_oa/lib/python3.10/site-packages/model_oa-0.0.0-py3.10.egg-info' (and everything under it)
[2.226s] Copying ../../build/model_oa/model_oa.egg-info to /home/samaviajaffery/project_ws/install/model_oa/lib/python3.10/site-packages/model_oa-0.0.0-py3.10.egg-info
[2.228s] running install_scripts
[2.279s] Installing model_oa_client script to /home/samaviajaffery/project_ws/install/model_oa/lib/model_oa
[2.279s] writing list of installed files to '/home/samaviajaffery/project_ws/build/model_oa/install.log'
[2.324s] Invoked command in '/home/samaviajaffery/project_ws/src/model_oa' returned '0': PYTHONPATH=/home/samaviajaffery/project_ws/build/model_oa/prefix_override:/usr/lib/python3/dist-packages/colcon_core/task/python/colcon_distutils_commands:/home/samaviajaffery/project_ws/install/model_oa/lib/python3.10/site-packages:${PYTHONPATH} /usr/bin/python3 -W ignore:setup.py install is deprecated -W ignore:easy_install command is deprecated setup.py egg_info --egg-base ../../build/model_oa build --build-base /home/samaviajaffery/project_ws/build/model_oa/build install --record /home/samaviajaffery/project_ws/build/model_oa/install.log --single-version-externally-managed install_data
