[0.026s] Invoking command in '/home/samaviajaffery/project_ws/build/vlm_driver_msgs': CMAKE_PREFIX_PATH=${CMAKE_PREFIX_PATH}:/opt/ros/humble /usr/bin/cmake --build /home/samaviajaffery/project_ws/build/vlm_driver_msgs -- -j2 -l2
[0.067s] -- Found ament_cmake: 1.3.12 (/opt/ros/humble/share/ament_cmake/cmake)
[0.293s] -- Found rosidl_default_generators: 1.2.0 (/opt/ros/humble/share/rosidl_default_generators/cmake)
[0.299s] -- Using all available rosidl_typesupport_c: rosidl_typesupport_fastrtps_c;rosidl_typesupport_introspection_c
[0.306s] -- Found rosidl_adapter: 3.1.8 (/opt/ros/humble/share/rosidl_adapter/cmake)
[0.397s] -- Using all available rosidl_typesupport_cpp: rosidl_typesupport_fastrtps_cpp;rosidl_typesupport_introspection_cpp
[0.466s] -- Found std_msgs: 4.9.0 (/opt/ros/humble/share/std_msgs/cmake)
[1.164s] -- Found ament_cmake_ros: 0.10.0 (/opt/ros/humble/share/ament_cmake_ros/cmake)
[1.538s] -- Using all available rosidl_typesupport_c: rosidl_typesupport_fastrtps_c;rosidl_typesupport_introspection_c
[2.035s] -- Using all available rosidl_typesupport_cpp: rosidl_typesupport_fastrtps_cpp;rosidl_typesupport_introspection_cpp
[2.078s] -- Found python_cmake_module: 0.10.0 (/opt/ros/humble/share/python_cmake_module/cmake)
[2.110s] -- Using PYTHON_EXECUTABLE: /usr/bin/python3
[2.110s] -- Using PYTHON_INCLUDE_DIRS: /usr/include/python3.10
[2.110s] -- Using PYTHON_LIBRARIES: /usr/lib/x86_64-linux-gnu/libpython3.10.so
[2.145s] -- Found ament_lint_auto: 0.12.14 (/opt/ros/humble/share/ament_lint_auto/cmake)
[2.164s] -- Added test 'lint_cmake' to check CMake code style
[2.168s] -- Added test 'xmllint' to check XML markup files
[2.171s] -- Configuring done
[2.249s] -- Generating done
[2.278s] -- Build files have been written to: /home/samaviajaffery/project_ws/build/vlm_driver_msgs
[2.327s] [  2%] [34m[1mGenerating C code for ROS interfaces[0m
[2.343s] [  5%] [34m[1mGenerating C++ code for ROS interfaces[0m
[3.325s] [  5%] Built target vlm_driver_msgs__cpp
[3.337s] [35m[1mConsolidate compiler generated dependencies of target vlm_driver_msgs__rosidl_generator_c[0m
[3.358s] [  7%] [32mBuilding C object CMakeFiles/vlm_driver_msgs__rosidl_generator_c.dir/rosidl_generator_c/vlm_driver_msgs/msg/detail/driving_decisions__functions.c.o[0m
[3.375s] [  7%] Built target ament_cmake_python_copy_vlm_driver_msgs
[3.391s] [ 10%] [32mBuilding C object CMakeFiles/vlm_driver_msgs__rosidl_generator_c.dir/rosidl_generator_c/vlm_driver_msgs/msg/detail/pipeline_metrics__functions.c.o[0m
[3.455s] [ 12%] [34m[1mGenerating C++ type support dispatch for ROS interfaces[0m
[3.497s] [ 15%] [32m[1mLinking C shared library libvlm_driver_msgs__rosidl_generator_c.so[0m
[3.595s] [ 15%] Built target vlm_driver_msgs__rosidl_generator_c
[3.630s] [ 17%] [34m[1mGenerating C++ type support for eProsima Fast-RTPS[0m
[4.097s] [35m[1mConsolidate compiler generated dependencies of target vlm_driver_msgs__rosidl_typesupport_cpp[0m
[4.130s] [ 20%] [32mBuilding CXX object CMakeFiles/vlm_driver_msgs__rosidl_typesupport_cpp.dir/rosidl_typesupport_cpp/vlm_driver_msgs/msg/driving_decisions__type_support.cpp.o[0m
[4.494s] [35m[1mConsolidate compiler generated dependencies of target vlm_driver_msgs__rosidl_typesupport_fastrtps_cpp[0m
[4.589s] [ 23%] [32mBuilding CXX object CMakeFiles/vlm_driver_msgs__rosidl_typesupport_fastrtps_cpp.dir/rosidl_typesupport_fastrtps_cpp/vlm_driver_msgs/msg/detail/dds_fastrtps/driving_decisions__type_support.cpp.o[0m
[4.909s] [ 25%] [32mBuilding CXX object CMakeFiles/vlm_driver_msgs__rosidl_typesupport_cpp.dir/rosidl_typesupport_cpp/vlm_driver_msgs/msg/pipeline_metrics__type_support.cpp.o[0m
[5.459s] [ 28%] [32mBuilding CXX object CMakeFiles/vlm_driver_msgs__rosidl_typesupport_fastrtps_cpp.dir/rosidl_typesupport_fastrtps_cpp/vlm_driver_msgs/msg/detail/dds_fastrtps/pipeline_metrics__type_support.cpp.o[0m
[5.512s] [ 30%] [32m[1mLinking CXX shared library libvlm_driver_msgs__rosidl_typesupport_cpp.so[0m
[5.591s] [ 30%] Built target vlm_driver_msgs__rosidl_typesupport_cpp
[5.613s] [ 33%] [34m[1mGenerating C++ introspection for ROS interfaces[0m
[6.275s] [35m[1mConsolidate compiler generated dependencies of target vlm_driver_msgs__rosidl_typesupport_introspection_cpp[0m
[6.295s] [ 35%] [32mBuilding CXX object CMakeFiles/vlm_driver_msgs__rosidl_typesupport_introspection_cpp.dir/rosidl_typesupport_introspection_cpp/vlm_driver_msgs/msg/detail/driving_decisions__type_support.cpp.o[0m
[6.329s] [ 38%] [32m[1mLinking CXX shared library libvlm_driver_msgs__rosidl_typesupport_fastrtps_cpp.so[0m
[6.487s] [ 38%] Built target vlm_driver_msgs__rosidl_typesupport_fastrtps_cpp
[6.988s] running egg_info
[6.989s] writing vlm_driver_msgs.egg-info/PKG-INFO
[6.990s] writing dependency_links to vlm_driver_msgs.egg-info/dependency_links.txt
[6.992s] writing top-level names to vlm_driver_msgs.egg-info/top_level.txt
[6.995s] reading manifest file 'vlm_driver_msgs.egg-info/SOURCES.txt'
[7.001s] writing manifest file 'vlm_driver_msgs.egg-info/SOURCES.txt'
[7.033s] [ 41%] [32mBuilding CXX object CMakeFiles/vlm_driver_msgs__rosidl_typesupport_introspection_cpp.dir/rosidl_typesupport_introspection_cpp/vlm_driver_msgs/msg/detail/pipeline_metrics__type_support.cpp.o[0m
[7.050s] [ 41%] Built target ament_cmake_python_build_vlm_driver_msgs_egg
[7.072s] [ 43%] [34m[1mGenerating C type support for eProsima Fast-RTPS[0m
[7.786s] [35m[1mConsolidate compiler generated dependencies of target vlm_driver_msgs__rosidl_typesupport_fastrtps_c[0m
[7.827s] [ 46%] [32mBuilding CXX object CMakeFiles/vlm_driver_msgs__rosidl_typesupport_fastrtps_c.dir/rosidl_typesupport_fastrtps_c/vlm_driver_msgs/msg/detail/driving_decisions__type_support_c.cpp.o[0m
[7.955s] [ 48%] [32m[1mLinking CXX shared library libvlm_driver_msgs__rosidl_typesupport_introspection_cpp.so[0m
[8.266s] [ 48%] Built target vlm_driver_msgs__rosidl_typesupport_introspection_cpp
[8.284s] [ 51%] [34m[1mGenerating C introspection for ROS interfaces[0m
[8.626s] [ 53%] [32mBuilding CXX object CMakeFiles/vlm_driver_msgs__rosidl_typesupport_fastrtps_c.dir/rosidl_typesupport_fastrtps_c/vlm_driver_msgs/msg/detail/pipeline_metrics__type_support_c.cpp.o[0m
[8.739s] [35m[1mConsolidate compiler generated dependencies of target vlm_driver_msgs__rosidl_typesupport_introspection_c[0m
[8.767s] [ 56%] [32mBuilding C object CMakeFiles/vlm_driver_msgs__rosidl_typesupport_introspection_c.dir/rosidl_typesupport_introspection_c/vlm_driver_msgs/msg/detail/driving_decisions__type_support.c.o[0m
[8.826s] [ 58%] [32mBuilding C object CMakeFiles/vlm_driver_msgs__rosidl_typesupport_introspection_c.dir/rosidl_typesupport_introspection_c/vlm_driver_msgs/msg/detail/pipeline_metrics__type_support.c.o[0m
[8.887s] [ 61%] [32m[1mLinking C shared library libvlm_driver_msgs__rosidl_typesupport_introspection_c.so[0m
[8.942s] [ 61%] Built target vlm_driver_msgs__rosidl_typesupport_introspection_c
[8.960s] [ 64%] [34m[1mGenerating C type support dispatch for ROS interfaces[0m
[9.172s] [ 66%] [32m[1mLinking CXX shared library libvlm_driver_msgs__rosidl_typesupport_fastrtps_c.so[0m
[9.302s] [ 66%] Built target vlm_driver_msgs__rosidl_typesupport_fastrtps_c
[9.352s] [35m[1mConsolidate compiler generated dependencies of target vlm_driver_msgs__rosidl_typesupport_c[0m
[9.369s] [ 69%] [32mBuilding CXX object CMakeFiles/vlm_driver_msgs__rosidl_typesupport_c.dir/rosidl_typesupport_c/vlm_driver_msgs/msg/driving_decisions__type_support.cpp.o[0m
[9.369s] [ 71%] [32mBuilding CXX object CMakeFiles/vlm_driver_msgs__rosidl_typesupport_c.dir/rosidl_typesupport_c/vlm_driver_msgs/msg/pipeline_metrics__type_support.cpp.o[0m
[9.417s] [ 74%] [32m[1mLinking CXX shared library libvlm_driver_msgs__rosidl_typesupport_c.so[0m
[9.485s] [ 74%] Built target vlm_driver_msgs__rosidl_typesupport_c
[9.519s] [ 74%] Built target vlm_driver_msgs
[9.550s] [ 76%] [34m[1mGenerating Python code for ROS interfaces[0m
[10.234s] [ 76%] Built target vlm_driver_msgs__py
[10.251s] [35m[1mConsolidate compiler generated dependencies of target vlm_driver_msgs__rosidl_generator_py[0m
[10.274s] [ 79%] [32mBuilding C object CMakeFiles/vlm_driver_msgs__rosidl_generator_py.dir/rosidl_generator_py/vlm_driver_msgs/msg/_driving_decisions_s.c.o[0m
[10.275s] [ 82%] [32mBuilding C object CMakeFiles/vlm_driver_msgs__rosidl_generator_py.dir/rosidl_generator_py/vlm_driver_msgs/msg/_pipeline_metrics_s.c.o[0m
[10.453s] [ 84%] [32m[1mLinking C shared library rosidl_generator_py/vlm_driver_msgs/libvlm_driver_msgs__rosidl_generator_py.so[0m
[10.533s] [ 84%] Built target vlm_driver_msgs__rosidl_generator_py
[10.556s] [35m[1mConsolidate compiler generated dependencies of target vlm_driver_msgs__rosidl_typesupport_fastrtps_c__pyext[0m
[10.564s] [35m[1mConsolidate compiler generated dependencies of target vlm_driver_msgs__rosidl_typesupport_introspection_c__pyext[0m
[10.587s] [ 89%] [32mBuilding C object CMakeFiles/vlm_driver_msgs__rosidl_typesupport_fastrtps_c__pyext.dir/rosidl_generator_py/vlm_driver_msgs/_vlm_driver_msgs_s.ep.rosidl_typesupport_fastrtps_c.c.o[0m
[10.587s] [ 89%] [32mBuilding C object CMakeFiles/vlm_driver_msgs__rosidl_typesupport_introspection_c__pyext.dir/rosidl_generator_py/vlm_driver_msgs/_vlm_driver_msgs_s.ep.rosidl_typesupport_introspection_c.c.o[0m
[10.772s] [ 92%] [32m[1mLinking C shared library rosidl_generator_py/vlm_driver_msgs/vlm_driver_msgs_s__rosidl_typesupport_fastrtps_c.cpython-310-x86_64-linux-gnu.so[0m
[10.777s] [ 94%] [32m[1mLinking C shared library rosidl_generator_py/vlm_driver_msgs/vlm_driver_msgs_s__rosidl_typesupport_introspection_c.cpython-310-x86_64-linux-gnu.so[0m
[10.843s] [ 94%] Built target vlm_driver_msgs__rosidl_typesupport_fastrtps_c__pyext
[10.854s] [ 94%] Built target vlm_driver_msgs__rosidl_typesupport_introspection_c__pyext
[10.861s] [35m[1mConsolidate compiler generated dependencies of target vlm_driver_msgs__rosidl_typesupport_c__pyext[0m
[10.884s] [ 97%] [32mBuilding C object CMakeFiles/vlm_driver_msgs__rosidl_typesupport_c__pyext.dir/rosidl_generator_py/vlm_driver_msgs/_vlm_driver_msgs_s.ep.rosidl_typesupport_c.c.o[0m
[11.053s] [100%] [32m[1mLinking C shared library rosidl_generator_py/vlm_driver_msgs/vlm_driver_msgs_s__rosidl_typesupport_c.cpython-310-x86_64-linux-gnu.so[0m
[11.110s] [100%] Built target vlm_driver_msgs__rosidl_typesupport_c__pyext
[11.140s] Invoked command in '/home/samaviajaffery/project_ws/build/vlm_driver_msgs' returned '0': CMAKE_PREFIX_PATH=${CMAKE_PREFIX_PATH}:/opt/ros/humble /usr/bin/cmake --build /home/samaviajaffery/project_ws/build/vlm_driver_msgs -- -j2 -l2
[11.162s] Invoking command in '/home/samaviajaffery/project_ws/build/vlm_driver_msgs': CMAKE_PREFIX_PATH=${CMAKE_PREFIX_PATH}:/opt/ros/humble /usr/bin/cmake --install /home/samaviajaffery/project_ws/build/vlm_driver_msgs
[11.172s] -- Install configuration: ""
[11.173s] -- Installing: /home/samaviajaffery/project_ws/install/vlm_driver_msgs/share/ament_index/resource_index/rosidl_interfaces/vlm_driver_msgs
[11.173s] -- Up-to-date: /home/samaviajaffery/project_ws/install/vlm_driver_msgs/include/vlm_driver_msgs/vlm_driver_msgs
[11.173s] -- Up-to-date: /home/samaviajaffery/project_ws/install/vlm_driver_msgs/include/vlm_driver_msgs/vlm_driver_msgs/msg
[11.174s] -- Installing: /home/samaviajaffery/project_ws/install/vlm_driver_msgs/include/vlm_driver_msgs/vlm_driver_msgs/msg/pipeline_metrics.h
[11.175s] -- Up-to-date: /home/samaviajaffery/project_ws/install/vlm_driver_msgs/include/vlm_driver_msgs/vlm_driver_msgs/msg/rosidl_generator_c__visibility_control.h
[11.175s] -- Up-to-date: /home/samaviajaffery/project_ws/install/vlm_driver_msgs/include/vlm_driver_msgs/vlm_driver_msgs/msg/detail
[11.176s] -- Installing: /home/samaviajaffery/project_ws/install/vlm_driver_msgs/include/vlm_driver_msgs/vlm_driver_msgs/msg/detail/driving_decisions__functions.h
[11.176s] -- Installing: /home/samaviajaffery/project_ws/install/vlm_driver_msgs/include/vlm_driver_msgs/vlm_driver_msgs/msg/detail/pipeline_metrics__functions.c
[11.178s] -- Installing: /home/samaviajaffery/project_ws/install/vlm_driver_msgs/include/vlm_driver_msgs/vlm_driver_msgs/msg/detail/pipeline_metrics__struct.h
[11.179s] -- Installing: /home/samaviajaffery/project_ws/install/vlm_driver_msgs/include/vlm_driver_msgs/vlm_driver_msgs/msg/detail/driving_decisions__struct.h
[11.181s] -- Installing: /home/samaviajaffery/project_ws/install/vlm_driver_msgs/include/vlm_driver_msgs/vlm_driver_msgs/msg/detail/driving_decisions__type_support.h
[11.181s] -- Installing: /home/samaviajaffery/project_ws/install/vlm_driver_msgs/include/vlm_driver_msgs/vlm_driver_msgs/msg/detail/pipeline_metrics__functions.h
[11.181s] -- Installing: /home/samaviajaffery/project_ws/install/vlm_driver_msgs/include/vlm_driver_msgs/vlm_driver_msgs/msg/detail/pipeline_metrics__type_support.h
[11.181s] -- Installing: /home/samaviajaffery/project_ws/install/vlm_driver_msgs/include/vlm_driver_msgs/vlm_driver_msgs/msg/detail/driving_decisions__functions.c
[11.181s] -- Installing: /home/samaviajaffery/project_ws/install/vlm_driver_msgs/include/vlm_driver_msgs/vlm_driver_msgs/msg/driving_decisions.h
[11.181s] -- Up-to-date: /home/samaviajaffery/project_ws/install/vlm_driver_msgs/share/vlm_driver_msgs/environment/library_path.sh
[11.182s] -- Installing: /home/samaviajaffery/project_ws/install/vlm_driver_msgs/share/vlm_driver_msgs/environment/library_path.dsv
[11.182s] -- Installing: /home/samaviajaffery/project_ws/install/vlm_driver_msgs/lib/libvlm_driver_msgs__rosidl_generator_c.so
[11.182s] -- Set runtime path of "/home/samaviajaffery/project_ws/install/vlm_driver_msgs/lib/libvlm_driver_msgs__rosidl_generator_c.so" to ""
[11.182s] -- Up-to-date: /home/samaviajaffery/project_ws/install/vlm_driver_msgs/include/vlm_driver_msgs/vlm_driver_msgs
[11.182s] -- Up-to-date: /home/samaviajaffery/project_ws/install/vlm_driver_msgs/include/vlm_driver_msgs/vlm_driver_msgs/msg
[11.182s] -- Up-to-date: /home/samaviajaffery/project_ws/install/vlm_driver_msgs/include/vlm_driver_msgs/vlm_driver_msgs/msg/rosidl_typesupport_fastrtps_c__visibility_control.h
[11.182s] -- Up-to-date: /home/samaviajaffery/project_ws/install/vlm_driver_msgs/include/vlm_driver_msgs/vlm_driver_msgs/msg/detail
[11.185s] -- Installing: /home/samaviajaffery/project_ws/install/vlm_driver_msgs/include/vlm_driver_msgs/vlm_driver_msgs/msg/detail/pipeline_metrics__rosidl_typesupport_fastrtps_c.h
[11.185s] -- Installing: /home/samaviajaffery/project_ws/install/vlm_driver_msgs/include/vlm_driver_msgs/vlm_driver_msgs/msg/detail/driving_decisions__rosidl_typesupport_fastrtps_c.h
[11.185s] -- Installing: /home/samaviajaffery/project_ws/install/vlm_driver_msgs/lib/libvlm_driver_msgs__rosidl_typesupport_fastrtps_c.so
[11.185s] -- Set runtime path of "/home/samaviajaffery/project_ws/install/vlm_driver_msgs/lib/libvlm_driver_msgs__rosidl_typesupport_fastrtps_c.so" to ""
[11.185s] -- Up-to-date: /home/samaviajaffery/project_ws/install/vlm_driver_msgs/include/vlm_driver_msgs/vlm_driver_msgs
[11.186s] -- Up-to-date: /home/samaviajaffery/project_ws/install/vlm_driver_msgs/include/vlm_driver_msgs/vlm_driver_msgs/msg
[11.186s] -- Up-to-date: /home/samaviajaffery/project_ws/install/vlm_driver_msgs/include/vlm_driver_msgs/vlm_driver_msgs/msg/rosidl_typesupport_introspection_c__visibility_control.h
[11.186s] -- Up-to-date: /home/samaviajaffery/project_ws/install/vlm_driver_msgs/include/vlm_driver_msgs/vlm_driver_msgs/msg/detail
[11.186s] -- Installing: /home/samaviajaffery/project_ws/install/vlm_driver_msgs/include/vlm_driver_msgs/vlm_driver_msgs/msg/detail/driving_decisions__type_support.c
[11.186s] -- Installing: /home/samaviajaffery/project_ws/install/vlm_driver_msgs/include/vlm_driver_msgs/vlm_driver_msgs/msg/detail/driving_decisions__rosidl_typesupport_introspection_c.h
[11.186s] -- Installing: /home/samaviajaffery/project_ws/install/vlm_driver_msgs/include/vlm_driver_msgs/vlm_driver_msgs/msg/detail/pipeline_metrics__type_support.c
[11.192s] -- Installing: /home/samaviajaffery/project_ws/install/vlm_driver_msgs/include/vlm_driver_msgs/vlm_driver_msgs/msg/detail/pipeline_metrics__rosidl_typesupport_introspection_c.h
[11.192s] -- Installing: /home/samaviajaffery/project_ws/install/vlm_driver_msgs/lib/libvlm_driver_msgs__rosidl_typesupport_introspection_c.so
[11.193s] -- Set runtime path of "/home/samaviajaffery/project_ws/install/vlm_driver_msgs/lib/libvlm_driver_msgs__rosidl_typesupport_introspection_c.so" to ""
[11.193s] -- Installing: /home/samaviajaffery/project_ws/install/vlm_driver_msgs/lib/libvlm_driver_msgs__rosidl_typesupport_c.so
[11.193s] -- Set runtime path of "/home/samaviajaffery/project_ws/install/vlm_driver_msgs/lib/libvlm_driver_msgs__rosidl_typesupport_c.so" to ""
[11.193s] -- Up-to-date: /home/samaviajaffery/project_ws/install/vlm_driver_msgs/include/vlm_driver_msgs/vlm_driver_msgs
[11.193s] -- Up-to-date: /home/samaviajaffery/project_ws/install/vlm_driver_msgs/include/vlm_driver_msgs/vlm_driver_msgs/msg
[11.193s] -- Installing: /home/samaviajaffery/project_ws/install/vlm_driver_msgs/include/vlm_driver_msgs/vlm_driver_msgs/msg/driving_decisions.hpp
[11.193s] -- Up-to-date: /home/samaviajaffery/project_ws/install/vlm_driver_msgs/include/vlm_driver_msgs/vlm_driver_msgs/msg/detail
[11.193s] -- Installing: /home/samaviajaffery/project_ws/install/vlm_driver_msgs/include/vlm_driver_msgs/vlm_driver_msgs/msg/detail/pipeline_metrics__struct.hpp
[11.196s] -- Installing: /home/samaviajaffery/project_ws/install/vlm_driver_msgs/include/vlm_driver_msgs/vlm_driver_msgs/msg/detail/pipeline_metrics__traits.hpp
[11.196s] -- Installing: /home/samaviajaffery/project_ws/install/vlm_driver_msgs/include/vlm_driver_msgs/vlm_driver_msgs/msg/detail/driving_decisions__traits.hpp
[11.196s] -- Installing: /home/samaviajaffery/project_ws/install/vlm_driver_msgs/include/vlm_driver_msgs/vlm_driver_msgs/msg/detail/driving_decisions__builder.hpp
[11.197s] -- Installing: /home/samaviajaffery/project_ws/install/vlm_driver_msgs/include/vlm_driver_msgs/vlm_driver_msgs/msg/detail/pipeline_metrics__builder.hpp
[11.197s] -- Installing: /home/samaviajaffery/project_ws/install/vlm_driver_msgs/include/vlm_driver_msgs/vlm_driver_msgs/msg/detail/pipeline_metrics__type_support.hpp
[11.197s] -- Installing: /home/samaviajaffery/project_ws/install/vlm_driver_msgs/include/vlm_driver_msgs/vlm_driver_msgs/msg/detail/driving_decisions__struct.hpp
[11.197s] -- Installing: /home/samaviajaffery/project_ws/install/vlm_driver_msgs/include/vlm_driver_msgs/vlm_driver_msgs/msg/detail/driving_decisions__type_support.hpp
[11.197s] -- Installing: /home/samaviajaffery/project_ws/install/vlm_driver_msgs/include/vlm_driver_msgs/vlm_driver_msgs/msg/pipeline_metrics.hpp
[11.197s] -- Up-to-date: /home/samaviajaffery/project_ws/install/vlm_driver_msgs/include/vlm_driver_msgs/vlm_driver_msgs/msg/rosidl_generator_cpp__visibility_control.hpp
[11.197s] -- Up-to-date: /home/samaviajaffery/project_ws/install/vlm_driver_msgs/include/vlm_driver_msgs/vlm_driver_msgs
[11.198s] -- Up-to-date: /home/samaviajaffery/project_ws/install/vlm_driver_msgs/include/vlm_driver_msgs/vlm_driver_msgs/msg
[11.200s] -- Up-to-date: /home/samaviajaffery/project_ws/install/vlm_driver_msgs/include/vlm_driver_msgs/vlm_driver_msgs/msg/rosidl_typesupport_fastrtps_cpp__visibility_control.h
[11.201s] -- Up-to-date: /home/samaviajaffery/project_ws/install/vlm_driver_msgs/include/vlm_driver_msgs/vlm_driver_msgs/msg/detail
[11.201s] -- Installing: /home/samaviajaffery/project_ws/install/vlm_driver_msgs/include/vlm_driver_msgs/vlm_driver_msgs/msg/detail/pipeline_metrics__rosidl_typesupport_fastrtps_cpp.hpp
[11.201s] -- Installing: /home/samaviajaffery/project_ws/install/vlm_driver_msgs/include/vlm_driver_msgs/vlm_driver_msgs/msg/detail/driving_decisions__rosidl_typesupport_fastrtps_cpp.hpp
[11.201s] -- Up-to-date: /home/samaviajaffery/project_ws/install/vlm_driver_msgs/include/vlm_driver_msgs/vlm_driver_msgs/msg/detail/dds_fastrtps
[11.201s] -- Installing: /home/samaviajaffery/project_ws/install/vlm_driver_msgs/lib/libvlm_driver_msgs__rosidl_typesupport_fastrtps_cpp.so
[11.201s] -- Set runtime path of "/home/samaviajaffery/project_ws/install/vlm_driver_msgs/lib/libvlm_driver_msgs__rosidl_typesupport_fastrtps_cpp.so" to ""
[11.201s] -- Up-to-date: /home/samaviajaffery/project_ws/install/vlm_driver_msgs/include/vlm_driver_msgs/vlm_driver_msgs
[11.201s] -- Up-to-date: /home/samaviajaffery/project_ws/install/vlm_driver_msgs/include/vlm_driver_msgs/vlm_driver_msgs/msg
[11.201s] -- Up-to-date: /home/samaviajaffery/project_ws/install/vlm_driver_msgs/include/vlm_driver_msgs/vlm_driver_msgs/msg/detail
[11.201s] -- Installing: /home/samaviajaffery/project_ws/install/vlm_driver_msgs/include/vlm_driver_msgs/vlm_driver_msgs/msg/detail/driving_decisions__rosidl_typesupport_introspection_cpp.hpp
[11.201s] -- Installing: /home/samaviajaffery/project_ws/install/vlm_driver_msgs/include/vlm_driver_msgs/vlm_driver_msgs/msg/detail/pipeline_metrics__rosidl_typesupport_introspection_cpp.hpp
[11.201s] -- Installing: /home/samaviajaffery/project_ws/install/vlm_driver_msgs/include/vlm_driver_msgs/vlm_driver_msgs/msg/detail/pipeline_metrics__type_support.cpp
[11.201s] -- Installing: /home/samaviajaffery/project_ws/install/vlm_driver_msgs/include/vlm_driver_msgs/vlm_driver_msgs/msg/detail/driving_decisions__type_support.cpp
[11.202s] -- Installing: /home/samaviajaffery/project_ws/install/vlm_driver_msgs/lib/libvlm_driver_msgs__rosidl_typesupport_introspection_cpp.so
[11.202s] -- Set runtime path of "/home/samaviajaffery/project_ws/install/vlm_driver_msgs/lib/libvlm_driver_msgs__rosidl_typesupport_introspection_cpp.so" to ""
[11.202s] -- Installing: /home/samaviajaffery/project_ws/install/vlm_driver_msgs/lib/libvlm_driver_msgs__rosidl_typesupport_cpp.so
[11.202s] -- Set runtime path of "/home/samaviajaffery/project_ws/install/vlm_driver_msgs/lib/libvlm_driver_msgs__rosidl_typesupport_cpp.so" to ""
[11.202s] -- Up-to-date: /home/samaviajaffery/project_ws/install/vlm_driver_msgs/share/vlm_driver_msgs/environment/pythonpath.sh
[11.202s] -- Installing: /home/samaviajaffery/project_ws/install/vlm_driver_msgs/share/vlm_driver_msgs/environment/pythonpath.dsv
[11.202s] -- Up-to-date: /home/samaviajaffery/project_ws/install/vlm_driver_msgs/local/lib/python3.10/dist-packages/vlm_driver_msgs-0.0.0-py3.10.egg-info
[11.202s] -- Installing: /home/samaviajaffery/project_ws/install/vlm_driver_msgs/local/lib/python3.10/dist-packages/vlm_driver_msgs-0.0.0-py3.10.egg-info/PKG-INFO
[11.206s] -- Installing: /home/samaviajaffery/project_ws/install/vlm_driver_msgs/local/lib/python3.10/dist-packages/vlm_driver_msgs-0.0.0-py3.10.egg-info/top_level.txt
[11.206s] -- Installing: /home/samaviajaffery/project_ws/install/vlm_driver_msgs/local/lib/python3.10/dist-packages/vlm_driver_msgs-0.0.0-py3.10.egg-info/SOURCES.txt
[11.206s] -- Installing: /home/samaviajaffery/project_ws/install/vlm_driver_msgs/local/lib/python3.10/dist-packages/vlm_driver_msgs-0.0.0-py3.10.egg-info/dependency_links.txt
[11.207s] -- Up-to-date: /home/samaviajaffery/project_ws/install/vlm_driver_msgs/local/lib/python3.10/dist-packages/vlm_driver_msgs
[11.207s] -- Installing: /home/samaviajaffery/project_ws/install/vlm_driver_msgs/local/lib/python3.10/dist-packages/vlm_driver_msgs/_vlm_driver_msgs_s.ep.rosidl_typesupport_fastrtps_c.c
[11.207s] -- Up-to-date: /home/samaviajaffery/project_ws/install/vlm_driver_msgs/local/lib/python3.10/dist-packages/vlm_driver_msgs/msg
[11.207s] -- Installing: /home/samaviajaffery/project_ws/install/vlm_driver_msgs/local/lib/python3.10/dist-packages/vlm_driver_msgs/msg/_driving_decisions_s.c
[11.207s] -- Installing: /home/samaviajaffery/project_ws/install/vlm_driver_msgs/local/lib/python3.10/dist-packages/vlm_driver_msgs/msg/_pipeline_metrics_s.c
[11.207s] -- Installing: /home/samaviajaffery/project_ws/install/vlm_driver_msgs/local/lib/python3.10/dist-packages/vlm_driver_msgs/msg/_pipeline_metrics.py
[11.207s] -- Installing: /home/samaviajaffery/project_ws/install/vlm_driver_msgs/local/lib/python3.10/dist-packages/vlm_driver_msgs/msg/_driving_decisions.py
[11.207s] -- Installing: /home/samaviajaffery/project_ws/install/vlm_driver_msgs/local/lib/python3.10/dist-packages/vlm_driver_msgs/msg/__init__.py
[11.207s] -- Installing: /home/samaviajaffery/project_ws/install/vlm_driver_msgs/local/lib/python3.10/dist-packages/vlm_driver_msgs/vlm_driver_msgs_s__rosidl_typesupport_fastrtps_c.cpython-310-x86_64-linux-gnu.so
[11.207s] -- Installing: /home/samaviajaffery/project_ws/install/vlm_driver_msgs/local/lib/python3.10/dist-packages/vlm_driver_msgs/_vlm_driver_msgs_s.ep.rosidl_typesupport_introspection_c.c
[11.207s] -- Installing: /home/samaviajaffery/project_ws/install/vlm_driver_msgs/local/lib/python3.10/dist-packages/vlm_driver_msgs/vlm_driver_msgs_s__rosidl_typesupport_introspection_c.cpython-310-x86_64-linux-gnu.so
[11.207s] -- Installing: /home/samaviajaffery/project_ws/install/vlm_driver_msgs/local/lib/python3.10/dist-packages/vlm_driver_msgs/libvlm_driver_msgs__rosidl_generator_py.so
[11.208s] -- Installing: /home/samaviajaffery/project_ws/install/vlm_driver_msgs/local/lib/python3.10/dist-packages/vlm_driver_msgs/vlm_driver_msgs_s__rosidl_typesupport_c.cpython-310-x86_64-linux-gnu.so
[11.208s] -- Installing: /home/samaviajaffery/project_ws/install/vlm_driver_msgs/local/lib/python3.10/dist-packages/vlm_driver_msgs/_vlm_driver_msgs_s.ep.rosidl_typesupport_c.c
[11.208s] -- Installing: /home/samaviajaffery/project_ws/install/vlm_driver_msgs/local/lib/python3.10/dist-packages/vlm_driver_msgs/__init__.py
[11.261s] Listing '/home/samaviajaffery/project_ws/install/vlm_driver_msgs/local/lib/python3.10/dist-packages/vlm_driver_msgs'...
[11.261s] Compiling '/home/samaviajaffery/project_ws/install/vlm_driver_msgs/local/lib/python3.10/dist-packages/vlm_driver_msgs/__init__.py'...
[11.261s] Listing '/home/samaviajaffery/project_ws/install/vlm_driver_msgs/local/lib/python3.10/dist-packages/vlm_driver_msgs/msg'...
[11.261s] Compiling '/home/samaviajaffery/project_ws/install/vlm_driver_msgs/local/lib/python3.10/dist-packages/vlm_driver_msgs/msg/__init__.py'...
[11.261s] Compiling '/home/samaviajaffery/project_ws/install/vlm_driver_msgs/local/lib/python3.10/dist-packages/vlm_driver_msgs/msg/_driving_decisions.py'...
[11.261s] Compiling '/home/samaviajaffery/project_ws/install/vlm_driver_msgs/local/lib/python3.10/dist-packages/vlm_driver_msgs/msg/_pipeline_metrics.py'...
[11.268s] -- Installing: /home/samaviajaffery/project_ws/install/vlm_driver_msgs/local/lib/python3.10/dist-packages/vlm_driver_msgs/vlm_driver_msgs_s__rosidl_typesupport_fastrtps_c.cpython-310-x86_64-linux-gnu.so
[11.269s] -- Set runtime path of "/home/samaviajaffery/project_ws/install/vlm_driver_msgs/local/lib/python3.10/dist-packages/vlm_driver_msgs/vlm_driver_msgs_s__rosidl_typesupport_fastrtps_c.cpython-310-x86_64-linux-gnu.so" to ""
[11.269s] -- Installing: /home/samaviajaffery/project_ws/install/vlm_driver_msgs/local/lib/python3.10/dist-packages/vlm_driver_msgs/vlm_driver_msgs_s__rosidl_typesupport_introspection_c.cpython-310-x86_64-linux-gnu.so
[11.271s] -- Set runtime path of "/home/samaviajaffery/project_ws/install/vlm_driver_msgs/local/lib/python3.10/dist-packages/vlm_driver_msgs/vlm_driver_msgs_s__rosidl_typesupport_introspection_c.cpython-310-x86_64-linux-gnu.so" to ""
[11.271s] -- Installing: /home/samaviajaffery/project_ws/install/vlm_driver_msgs/local/lib/python3.10/dist-packages/vlm_driver_msgs/vlm_driver_msgs_s__rosidl_typesupport_c.cpython-310-x86_64-linux-gnu.so
[11.273s] -- Set runtime path of "/home/samaviajaffery/project_ws/install/vlm_driver_msgs/local/lib/python3.10/dist-packages/vlm_driver_msgs/vlm_driver_msgs_s__rosidl_typesupport_c.cpython-310-x86_64-linux-gnu.so" to ""
[11.273s] -- Installing: /home/samaviajaffery/project_ws/install/vlm_driver_msgs/lib/libvlm_driver_msgs__rosidl_generator_py.so
[11.273s] -- Set runtime path of "/home/samaviajaffery/project_ws/install/vlm_driver_msgs/lib/libvlm_driver_msgs__rosidl_generator_py.so" to ""
[11.273s] -- Installing: /home/samaviajaffery/project_ws/install/vlm_driver_msgs/share/vlm_driver_msgs/msg/DrivingDecisions.idl
[11.274s] -- Installing: /home/samaviajaffery/project_ws/install/vlm_driver_msgs/share/vlm_driver_msgs/msg/PipelineMetrics.idl
[11.276s] -- Installing: /home/samaviajaffery/project_ws/install/vlm_driver_msgs/share/vlm_driver_msgs/msg/DrivingDecisions.msg
[11.276s] -- Installing: /home/samaviajaffery/project_ws/install/vlm_driver_msgs/share/vlm_driver_msgs/msg/PipelineMetrics.msg
[11.276s] -- Up-to-date: /home/samaviajaffery/project_ws/install/vlm_driver_msgs/share/ament_index/resource_index/package_run_dependencies/vlm_driver_msgs
[11.277s] -- Installing: /home/samaviajaffery/project_ws/install/vlm_driver_msgs/share/ament_index/resource_index/parent_prefix_path/vlm_driver_msgs
[11.277s] -- Up-to-date: /home/samaviajaffery/project_ws/install/vlm_driver_msgs/share/vlm_driver_msgs/environment/ament_prefix_path.sh
[11.277s] -- Installing: /home/samaviajaffery/project_ws/install/vlm_driver_msgs/share/vlm_driver_msgs/environment/ament_prefix_path.dsv
[11.277s] -- Up-to-date: /home/samaviajaffery/project_ws/install/vlm_driver_msgs/share/vlm_driver_msgs/environment/path.sh
[11.277s] -- Installing: /home/samaviajaffery/project_ws/install/vlm_driver_msgs/share/vlm_driver_msgs/environment/path.dsv
[11.277s] -- Up-to-date: /home/samaviajaffery/project_ws/install/vlm_driver_msgs/share/vlm_driver_msgs/local_setup.bash
[11.277s] -- Up-to-date: /home/samaviajaffery/project_ws/install/vlm_driver_msgs/share/vlm_driver_msgs/local_setup.sh
[11.277s] -- Up-to-date: /home/samaviajaffery/project_ws/install/vlm_driver_msgs/share/vlm_driver_msgs/local_setup.zsh
[11.278s] -- Installing: /home/samaviajaffery/project_ws/install/vlm_driver_msgs/share/vlm_driver_msgs/local_setup.dsv
[11.280s] -- Installing: /home/samaviajaffery/project_ws/install/vlm_driver_msgs/share/vlm_driver_msgs/package.dsv
[11.280s] -- Up-to-date: /home/samaviajaffery/project_ws/install/vlm_driver_msgs/share/ament_index/resource_index/packages/vlm_driver_msgs
[11.281s] -- Up-to-date: /home/samaviajaffery/project_ws/install/vlm_driver_msgs/share/vlm_driver_msgs/cmake/export_vlm_driver_msgs__rosidl_generator_cExport.cmake
[11.281s] -- Up-to-date: /home/samaviajaffery/project_ws/install/vlm_driver_msgs/share/vlm_driver_msgs/cmake/export_vlm_driver_msgs__rosidl_generator_cExport-noconfig.cmake
[11.283s] -- Up-to-date: /home/samaviajaffery/project_ws/install/vlm_driver_msgs/share/vlm_driver_msgs/cmake/export_vlm_driver_msgs__rosidl_typesupport_fastrtps_cExport.cmake
[11.283s] -- Up-to-date: /home/samaviajaffery/project_ws/install/vlm_driver_msgs/share/vlm_driver_msgs/cmake/export_vlm_driver_msgs__rosidl_typesupport_fastrtps_cExport-noconfig.cmake
[11.283s] -- Up-to-date: /home/samaviajaffery/project_ws/install/vlm_driver_msgs/share/vlm_driver_msgs/cmake/vlm_driver_msgs__rosidl_typesupport_introspection_cExport.cmake
[11.283s] -- Up-to-date: /home/samaviajaffery/project_ws/install/vlm_driver_msgs/share/vlm_driver_msgs/cmake/vlm_driver_msgs__rosidl_typesupport_introspection_cExport-noconfig.cmake
[11.283s] -- Up-to-date: /home/samaviajaffery/project_ws/install/vlm_driver_msgs/share/vlm_driver_msgs/cmake/vlm_driver_msgs__rosidl_typesupport_cExport.cmake
[11.283s] -- Up-to-date: /home/samaviajaffery/project_ws/install/vlm_driver_msgs/share/vlm_driver_msgs/cmake/vlm_driver_msgs__rosidl_typesupport_cExport-noconfig.cmake
[11.283s] -- Up-to-date: /home/samaviajaffery/project_ws/install/vlm_driver_msgs/share/vlm_driver_msgs/cmake/export_vlm_driver_msgs__rosidl_generator_cppExport.cmake
[11.283s] -- Up-to-date: /home/samaviajaffery/project_ws/install/vlm_driver_msgs/share/vlm_driver_msgs/cmake/export_vlm_driver_msgs__rosidl_typesupport_fastrtps_cppExport.cmake
[11.283s] -- Up-to-date: /home/samaviajaffery/project_ws/install/vlm_driver_msgs/share/vlm_driver_msgs/cmake/export_vlm_driver_msgs__rosidl_typesupport_fastrtps_cppExport-noconfig.cmake
[11.284s] -- Up-to-date: /home/samaviajaffery/project_ws/install/vlm_driver_msgs/share/vlm_driver_msgs/cmake/vlm_driver_msgs__rosidl_typesupport_introspection_cppExport.cmake
[11.284s] -- Up-to-date: /home/samaviajaffery/project_ws/install/vlm_driver_msgs/share/vlm_driver_msgs/cmake/vlm_driver_msgs__rosidl_typesupport_introspection_cppExport-noconfig.cmake
[11.284s] -- Up-to-date: /home/samaviajaffery/project_ws/install/vlm_driver_msgs/share/vlm_driver_msgs/cmake/vlm_driver_msgs__rosidl_typesupport_cppExport.cmake
[11.284s] -- Up-to-date: /home/samaviajaffery/project_ws/install/vlm_driver_msgs/share/vlm_driver_msgs/cmake/vlm_driver_msgs__rosidl_typesupport_cppExport-noconfig.cmake
[11.284s] -- Up-to-date: /home/samaviajaffery/project_ws/install/vlm_driver_msgs/share/vlm_driver_msgs/cmake/export_vlm_driver_msgs__rosidl_generator_pyExport.cmake
[11.284s] -- Up-to-date: /home/samaviajaffery/project_ws/install/vlm_driver_msgs/share/vlm_driver_msgs/cmake/export_vlm_driver_msgs__rosidl_generator_pyExport-noconfig.cmake
[11.284s] -- Installing: /home/samaviajaffery/project_ws/install/vlm_driver_msgs/share/vlm_driver_msgs/cmake/rosidl_cmake-extras.cmake
[11.284s] -- Up-to-date: /home/samaviajaffery/project_ws/install/vlm_driver_msgs/share/vlm_driver_msgs/cmake/ament_cmake_export_dependencies-extras.cmake
[11.284s] -- Up-to-date: /home/samaviajaffery/project_ws/install/vlm_driver_msgs/share/vlm_driver_msgs/cmake/ament_cmake_export_include_directories-extras.cmake
[11.284s] -- Up-to-date: /home/samaviajaffery/project_ws/install/vlm_driver_msgs/share/vlm_driver_msgs/cmake/ament_cmake_export_libraries-extras.cmake
[11.284s] -- Up-to-date: /home/samaviajaffery/project_ws/install/vlm_driver_msgs/share/vlm_driver_msgs/cmake/ament_cmake_export_targets-extras.cmake
[11.284s] -- Up-to-date: /home/samaviajaffery/project_ws/install/vlm_driver_msgs/share/vlm_driver_msgs/cmake/rosidl_cmake_export_typesupport_targets-extras.cmake
[11.284s] -- Up-to-date: /home/samaviajaffery/project_ws/install/vlm_driver_msgs/share/vlm_driver_msgs/cmake/rosidl_cmake_export_typesupport_libraries-extras.cmake
[11.284s] -- Up-to-date: /home/samaviajaffery/project_ws/install/vlm_driver_msgs/share/vlm_driver_msgs/cmake/vlm_driver_msgsConfig.cmake
[11.284s] -- Up-to-date: /home/samaviajaffery/project_ws/install/vlm_driver_msgs/share/vlm_driver_msgs/cmake/vlm_driver_msgsConfig-version.cmake
[11.284s] -- Up-to-date: /home/samaviajaffery/project_ws/install/vlm_driver_msgs/share/vlm_driver_msgs/package.xml
[11.289s] Invoked command in '/home/samaviajaffery/project_ws/build/vlm_driver_msgs' returned '0': CMAKE_PREFIX_PATH=${CMAKE_PREFIX_PATH}:/opt/ros/humble /usr/bin/cmake --install /home/samaviajaffery/project_ws/build/vlm_driver_msgs
