[0.181s] DEBUG:colcon:Command line arguments: ['/usr/bin/colcon', 'build', '--packages-select', 'command_mapper']
[0.181s] DEBUG:colcon:Parsed command line arguments: Namespace(log_base=None, log_level=None, verb_name='build', build_base='build', install_base='install', merge_install=False, symlink_install=False, test_result_base=None, continue_on_error=False, executor='parallel', parallel_workers=2, event_handlers=None, ignore_user_meta=False, metas=['./colcon.meta'], base_paths=['.'], packages_ignore=None, packages_ignore_regex=None, paths=None, packages_up_to=None, packages_up_to_regex=None, packages_above=None, packages_above_and_dependencies=None, packages_above_depth=None, packages_select_by_dep=None, packages_skip_by_dep=None, packages_skip_up_to=None, packages_select_build_failed=False, packages_skip_build_finished=False, packages_select_test_failures=False, packages_skip_test_passed=False, packages_select=['command_mapper'], packages_skip=None, packages_select_regex=None, packages_skip_regex=None, packages_start=None, packages_end=None, allow_overriding=[], cmake_args=None, cmake_target=None, cmake_target_skip_unavailable=False, cmake_clean_cache=False, cmake_clean_first=False, cmake_force_configure=False, ament_cmake_args=None, catkin_cmake_args=None, catkin_skip_building_tests=False, mixin_files=None, mixin=None, verb_parser=<colcon_mixin.mixin.mixin_argument.MixinArgumentDecorator object at 0x7c4da7a20df0>, verb_extension=<colcon_core.verb.build.BuildVerb object at 0x7c4da7a209d0>, main=<bound method BuildVerb.main of <colcon_core.verb.build.BuildVerb object at 0x7c4da7a209d0>>, mixin_verb=('build',))
[0.394s] Level 1:colcon.colcon_core.package_discovery:discover_packages(colcon_meta) check parameters
[0.395s] Level 1:colcon.colcon_core.package_discovery:discover_packages(recursive) check parameters
[0.395s] Level 1:colcon.colcon_core.package_discovery:discover_packages(ignore) check parameters
[0.395s] Level 1:colcon.colcon_core.package_discovery:discover_packages(path) check parameters
[0.395s] Level 1:colcon.colcon_core.package_discovery:discover_packages(colcon_meta) discover
[0.395s] Level 1:colcon.colcon_core.package_discovery:discover_packages(recursive) discover
[0.395s] INFO:colcon.colcon_core.package_discovery:Crawling recursively for packages in '/home/samaviajaffery/project_ws'
[0.395s] Level 1:colcon.colcon_core.package_identification:_identify(.) by extensions ['ignore', 'ignore_ament_install']
[0.395s] Level 1:colcon.colcon_core.package_identification:_identify(.) by extension 'ignore'
[0.396s] Level 1:colcon.colcon_core.package_identification:_identify(.) by extension 'ignore_ament_install'
[0.396s] Level 1:colcon.colcon_core.package_identification:_identify(.) by extensions ['colcon_pkg']
[0.396s] Level 1:colcon.colcon_core.package_identification:_identify(.) by extension 'colcon_pkg'
[0.396s] Level 1:colcon.colcon_core.package_identification:_identify(.) by extensions ['colcon_meta']
[0.396s] Level 1:colcon.colcon_core.package_identification:_identify(.) by extension 'colcon_meta'
[0.396s] Level 1:colcon.colcon_core.package_identification:_identify(.) by extensions ['ros']
[0.396s] Level 1:colcon.colcon_core.package_identification:_identify(.) by extension 'ros'
[0.413s] Level 1:colcon.colcon_core.package_identification:_identify(.) by extensions ['cmake', 'python']
[0.413s] Level 1:colcon.colcon_core.package_identification:_identify(.) by extension 'cmake'
[0.413s] Level 1:colcon.colcon_core.package_identification:_identify(.) by extension 'python'
[0.413s] Level 1:colcon.colcon_core.package_identification:_identify(.) by extensions ['python_setup_py']
[0.413s] Level 1:colcon.colcon_core.package_identification:_identify(.) by extension 'python_setup_py'
[0.413s] Level 1:colcon.colcon_core.package_identification:_identify(build) by extensions ['ignore', 'ignore_ament_install']
[0.413s] Level 1:colcon.colcon_core.package_identification:_identify(build) by extension 'ignore'
[0.413s] Level 1:colcon.colcon_core.package_identification:_identify(build) ignored
[0.414s] Level 1:colcon.colcon_core.package_identification:_identify(install) by extensions ['ignore', 'ignore_ament_install']
[0.414s] Level 1:colcon.colcon_core.package_identification:_identify(install) by extension 'ignore'
[0.414s] Level 1:colcon.colcon_core.package_identification:_identify(install) ignored
[0.414s] Level 1:colcon.colcon_core.package_identification:_identify(log) by extensions ['ignore', 'ignore_ament_install']
[0.414s] Level 1:colcon.colcon_core.package_identification:_identify(log) by extension 'ignore'
[0.414s] Level 1:colcon.colcon_core.package_identification:_identify(log) ignored
[0.415s] Level 1:colcon.colcon_core.package_identification:_identify(src) by extensions ['ignore', 'ignore_ament_install']
[0.415s] Level 1:colcon.colcon_core.package_identification:_identify(src) by extension 'ignore'
[0.415s] Level 1:colcon.colcon_core.package_identification:_identify(src) by extension 'ignore_ament_install'
[0.415s] Level 1:colcon.colcon_core.package_identification:_identify(src) by extensions ['colcon_pkg']
[0.415s] Level 1:colcon.colcon_core.package_identification:_identify(src) by extension 'colcon_pkg'
[0.415s] Level 1:colcon.colcon_core.package_identification:_identify(src) by extensions ['colcon_meta']
[0.415s] Level 1:colcon.colcon_core.package_identification:_identify(src) by extension 'colcon_meta'
[0.415s] Level 1:colcon.colcon_core.package_identification:_identify(src) by extensions ['ros']
[0.415s] Level 1:colcon.colcon_core.package_identification:_identify(src) by extension 'ros'
[0.415s] Level 1:colcon.colcon_core.package_identification:_identify(src) by extensions ['cmake', 'python']
[0.415s] Level 1:colcon.colcon_core.package_identification:_identify(src) by extension 'cmake'
[0.415s] Level 1:colcon.colcon_core.package_identification:_identify(src) by extension 'python'
[0.415s] Level 1:colcon.colcon_core.package_identification:_identify(src) by extensions ['python_setup_py']
[0.415s] Level 1:colcon.colcon_core.package_identification:_identify(src) by extension 'python_setup_py'
[0.416s] Level 1:colcon.colcon_core.package_identification:_identify(src/baseline_cv) by extensions ['ignore', 'ignore_ament_install']
[0.416s] Level 1:colcon.colcon_core.package_identification:_identify(src/baseline_cv) by extension 'ignore'
[0.416s] Level 1:colcon.colcon_core.package_identification:_identify(src/baseline_cv) by extension 'ignore_ament_install'
[0.416s] Level 1:colcon.colcon_core.package_identification:_identify(src/baseline_cv) by extensions ['colcon_pkg']
[0.416s] Level 1:colcon.colcon_core.package_identification:_identify(src/baseline_cv) by extension 'colcon_pkg'
[0.416s] Level 1:colcon.colcon_core.package_identification:_identify(src/baseline_cv) by extensions ['colcon_meta']
[0.416s] Level 1:colcon.colcon_core.package_identification:_identify(src/baseline_cv) by extension 'colcon_meta'
[0.416s] Level 1:colcon.colcon_core.package_identification:_identify(src/baseline_cv) by extensions ['ros']
[0.416s] Level 1:colcon.colcon_core.package_identification:_identify(src/baseline_cv) by extension 'ros'
[0.420s] DEBUG:colcon.colcon_core.package_identification:Package 'src/baseline_cv' with type 'ros.ament_python' and name 'baseline_cv'
[0.420s] Level 1:colcon.colcon_core.package_identification:_identify(src/command_mapper) by extensions ['ignore', 'ignore_ament_install']
[0.421s] Level 1:colcon.colcon_core.package_identification:_identify(src/command_mapper) by extension 'ignore'
[0.421s] Level 1:colcon.colcon_core.package_identification:_identify(src/command_mapper) by extension 'ignore_ament_install'
[0.421s] Level 1:colcon.colcon_core.package_identification:_identify(src/command_mapper) by extensions ['colcon_pkg']
[0.421s] Level 1:colcon.colcon_core.package_identification:_identify(src/command_mapper) by extension 'colcon_pkg'
[0.421s] Level 1:colcon.colcon_core.package_identification:_identify(src/command_mapper) by extensions ['colcon_meta']
[0.421s] Level 1:colcon.colcon_core.package_identification:_identify(src/command_mapper) by extension 'colcon_meta'
[0.421s] Level 1:colcon.colcon_core.package_identification:_identify(src/command_mapper) by extensions ['ros']
[0.421s] Level 1:colcon.colcon_core.package_identification:_identify(src/command_mapper) by extension 'ros'
[0.424s] DEBUG:colcon.colcon_core.package_identification:Package 'src/command_mapper' with type 'ros.ament_python' and name 'command_mapper'
[0.424s] Level 1:colcon.colcon_core.package_identification:_identify(src/vesc_bridge) by extensions ['ignore', 'ignore_ament_install']
[0.425s] Level 1:colcon.colcon_core.package_identification:_identify(src/vesc_bridge) by extension 'ignore'
[0.425s] Level 1:colcon.colcon_core.package_identification:_identify(src/vesc_bridge) by extension 'ignore_ament_install'
[0.425s] Level 1:colcon.colcon_core.package_identification:_identify(src/vesc_bridge) by extensions ['colcon_pkg']
[0.425s] Level 1:colcon.colcon_core.package_identification:_identify(src/vesc_bridge) by extension 'colcon_pkg'
[0.425s] Level 1:colcon.colcon_core.package_identification:_identify(src/vesc_bridge) by extensions ['colcon_meta']
[0.425s] Level 1:colcon.colcon_core.package_identification:_identify(src/vesc_bridge) by extension 'colcon_meta'
[0.425s] Level 1:colcon.colcon_core.package_identification:_identify(src/vesc_bridge) by extensions ['ros']
[0.425s] Level 1:colcon.colcon_core.package_identification:_identify(src/vesc_bridge) by extension 'ros'
[0.426s] DEBUG:colcon.colcon_core.package_identification:Package 'src/vesc_bridge' with type 'ros.ament_python' and name 'vesc_bridge'
[0.427s] Level 1:colcon.colcon_core.package_identification:_identify(src/vlm_driver_msgs) by extensions ['ignore', 'ignore_ament_install']
[0.427s] Level 1:colcon.colcon_core.package_identification:_identify(src/vlm_driver_msgs) by extension 'ignore'
[0.427s] Level 1:colcon.colcon_core.package_identification:_identify(src/vlm_driver_msgs) by extension 'ignore_ament_install'
[0.427s] Level 1:colcon.colcon_core.package_identification:_identify(src/vlm_driver_msgs) by extensions ['colcon_pkg']
[0.427s] Level 1:colcon.colcon_core.package_identification:_identify(src/vlm_driver_msgs) by extension 'colcon_pkg'
[0.427s] Level 1:colcon.colcon_core.package_identification:_identify(src/vlm_driver_msgs) by extensions ['colcon_meta']
[0.427s] Level 1:colcon.colcon_core.package_identification:_identify(src/vlm_driver_msgs) by extension 'colcon_meta'
[0.427s] Level 1:colcon.colcon_core.package_identification:_identify(src/vlm_driver_msgs) by extensions ['ros']
[0.427s] Level 1:colcon.colcon_core.package_identification:_identify(src/vlm_driver_msgs) by extension 'ros'
[0.428s] DEBUG:colcon.colcon_core.package_identification:Package 'src/vlm_driver_msgs' with type 'ros.ament_cmake' and name 'vlm_driver_msgs'
[0.429s] Level 1:colcon.colcon_core.package_discovery:discover_packages(recursive) using defaults
[0.429s] Level 1:colcon.colcon_core.package_discovery:discover_packages(ignore) discover
[0.429s] Level 1:colcon.colcon_core.package_discovery:discover_packages(ignore) using defaults
[0.429s] Level 1:colcon.colcon_core.package_discovery:discover_packages(path) discover
[0.429s] Level 1:colcon.colcon_core.package_discovery:discover_packages(path) using defaults
[0.458s] INFO:colcon.colcon_core.package_selection:Skipping not selected package 'vesc_bridge' in 'src/vesc_bridge'
[0.458s] INFO:colcon.colcon_core.package_selection:Skipping not selected package 'vlm_driver_msgs' in 'src/vlm_driver_msgs'
[0.458s] INFO:colcon.colcon_core.package_selection:Skipping not selected package 'baseline_cv' in 'src/baseline_cv'
[0.459s] Level 1:colcon.colcon_core.package_discovery:discover_packages(prefix_path) check parameters
[0.459s] Level 1:colcon.colcon_core.package_discovery:discover_packages(prefix_path) discover
[0.460s] Level 1:colcon.colcon_core.package_discovery:discover_packages(prefix_path) using defaults
[0.462s] Level 5:colcon.colcon_core.verb:set package 'command_mapper' build argument 'cmake_args' from command line to 'None'
[0.462s] Level 5:colcon.colcon_core.verb:set package 'command_mapper' build argument 'cmake_target' from command line to 'None'
[0.462s] Level 5:colcon.colcon_core.verb:set package 'command_mapper' build argument 'cmake_target_skip_unavailable' from command line to 'False'
[0.462s] Level 5:colcon.colcon_core.verb:set package 'command_mapper' build argument 'cmake_clean_cache' from command line to 'False'
[0.462s] Level 5:colcon.colcon_core.verb:set package 'command_mapper' build argument 'cmake_clean_first' from command line to 'False'
[0.462s] Level 5:colcon.colcon_core.verb:set package 'command_mapper' build argument 'cmake_force_configure' from command line to 'False'
[0.462s] Level 5:colcon.colcon_core.verb:set package 'command_mapper' build argument 'ament_cmake_args' from command line to 'None'
[0.462s] Level 5:colcon.colcon_core.verb:set package 'command_mapper' build argument 'catkin_cmake_args' from command line to 'None'
[0.462s] Level 5:colcon.colcon_core.verb:set package 'command_mapper' build argument 'catkin_skip_building_tests' from command line to 'False'
[0.462s] DEBUG:colcon.colcon_core.verb:Building package 'command_mapper' with the following arguments: {'ament_cmake_args': None, 'build_base': '/home/samaviajaffery/project_ws/build/command_mapper', 'catkin_cmake_args': None, 'catkin_skip_building_tests': False, 'cmake_args': None, 'cmake_clean_cache': False, 'cmake_clean_first': False, 'cmake_force_configure': False, 'cmake_target': None, 'cmake_target_skip_unavailable': False, 'install_base': '/home/samaviajaffery/project_ws/install/command_mapper', 'merge_install': False, 'path': '/home/samaviajaffery/project_ws/src/command_mapper', 'symlink_install': False, 'test_result_base': None}
[0.463s] INFO:colcon.colcon_core.executor:Executing jobs using 'parallel' executor
[0.464s] DEBUG:colcon.colcon_parallel_executor.executor.parallel:run_until_complete
[0.465s] INFO:colcon.colcon_ros.task.ament_python.build:Building ROS package in '/home/samaviajaffery/project_ws/src/command_mapper' with build type 'ament_python'
[0.465s] Level 1:colcon.colcon_core.shell:create_environment_hook('command_mapper', 'ament_prefix_path')
[0.469s] INFO:colcon.colcon_core.plugin_system:Skipping extension 'colcon_core.shell.bat': Not used on non-Windows systems
[0.469s] INFO:colcon.colcon_core.shell:Creating environment hook '/home/samaviajaffery/project_ws/install/command_mapper/share/command_mapper/hook/ament_prefix_path.ps1'
[0.471s] INFO:colcon.colcon_core.shell:Creating environment descriptor '/home/samaviajaffery/project_ws/install/command_mapper/share/command_mapper/hook/ament_prefix_path.dsv'
[0.472s] INFO:colcon.colcon_core.shell:Creating environment hook '/home/samaviajaffery/project_ws/install/command_mapper/share/command_mapper/hook/ament_prefix_path.sh'
[0.474s] INFO:colcon.colcon_core.shell:Skip shell extension 'powershell' for command environment: Not usable outside of PowerShell
[0.474s] DEBUG:colcon.colcon_core.shell:Skip shell extension 'dsv' for command environment
[0.956s] INFO:colcon.colcon_core.task.python.build:Building Python package in '/home/samaviajaffery/project_ws/src/command_mapper'
[0.957s] INFO:colcon.colcon_core.shell:Skip shell extension 'powershell' for command environment: Not usable outside of PowerShell
[0.957s] DEBUG:colcon.colcon_core.shell:Skip shell extension 'dsv' for command environment
[1.680s] DEBUG:colcon.colcon_core.event_handler.log_command:Invoking command in '/home/samaviajaffery/project_ws/src/command_mapper': AMENT_PREFIX_PATH=/home/samaviajaffery/project_ws/install/vlm_driver_msgs CMAKE_PREFIX_PATH=/home/samaviajaffery/project_ws/install/vlm_driver_msgs LD_LIBRARY_PATH=/home/samaviajaffery/project_ws/install/vlm_driver_msgs/lib PYTHONPATH=/home/samaviajaffery/project_ws/build/command_mapper/prefix_override:/usr/lib/python3/dist-packages/colcon_core/task/python/colcon_distutils_commands:/home/samaviajaffery/project_ws/install/command_mapper/lib/python3.10/site-packages:/home/samaviajaffery/project_ws/install/vlm_driver_msgs/local/lib/python3.10/dist-packages /usr/bin/python3 -W ignore:setup.py install is deprecated -W ignore:easy_install command is deprecated setup.py egg_info --egg-base ../../build/command_mapper build --build-base /home/samaviajaffery/project_ws/build/command_mapper/build install --record /home/samaviajaffery/project_ws/build/command_mapper/install.log --single-version-externally-managed install_data
[2.126s] DEBUG:colcon.colcon_core.event_handler.log_command:Invoked command in '/home/samaviajaffery/project_ws/src/command_mapper' returned '0': AMENT_PREFIX_PATH=/home/samaviajaffery/project_ws/install/vlm_driver_msgs CMAKE_PREFIX_PATH=/home/samaviajaffery/project_ws/install/vlm_driver_msgs LD_LIBRARY_PATH=/home/samaviajaffery/project_ws/install/vlm_driver_msgs/lib PYTHONPATH=/home/samaviajaffery/project_ws/build/command_mapper/prefix_override:/usr/lib/python3/dist-packages/colcon_core/task/python/colcon_distutils_commands:/home/samaviajaffery/project_ws/install/command_mapper/lib/python3.10/site-packages:/home/samaviajaffery/project_ws/install/vlm_driver_msgs/local/lib/python3.10/dist-packages /usr/bin/python3 -W ignore:setup.py install is deprecated -W ignore:easy_install command is deprecated setup.py egg_info --egg-base ../../build/command_mapper build --build-base /home/samaviajaffery/project_ws/build/command_mapper/build install --record /home/samaviajaffery/project_ws/build/command_mapper/install.log --single-version-externally-managed install_data
[2.155s] Level 1:colcon.colcon_core.environment:checking '/home/samaviajaffery/project_ws/install/command_mapper' for CMake module files
[2.157s] Level 1:colcon.colcon_core.environment:checking '/home/samaviajaffery/project_ws/install/command_mapper' for CMake config files
[2.158s] Level 1:colcon.colcon_core.environment:checking '/home/samaviajaffery/project_ws/install/command_mapper/lib'
[2.158s] Level 1:colcon.colcon_core.environment:checking '/home/samaviajaffery/project_ws/install/command_mapper/bin'
[2.158s] Level 1:colcon.colcon_core.environment:checking '/home/samaviajaffery/project_ws/install/command_mapper/lib/pkgconfig/command_mapper.pc'
[2.159s] Level 1:colcon.colcon_core.environment:checking '/home/samaviajaffery/project_ws/install/command_mapper/lib/python3.10/site-packages'
[2.159s] Level 1:colcon.colcon_core.shell:create_environment_hook('command_mapper', 'pythonpath')
[2.159s] INFO:colcon.colcon_core.shell:Creating environment hook '/home/samaviajaffery/project_ws/install/command_mapper/share/command_mapper/hook/pythonpath.ps1'
[2.160s] INFO:colcon.colcon_core.shell:Creating environment descriptor '/home/samaviajaffery/project_ws/install/command_mapper/share/command_mapper/hook/pythonpath.dsv'
[2.161s] INFO:colcon.colcon_core.shell:Creating environment hook '/home/samaviajaffery/project_ws/install/command_mapper/share/command_mapper/hook/pythonpath.sh'
[2.162s] Level 1:colcon.colcon_core.environment:checking '/home/samaviajaffery/project_ws/install/command_mapper/bin'
[2.162s] Level 1:colcon.colcon_core.environment:create_environment_scripts_only(command_mapper)
[2.163s] INFO:colcon.colcon_core.shell:Creating package script '/home/samaviajaffery/project_ws/install/command_mapper/share/command_mapper/package.ps1'
[2.165s] INFO:colcon.colcon_core.shell:Creating package descriptor '/home/samaviajaffery/project_ws/install/command_mapper/share/command_mapper/package.dsv'
[2.167s] INFO:colcon.colcon_core.shell:Creating package script '/home/samaviajaffery/project_ws/install/command_mapper/share/command_mapper/package.sh'
[2.170s] INFO:colcon.colcon_core.shell:Creating package script '/home/samaviajaffery/project_ws/install/command_mapper/share/command_mapper/package.bash'
[2.172s] INFO:colcon.colcon_core.shell:Creating package script '/home/samaviajaffery/project_ws/install/command_mapper/share/command_mapper/package.zsh'
[2.174s] Level 1:colcon.colcon_core.environment:create_file_with_runtime_dependencies(/home/samaviajaffery/project_ws/install/command_mapper/share/colcon-core/packages/command_mapper)
[2.175s] DEBUG:colcon.colcon_parallel_executor.executor.parallel:closing loop
[2.175s] DEBUG:colcon.colcon_parallel_executor.executor.parallel:loop closed
[2.175s] DEBUG:colcon.colcon_parallel_executor.executor.parallel:run_until_complete finished with '0'
[2.176s] DEBUG:colcon.colcon_core.event_reactor:joining thread
[2.186s] INFO:colcon.colcon_core.plugin_system:Skipping extension 'colcon_notification.desktop_notification.terminal_notifier': Not used on non-Darwin systems
[2.186s] INFO:colcon.colcon_core.plugin_system:Skipping extension 'colcon_notification.desktop_notification.win32': Not used on non-Windows systems
[2.187s] INFO:colcon.colcon_notification.desktop_notification:Sending desktop notification using 'notify2'
[2.209s] DEBUG:colcon.colcon_core.event_reactor:joined thread
[2.210s] INFO:colcon.colcon_core.shell:Creating prefix script '/home/samaviajaffery/project_ws/install/local_setup.ps1'
[2.213s] INFO:colcon.colcon_core.shell:Creating prefix util module '/home/samaviajaffery/project_ws/install/_local_setup_util_ps1.py'
[2.218s] INFO:colcon.colcon_core.shell:Creating prefix chain script '/home/samaviajaffery/project_ws/install/setup.ps1'
[2.225s] INFO:colcon.colcon_core.shell:Creating prefix script '/home/samaviajaffery/project_ws/install/local_setup.sh'
[2.228s] INFO:colcon.colcon_core.shell:Creating prefix util module '/home/samaviajaffery/project_ws/install/_local_setup_util_sh.py'
[2.230s] INFO:colcon.colcon_core.shell:Creating prefix chain script '/home/samaviajaffery/project_ws/install/setup.sh'
[2.233s] INFO:colcon.colcon_core.shell:Creating prefix script '/home/samaviajaffery/project_ws/install/local_setup.bash'
[2.236s] INFO:colcon.colcon_core.shell:Creating prefix chain script '/home/samaviajaffery/project_ws/install/setup.bash'
[2.238s] INFO:colcon.colcon_core.shell:Creating prefix script '/home/samaviajaffery/project_ws/install/local_setup.zsh'
[2.240s] INFO:colcon.colcon_core.shell:Creating prefix chain script '/home/samaviajaffery/project_ws/install/setup.zsh'
