[1.749s] Invoking command in '/home/samaviajaffery/project_ws/src/command_mapper': PYTHONPATH=/home/samaviajaffery/project_ws/build/command_mapper/prefix_override:/usr/lib/python3/dist-packages/colcon_core/task/python/colcon_distutils_commands:/home/samaviajaffery/project_ws/install/command_mapper/lib/python3.10/site-packages:${PYTHONPATH} /usr/bin/python3 -W ignore:setup.py install is deprecated -W ignore:easy_install command is deprecated setup.py egg_info --egg-base ../../build/command_mapper build --build-base /home/samaviajaffery/project_ws/build/command_mapper/build install --record /home/samaviajaffery/project_ws/build/command_mapper/install.log --single-version-externally-managed install_data
[2.272s] running egg_info
[2.274s] writing ../../build/command_mapper/command_mapper.egg-info/PKG-INFO
[2.277s] writing dependency_links to ../../build/command_mapper/command_mapper.egg-info/dependency_links.txt
[2.277s] writing entry points to ../../build/command_mapper/command_mapper.egg-info/entry_points.txt
[2.277s] writing requirements to ../../build/command_mapper/command_mapper.egg-info/requires.txt
[2.278s] writing top-level names to ../../build/command_mapper/command_mapper.egg-info/top_level.txt
[2.282s] reading manifest file '../../build/command_mapper/command_mapper.egg-info/SOURCES.txt'
[2.284s] writing manifest file '../../build/command_mapper/command_mapper.egg-info/SOURCES.txt'
[2.286s] running build
[2.286s] running build_py
[2.286s] copying command_mapper/mapper_node.py -> /home/samaviajaffery/project_ws/build/command_mapper/build/lib/command_mapper
[2.288s] running install
[2.288s] running install_lib
[2.290s] copying /home/samaviajaffery/project_ws/build/command_mapper/build/lib/command_mapper/mapper_node.py -> /home/samaviajaffery/project_ws/install/command_mapper/lib/python3.10/site-packages/command_mapper
[2.291s] byte-compiling /home/samaviajaffery/project_ws/install/command_mapper/lib/python3.10/site-packages/command_mapper/mapper_node.py to mapper_node.cpython-310.pyc
[2.295s] running install_data
[2.295s] running install_egg_info
[2.298s] removing '/home/samaviajaffery/project_ws/install/command_mapper/lib/python3.10/site-packages/command_mapper-0.0.0-py3.10.egg-info' (and everything under it)
[2.306s] Copying ../../build/command_mapper/command_mapper.egg-info to /home/samaviajaffery/project_ws/install/command_mapper/lib/python3.10/site-packages/command_mapper-0.0.0-py3.10.egg-info
[2.312s] running install_scripts
[2.413s] Installing mapper_node script to /home/samaviajaffery/project_ws/install/command_mapper/lib/command_mapper
[2.415s] writing list of installed files to '/home/samaviajaffery/project_ws/build/command_mapper/install.log'
[2.477s] Invoked command in '/home/samaviajaffery/project_ws/src/command_mapper' returned '0': PYTHONPATH=/home/samaviajaffery/project_ws/build/command_mapper/prefix_override:/usr/lib/python3/dist-packages/colcon_core/task/python/colcon_distutils_commands:/home/samaviajaffery/project_ws/install/command_mapper/lib/python3.10/site-packages:${PYTHONPATH} /usr/bin/python3 -W ignore:setup.py install is deprecated -W ignore:easy_install command is deprecated setup.py egg_info --egg-base ../../build/command_mapper build --build-base /home/samaviajaffery/project_ws/build/command_mapper/build install --record /home/samaviajaffery/project_ws/build/command_mapper/install.log --single-version-externally-managed install_data
