[1.324s] Invoking command in '/home/samaviajaffery/project_ws/src/model_oa': PYTHONPATH=/home/samaviajaffery/project_ws/build/model_oa/prefix_override:/usr/lib/python3/dist-packages/colcon_core/task/python/colcon_distutils_commands:/home/samaviajaffery/project_ws/install/model_oa/lib/python3.10/site-packages:${PYTHONPATH} /usr/bin/python3 -W ignore:setup.py install is deprecated -W ignore:easy_install command is deprecated setup.py egg_info --egg-base ../../build/model_oa build --build-base /home/samaviajaffery/project_ws/build/model_oa/build install --record /home/samaviajaffery/project_ws/build/model_oa/install.log --single-version-externally-managed install_data
[1.863s] running egg_info
[1.864s] writing ../../build/model_oa/model_oa.egg-info/PKG-INFO
[1.865s] writing dependency_links to ../../build/model_oa/model_oa.egg-info/dependency_links.txt
[1.866s] writing entry points to ../../build/model_oa/model_oa.egg-info/entry_points.txt
[1.866s] writing requirements to ../../build/model_oa/model_oa.egg-info/requires.txt
[1.867s] writing top-level names to ../../build/model_oa/model_oa.egg-info/top_level.txt
[1.871s] reading manifest file '../../build/model_oa/model_oa.egg-info/SOURCES.txt'
[1.872s] writing manifest file '../../build/model_oa/model_oa.egg-info/SOURCES.txt'
[1.873s] running build
[1.873s] running build_py
[1.874s] running install
[1.874s] running install_lib
[1.876s] running install_data
[1.877s] running install_egg_info
[1.879s] removing '/home/samaviajaffery/project_ws/install/model_oa/lib/python3.10/site-packages/model_oa-0.0.0-py3.10.egg-info' (and everything under it)
[1.879s] Copying ../../build/model_oa/model_oa.egg-info to /home/samaviajaffery/project_ws/install/model_oa/lib/python3.10/site-packages/model_oa-0.0.0-py3.10.egg-info
[1.880s] running install_scripts
[1.908s] Installing model_oa_client script to /home/samaviajaffery/project_ws/install/model_oa/lib/model_oa
[1.909s] writing list of installed files to '/home/samaviajaffery/project_ws/build/model_oa/install.log'
[1.946s] Invoked command in '/home/samaviajaffery/project_ws/src/model_oa' returned '0': PYTHONPATH=/home/samaviajaffery/project_ws/build/model_oa/prefix_override:/usr/lib/python3/dist-packages/colcon_core/task/python/colcon_distutils_commands:/home/samaviajaffery/project_ws/install/model_oa/lib/python3.10/site-packages:${PYTHONPATH} /usr/bin/python3 -W ignore:setup.py install is deprecated -W ignore:easy_install command is deprecated setup.py egg_info --egg-base ../../build/model_oa build --build-base /home/samaviajaffery/project_ws/build/model_oa/build install --record /home/samaviajaffery/project_ws/build/model_oa/install.log --single-version-externally-managed install_data
