running egg_info
writing ../../build/baseline_cv/baseline_cv.egg-info/PKG-INFO
writing dependency_links to ../../build/baseline_cv/baseline_cv.egg-info/dependency_links.txt
writing entry points to ../../build/baseline_cv/baseline_cv.egg-info/entry_points.txt
writing requirements to ../../build/baseline_cv/baseline_cv.egg-info/requires.txt
writing top-level names to ../../build/baseline_cv/baseline_cv.egg-info/top_level.txt
reading manifest file '../../build/baseline_cv/baseline_cv.egg-info/SOURCES.txt'
writing manifest file '../../build/baseline_cv/baseline_cv.egg-info/SOURCES.txt'
running build
running build_py
running install
running install_lib
running install_data
running install_egg_info
removing '/home/samaviajaffery/project_ws/install/baseline_cv/lib/python3.10/site-packages/baseline_cv-0.0.0-py3.10.egg-info' (and everything under it)
Copying ../../build/baseline_cv/baseline_cv.egg-info to /home/samaviajaffery/project_ws/install/baseline_cv/lib/python3.10/site-packages/baseline_cv-0.0.0-py3.10.egg-info
running install_scripts
Installing baseline_node script to /home/samaviajaffery/project_ws/install/baseline_cv/lib/baseline_cv
Installing fake_camera_pub script to /home/samaviajaffery/project_ws/install/baseline_cv/lib/baseline_cv
writing list of installed files to '/home/samaviajaffery/project_ws/build/baseline_cv/install.log'
