[1.731s] Invoking command in '/home/samaviajaffery/project_ws/src/baseline_cv': PYTHONPATH=/home/samaviajaffery/project_ws/build/baseline_cv/prefix_override:/usr/lib/python3/dist-packages/colcon_core/task/python/colcon_distutils_commands:/home/samaviajaffery/project_ws/install/baseline_cv/lib/python3.10/site-packages:${PYTHONPATH} /usr/bin/python3 -W ignore:setup.py install is deprecated -W ignore:easy_install command is deprecated setup.py egg_info --egg-base ../../build/baseline_cv build --build-base /home/samaviajaffery/project_ws/build/baseline_cv/build install --record /home/samaviajaffery/project_ws/build/baseline_cv/install.log --single-version-externally-managed install_data
[2.479s] running egg_info
[2.481s] writing ../../build/baseline_cv/baseline_cv.egg-info/PKG-INFO
[2.483s] writing dependency_links to ../../build/baseline_cv/baseline_cv.egg-info/dependency_links.txt
[2.485s] writing entry points to ../../build/baseline_cv/baseline_cv.egg-info/entry_points.txt
[2.487s] writing requirements to ../../build/baseline_cv/baseline_cv.egg-info/requires.txt
[2.491s] writing top-level names to ../../build/baseline_cv/baseline_cv.egg-info/top_level.txt
[2.496s] reading manifest file '../../build/baseline_cv/baseline_cv.egg-info/SOURCES.txt'
[2.498s] writing manifest file '../../build/baseline_cv/baseline_cv.egg-info/SOURCES.txt'
[2.500s] running build
[2.502s] running build_py
[2.502s] running install
[2.503s] running install_lib
[2.505s] running install_data
[2.506s] running install_egg_info
[2.510s] removing '/home/samaviajaffery/project_ws/install/baseline_cv/lib/python3.10/site-packages/baseline_cv-0.0.0-py3.10.egg-info' (and everything under it)
[2.517s] Copying ../../build/baseline_cv/baseline_cv.egg-info to /home/samaviajaffery/project_ws/install/baseline_cv/lib/python3.10/site-packages/baseline_cv-0.0.0-py3.10.egg-info
[2.519s] running install_scripts
[2.616s] Installing baseline_node script to /home/samaviajaffery/project_ws/install/baseline_cv/lib/baseline_cv
[2.618s] Installing fake_camera_pub script to /home/samaviajaffery/project_ws/install/baseline_cv/lib/baseline_cv
[2.619s] writing list of installed files to '/home/samaviajaffery/project_ws/build/baseline_cv/install.log'
[3.107s] Invoked command in '/home/samaviajaffery/project_ws/src/baseline_cv' returned '0': PYTHONPATH=/home/samaviajaffery/project_ws/build/baseline_cv/prefix_override:/usr/lib/python3/dist-packages/colcon_core/task/python/colcon_distutils_commands:/home/samaviajaffery/project_ws/install/baseline_cv/lib/python3.10/site-packages:${PYTHONPATH} /usr/bin/python3 -W ignore:setup.py install is deprecated -W ignore:easy_install command is deprecated setup.py egg_info --egg-base ../../build/baseline_cv build --build-base /home/samaviajaffery/project_ws/build/baseline_cv/build install --record /home/samaviajaffery/project_ws/build/baseline_cv/install.log --single-version-externally-managed install_data
