[0.031s] Invoking command in '/home/samaviajaffery/project_ws/build/vlm_driver_msgs': CMAKE_PREFIX_PATH=${CMAKE_PREFIX_PATH}:/home/samaviajaffery/project_ws/install/model_oa:/home/samaviajaffery/project_ws/install/command_mapper:/home/samaviajaffery/project_ws/install/baseline_cv:/home/samaviajaffery/project_ws/install/vesc_bridge:/opt/ros/humble /usr/bin/cmake --build /home/samaviajaffery/project_ws/build/vlm_driver_msgs -- -j2 -l2
[0.155s] [  2%] Built target vlm_driver_msgs__cpp
[0.161s] [35m[1mConsolidate compiler generated dependencies of target vlm_driver_msgs__rosidl_generator_c[0m
[0.205s] [ 12%] Built target vlm_driver_msgs__rosidl_generator_c
[0.256s] [35m[1mConsolidate compiler generated dependencies of target vlm_driver_msgs__rosidl_typesupport_cpp[0m
[0.287s] [ 12%] Built target ament_cmake_python_copy_vlm_driver_msgs
[0.291s] [ 23%] Built target vlm_driver_msgs__rosidl_typesupport_cpp
[0.311s] [35m[1mConsolidate compiler generated dependencies of target vlm_driver_msgs__rosidl_typesupport_introspection_c[0m
[0.347s] [ 33%] Built target vlm_driver_msgs__rosidl_typesupport_introspection_c
[0.353s] [35m[1mConsolidate compiler generated dependencies of target vlm_driver_msgs__rosidl_typesupport_fastrtps_c[0m
[0.399s] [35m[1mConsolidate compiler generated dependencies of target vlm_driver_msgs__rosidl_typesupport_c[0m
[0.422s] [ 43%] Built target vlm_driver_msgs__rosidl_typesupport_fastrtps_c
[0.471s] [ 53%] Built target vlm_driver_msgs__rosidl_typesupport_c
[0.516s] [35m[1mConsolidate compiler generated dependencies of target vlm_driver_msgs__rosidl_typesupport_introspection_cpp[0m
[0.520s] [35m[1mConsolidate compiler generated dependencies of target vlm_driver_msgs__rosidl_typesupport_fastrtps_cpp[0m
[0.578s] [ 64%] Built target vlm_driver_msgs__rosidl_typesupport_introspection_cpp
[0.581s] [ 74%] Built target vlm_driver_msgs__rosidl_typesupport_fastrtps_cpp
[0.628s] [ 74%] Built target vlm_driver_msgs
[0.685s] [ 76%] Built target vlm_driver_msgs__py
[0.713s] [35m[1mConsolidate compiler generated dependencies of target vlm_driver_msgs__rosidl_generator_py[0m
[0.773s] [ 84%] Built target vlm_driver_msgs__rosidl_generator_py
[0.816s] [35m[1mConsolidate compiler generated dependencies of target vlm_driver_msgs__rosidl_typesupport_fastrtps_c__pyext[0m
[0.895s] [ 89%] Built target vlm_driver_msgs__rosidl_typesupport_fastrtps_c__pyext
[1.011s] [35m[1mConsolidate compiler generated dependencies of target vlm_driver_msgs__rosidl_typesupport_introspection_c__pyext[0m
[1.070s] [ 94%] Built target vlm_driver_msgs__rosidl_typesupport_introspection_c__pyext
[1.134s] [35m[1mConsolidate compiler generated dependencies of target vlm_driver_msgs__rosidl_typesupport_c__pyext[0m
[1.204s] [100%] Built target vlm_driver_msgs__rosidl_typesupport_c__pyext
[1.455s] running egg_info
[1.457s] writing vlm_driver_msgs.egg-info/PKG-INFO
[1.459s] writing dependency_links to vlm_driver_msgs.egg-info/dependency_links.txt
[1.459s] writing top-level names to vlm_driver_msgs.egg-info/top_level.txt
[1.466s] reading manifest file 'vlm_driver_msgs.egg-info/SOURCES.txt'
[1.468s] writing manifest file 'vlm_driver_msgs.egg-info/SOURCES.txt'
[1.519s] [100%] Built target ament_cmake_python_build_vlm_driver_msgs_egg
[1.543s] Invoked command in '/home/samaviajaffery/project_ws/build/vlm_driver_msgs' returned '0': CMAKE_PREFIX_PATH=${CMAKE_PREFIX_PATH}:/home/samaviajaffery/project_ws/install/model_oa:/home/samaviajaffery/project_ws/install/command_mapper:/home/samaviajaffery/project_ws/install/baseline_cv:/home/samaviajaffery/project_ws/install/vesc_bridge:/opt/ros/humble /usr/bin/cmake --build /home/samaviajaffery/project_ws/build/vlm_driver_msgs -- -j2 -l2
[1.564s] Invoking command in '/home/samaviajaffery/project_ws/build/vlm_driver_msgs': CMAKE_PREFIX_PATH=${CMAKE_PREFIX_PATH}:/home/samaviajaffery/project_ws/install/model_oa:/home/samaviajaffery/project_ws/install/command_mapper:/home/samaviajaffery/project_ws/install/baseline_cv:/home/samaviajaffery/project_ws/install/vesc_bridge:/opt/ros/humble /usr/bin/cmake --install /home/samaviajaffery/project_ws/build/vlm_driver_msgs
[1.585s] -- Install configuration: ""
[1.585s] -- Up-to-date: /home/samaviajaffery/project_ws/install/vlm_driver_msgs/share/ament_index/resource_index/rosidl_interfaces/vlm_driver_msgs
[1.585s] -- Up-to-date: /home/samaviajaffery/project_ws/install/vlm_driver_msgs/include/vlm_driver_msgs/vlm_driver_msgs
[1.585s] -- Up-to-date: /home/samaviajaffery/project_ws/install/vlm_driver_msgs/include/vlm_driver_msgs/vlm_driver_msgs/msg
[1.585s] -- Up-to-date: /home/samaviajaffery/project_ws/install/vlm_driver_msgs/include/vlm_driver_msgs/vlm_driver_msgs/msg/pipeline_metrics.h
[1.585s] -- Up-to-date: /home/samaviajaffery/project_ws/install/vlm_driver_msgs/include/vlm_driver_msgs/vlm_driver_msgs/msg/rosidl_generator_c__visibility_control.h
[1.585s] -- Up-to-date: /home/samaviajaffery/project_ws/install/vlm_driver_msgs/include/vlm_driver_msgs/vlm_driver_msgs/msg/detail
[1.587s] -- Up-to-date: /home/samaviajaffery/project_ws/install/vlm_driver_msgs/include/vlm_driver_msgs/vlm_driver_msgs/msg/detail/driving_decisions__functions.h
[1.588s] -- Up-to-date: /home/samaviajaffery/project_ws/install/vlm_driver_msgs/include/vlm_driver_msgs/vlm_driver_msgs/msg/detail/pipeline_metrics__functions.c
[1.588s] -- Up-to-date: /home/samaviajaffery/project_ws/install/vlm_driver_msgs/include/vlm_driver_msgs/vlm_driver_msgs/msg/detail/pipeline_metrics__struct.h
[1.588s] -- Up-to-date: /home/samaviajaffery/project_ws/install/vlm_driver_msgs/include/vlm_driver_msgs/vlm_driver_msgs/msg/detail/driving_decisions__struct.h
[1.588s] -- Up-to-date: /home/samaviajaffery/project_ws/install/vlm_driver_msgs/include/vlm_driver_msgs/vlm_driver_msgs/msg/detail/driving_decisions__type_support.h
[1.588s] -- Up-to-date: /home/samaviajaffery/project_ws/install/vlm_driver_msgs/include/vlm_driver_msgs/vlm_driver_msgs/msg/detail/pipeline_metrics__functions.h
[1.588s] -- Up-to-date: /home/samaviajaffery/project_ws/install/vlm_driver_msgs/include/vlm_driver_msgs/vlm_driver_msgs/msg/detail/pipeline_metrics__type_support.h
[1.588s] -- Up-to-date: /home/samaviajaffery/project_ws/install/vlm_driver_msgs/include/vlm_driver_msgs/vlm_driver_msgs/msg/detail/driving_decisions__functions.c
[1.588s] -- Up-to-date: /home/samaviajaffery/project_ws/install/vlm_driver_msgs/include/vlm_driver_msgs/vlm_driver_msgs/msg/driving_decisions.h
[1.588s] -- Up-to-date: /home/samaviajaffery/project_ws/install/vlm_driver_msgs/share/vlm_driver_msgs/environment/library_path.sh
[1.589s] -- Up-to-date: /home/samaviajaffery/project_ws/install/vlm_driver_msgs/share/vlm_driver_msgs/environment/library_path.dsv
[1.589s] -- Up-to-date: /home/samaviajaffery/project_ws/install/vlm_driver_msgs/lib/libvlm_driver_msgs__rosidl_generator_c.so
[1.589s] -- Up-to-date: /home/samaviajaffery/project_ws/install/vlm_driver_msgs/include/vlm_driver_msgs/vlm_driver_msgs
[1.589s] -- Up-to-date: /home/samaviajaffery/project_ws/install/vlm_driver_msgs/include/vlm_driver_msgs/vlm_driver_msgs/msg
[1.589s] -- Up-to-date: /home/samaviajaffery/project_ws/install/vlm_driver_msgs/include/vlm_driver_msgs/vlm_driver_msgs/msg/rosidl_typesupport_fastrtps_c__visibility_control.h
[1.589s] -- Up-to-date: /home/samaviajaffery/project_ws/install/vlm_driver_msgs/include/vlm_driver_msgs/vlm_driver_msgs/msg/detail
[1.589s] -- Up-to-date: /home/samaviajaffery/project_ws/install/vlm_driver_msgs/include/vlm_driver_msgs/vlm_driver_msgs/msg/detail/pipeline_metrics__rosidl_typesupport_fastrtps_c.h
[1.589s] -- Up-to-date: /home/samaviajaffery/project_ws/install/vlm_driver_msgs/include/vlm_driver_msgs/vlm_driver_msgs/msg/detail/driving_decisions__rosidl_typesupport_fastrtps_c.h
[1.589s] -- Up-to-date: /home/samaviajaffery/project_ws/install/vlm_driver_msgs/lib/libvlm_driver_msgs__rosidl_typesupport_fastrtps_c.so
[1.589s] -- Up-to-date: /home/samaviajaffery/project_ws/install/vlm_driver_msgs/include/vlm_driver_msgs/vlm_driver_msgs
[1.589s] -- Up-to-date: /home/samaviajaffery/project_ws/install/vlm_driver_msgs/include/vlm_driver_msgs/vlm_driver_msgs/msg
[1.590s] -- Up-to-date: /home/samaviajaffery/project_ws/install/vlm_driver_msgs/include/vlm_driver_msgs/vlm_driver_msgs/msg/rosidl_typesupport_introspection_c__visibility_control.h
[1.590s] -- Up-to-date: /home/samaviajaffery/project_ws/install/vlm_driver_msgs/include/vlm_driver_msgs/vlm_driver_msgs/msg/detail
[1.590s] -- Up-to-date: /home/samaviajaffery/project_ws/install/vlm_driver_msgs/include/vlm_driver_msgs/vlm_driver_msgs/msg/detail/driving_decisions__type_support.c
[1.590s] -- Up-to-date: /home/samaviajaffery/project_ws/install/vlm_driver_msgs/include/vlm_driver_msgs/vlm_driver_msgs/msg/detail/driving_decisions__rosidl_typesupport_introspection_c.h
[1.590s] -- Up-to-date: /home/samaviajaffery/project_ws/install/vlm_driver_msgs/include/vlm_driver_msgs/vlm_driver_msgs/msg/detail/pipeline_metrics__type_support.c
[1.590s] -- Up-to-date: /home/samaviajaffery/project_ws/install/vlm_driver_msgs/include/vlm_driver_msgs/vlm_driver_msgs/msg/detail/pipeline_metrics__rosidl_typesupport_introspection_c.h
[1.590s] -- Up-to-date: /home/samaviajaffery/project_ws/install/vlm_driver_msgs/lib/libvlm_driver_msgs__rosidl_typesupport_introspection_c.so
[1.590s] -- Up-to-date: /home/samaviajaffery/project_ws/install/vlm_driver_msgs/lib/libvlm_driver_msgs__rosidl_typesupport_c.so
[1.590s] -- Up-to-date: /home/samaviajaffery/project_ws/install/vlm_driver_msgs/include/vlm_driver_msgs/vlm_driver_msgs
[1.590s] -- Up-to-date: /home/samaviajaffery/project_ws/install/vlm_driver_msgs/include/vlm_driver_msgs/vlm_driver_msgs/msg
[1.599s] -- Up-to-date: /home/samaviajaffery/project_ws/install/vlm_driver_msgs/include/vlm_driver_msgs/vlm_driver_msgs/msg/driving_decisions.hpp
[1.599s] -- Up-to-date: /home/samaviajaffery/project_ws/install/vlm_driver_msgs/include/vlm_driver_msgs/vlm_driver_msgs/msg/detail
[1.600s] -- Up-to-date: /home/samaviajaffery/project_ws/install/vlm_driver_msgs/include/vlm_driver_msgs/vlm_driver_msgs/msg/detail/pipeline_metrics__struct.hpp
[1.600s] -- Up-to-date: /home/samaviajaffery/project_ws/install/vlm_driver_msgs/include/vlm_driver_msgs/vlm_driver_msgs/msg/detail/pipeline_metrics__traits.hpp
[1.600s] -- Up-to-date: /home/samaviajaffery/project_ws/install/vlm_driver_msgs/include/vlm_driver_msgs/vlm_driver_msgs/msg/detail/driving_decisions__traits.hpp
[1.600s] -- Up-to-date: /home/samaviajaffery/project_ws/install/vlm_driver_msgs/include/vlm_driver_msgs/vlm_driver_msgs/msg/detail/driving_decisions__builder.hpp
[1.600s] -- Up-to-date: /home/samaviajaffery/project_ws/install/vlm_driver_msgs/include/vlm_driver_msgs/vlm_driver_msgs/msg/detail/pipeline_metrics__builder.hpp
[1.606s] -- Up-to-date: /home/samaviajaffery/project_ws/install/vlm_driver_msgs/include/vlm_driver_msgs/vlm_driver_msgs/msg/detail/pipeline_metrics__type_support.hpp
[1.606s] -- Up-to-date: /home/samaviajaffery/project_ws/install/vlm_driver_msgs/include/vlm_driver_msgs/vlm_driver_msgs/msg/detail/driving_decisions__struct.hpp
[1.606s] -- Up-to-date: /home/samaviajaffery/project_ws/install/vlm_driver_msgs/include/vlm_driver_msgs/vlm_driver_msgs/msg/detail/driving_decisions__type_support.hpp
[1.606s] -- Up-to-date: /home/samaviajaffery/project_ws/install/vlm_driver_msgs/include/vlm_driver_msgs/vlm_driver_msgs/msg/pipeline_metrics.hpp
[1.606s] -- Up-to-date: /home/samaviajaffery/project_ws/install/vlm_driver_msgs/include/vlm_driver_msgs/vlm_driver_msgs/msg/rosidl_generator_cpp__visibility_control.hpp
[1.606s] -- Up-to-date: /home/samaviajaffery/project_ws/install/vlm_driver_msgs/include/vlm_driver_msgs/vlm_driver_msgs
[1.607s] -- Up-to-date: /home/samaviajaffery/project_ws/install/vlm_driver_msgs/include/vlm_driver_msgs/vlm_driver_msgs/msg
[1.607s] -- Up-to-date: /home/samaviajaffery/project_ws/install/vlm_driver_msgs/include/vlm_driver_msgs/vlm_driver_msgs/msg/rosidl_typesupport_fastrtps_cpp__visibility_control.h
[1.607s] -- Up-to-date: /home/samaviajaffery/project_ws/install/vlm_driver_msgs/include/vlm_driver_msgs/vlm_driver_msgs/msg/detail
[1.607s] -- Up-to-date: /home/samaviajaffery/project_ws/install/vlm_driver_msgs/include/vlm_driver_msgs/vlm_driver_msgs/msg/detail/pipeline_metrics__rosidl_typesupport_fastrtps_cpp.hpp
[1.607s] -- Up-to-date: /home/samaviajaffery/project_ws/install/vlm_driver_msgs/include/vlm_driver_msgs/vlm_driver_msgs/msg/detail/driving_decisions__rosidl_typesupport_fastrtps_cpp.hpp
[1.607s] -- Up-to-date: /home/samaviajaffery/project_ws/install/vlm_driver_msgs/include/vlm_driver_msgs/vlm_driver_msgs/msg/detail/dds_fastrtps
[1.607s] -- Up-to-date: /home/samaviajaffery/project_ws/install/vlm_driver_msgs/lib/libvlm_driver_msgs__rosidl_typesupport_fastrtps_cpp.so
[1.607s] -- Up-to-date: /home/samaviajaffery/project_ws/install/vlm_driver_msgs/include/vlm_driver_msgs/vlm_driver_msgs
[1.607s] -- Up-to-date: /home/samaviajaffery/project_ws/install/vlm_driver_msgs/include/vlm_driver_msgs/vlm_driver_msgs/msg
[1.607s] -- Up-to-date: /home/samaviajaffery/project_ws/install/vlm_driver_msgs/include/vlm_driver_msgs/vlm_driver_msgs/msg/detail
[1.607s] -- Up-to-date: /home/samaviajaffery/project_ws/install/vlm_driver_msgs/include/vlm_driver_msgs/vlm_driver_msgs/msg/detail/driving_decisions__rosidl_typesupport_introspection_cpp.hpp
[1.608s] -- Up-to-date: /home/samaviajaffery/project_ws/install/vlm_driver_msgs/include/vlm_driver_msgs/vlm_driver_msgs/msg/detail/pipeline_metrics__rosidl_typesupport_introspection_cpp.hpp
[1.610s] -- Up-to-date: /home/samaviajaffery/project_ws/install/vlm_driver_msgs/include/vlm_driver_msgs/vlm_driver_msgs/msg/detail/pipeline_metrics__type_support.cpp
[1.610s] -- Up-to-date: /home/samaviajaffery/project_ws/install/vlm_driver_msgs/include/vlm_driver_msgs/vlm_driver_msgs/msg/detail/driving_decisions__type_support.cpp
[1.610s] -- Up-to-date: /home/samaviajaffery/project_ws/install/vlm_driver_msgs/lib/libvlm_driver_msgs__rosidl_typesupport_introspection_cpp.so
[1.610s] -- Up-to-date: /home/samaviajaffery/project_ws/install/vlm_driver_msgs/lib/libvlm_driver_msgs__rosidl_typesupport_cpp.so
[1.610s] -- Up-to-date: /home/samaviajaffery/project_ws/install/vlm_driver_msgs/share/vlm_driver_msgs/environment/pythonpath.sh
[1.610s] -- Up-to-date: /home/samaviajaffery/project_ws/install/vlm_driver_msgs/share/vlm_driver_msgs/environment/pythonpath.dsv
[1.610s] -- Up-to-date: /home/samaviajaffery/project_ws/install/vlm_driver_msgs/local/lib/python3.10/dist-packages/vlm_driver_msgs-0.0.0-py3.10.egg-info
[1.610s] -- Installing: /home/samaviajaffery/project_ws/install/vlm_driver_msgs/local/lib/python3.10/dist-packages/vlm_driver_msgs-0.0.0-py3.10.egg-info/PKG-INFO
[1.611s] -- Installing: /home/samaviajaffery/project_ws/install/vlm_driver_msgs/local/lib/python3.10/dist-packages/vlm_driver_msgs-0.0.0-py3.10.egg-info/top_level.txt
[1.611s] -- Installing: /home/samaviajaffery/project_ws/install/vlm_driver_msgs/local/lib/python3.10/dist-packages/vlm_driver_msgs-0.0.0-py3.10.egg-info/SOURCES.txt
[1.611s] -- Installing: /home/samaviajaffery/project_ws/install/vlm_driver_msgs/local/lib/python3.10/dist-packages/vlm_driver_msgs-0.0.0-py3.10.egg-info/dependency_links.txt
[1.611s] -- Up-to-date: /home/samaviajaffery/project_ws/install/vlm_driver_msgs/local/lib/python3.10/dist-packages/vlm_driver_msgs
[1.611s] -- Up-to-date: /home/samaviajaffery/project_ws/install/vlm_driver_msgs/local/lib/python3.10/dist-packages/vlm_driver_msgs/_vlm_driver_msgs_s.ep.rosidl_typesupport_fastrtps_c.c
[1.611s] -- Up-to-date: /home/samaviajaffery/project_ws/install/vlm_driver_msgs/local/lib/python3.10/dist-packages/vlm_driver_msgs/msg
[1.611s] -- Up-to-date: /home/samaviajaffery/project_ws/install/vlm_driver_msgs/local/lib/python3.10/dist-packages/vlm_driver_msgs/msg/_driving_decisions_s.c
[1.611s] -- Up-to-date: /home/samaviajaffery/project_ws/install/vlm_driver_msgs/local/lib/python3.10/dist-packages/vlm_driver_msgs/msg/_pipeline_metrics_s.c
[1.611s] -- Up-to-date: /home/samaviajaffery/project_ws/install/vlm_driver_msgs/local/lib/python3.10/dist-packages/vlm_driver_msgs/msg/_pipeline_metrics.py
[1.611s] -- Up-to-date: /home/samaviajaffery/project_ws/install/vlm_driver_msgs/local/lib/python3.10/dist-packages/vlm_driver_msgs/msg/_driving_decisions.py
[1.611s] -- Up-to-date: /home/samaviajaffery/project_ws/install/vlm_driver_msgs/local/lib/python3.10/dist-packages/vlm_driver_msgs/msg/__init__.py
[1.612s] -- Up-to-date: /home/samaviajaffery/project_ws/install/vlm_driver_msgs/local/lib/python3.10/dist-packages/vlm_driver_msgs/vlm_driver_msgs_s__rosidl_typesupport_fastrtps_c.cpython-310-x86_64-linux-gnu.so
[1.614s] -- Up-to-date: /home/samaviajaffery/project_ws/install/vlm_driver_msgs/local/lib/python3.10/dist-packages/vlm_driver_msgs/_vlm_driver_msgs_s.ep.rosidl_typesupport_introspection_c.c
[1.614s] -- Up-to-date: /home/samaviajaffery/project_ws/install/vlm_driver_msgs/local/lib/python3.10/dist-packages/vlm_driver_msgs/vlm_driver_msgs_s__rosidl_typesupport_introspection_c.cpython-310-x86_64-linux-gnu.so
[1.614s] -- Up-to-date: /home/samaviajaffery/project_ws/install/vlm_driver_msgs/local/lib/python3.10/dist-packages/vlm_driver_msgs/libvlm_driver_msgs__rosidl_generator_py.so
[1.615s] -- Up-to-date: /home/samaviajaffery/project_ws/install/vlm_driver_msgs/local/lib/python3.10/dist-packages/vlm_driver_msgs/vlm_driver_msgs_s__rosidl_typesupport_c.cpython-310-x86_64-linux-gnu.so
[1.615s] -- Up-to-date: /home/samaviajaffery/project_ws/install/vlm_driver_msgs/local/lib/python3.10/dist-packages/vlm_driver_msgs/_vlm_driver_msgs_s.ep.rosidl_typesupport_c.c
[1.615s] -- Up-to-date: /home/samaviajaffery/project_ws/install/vlm_driver_msgs/local/lib/python3.10/dist-packages/vlm_driver_msgs/__init__.py
[1.667s] Listing '/home/samaviajaffery/project_ws/install/vlm_driver_msgs/local/lib/python3.10/dist-packages/vlm_driver_msgs'...
[1.667s] Listing '/home/samaviajaffery/project_ws/install/vlm_driver_msgs/local/lib/python3.10/dist-packages/vlm_driver_msgs/msg'...
[1.683s] -- Up-to-date: /home/samaviajaffery/project_ws/install/vlm_driver_msgs/local/lib/python3.10/dist-packages/vlm_driver_msgs/vlm_driver_msgs_s__rosidl_typesupport_fastrtps_c.cpython-310-x86_64-linux-gnu.so
[1.683s] -- Up-to-date: /home/samaviajaffery/project_ws/install/vlm_driver_msgs/local/lib/python3.10/dist-packages/vlm_driver_msgs/vlm_driver_msgs_s__rosidl_typesupport_introspection_c.cpython-310-x86_64-linux-gnu.so
[1.683s] -- Up-to-date: /home/samaviajaffery/project_ws/install/vlm_driver_msgs/local/lib/python3.10/dist-packages/vlm_driver_msgs/vlm_driver_msgs_s__rosidl_typesupport_c.cpython-310-x86_64-linux-gnu.so
[1.683s] -- Up-to-date: /home/samaviajaffery/project_ws/install/vlm_driver_msgs/lib/libvlm_driver_msgs__rosidl_generator_py.so
[1.683s] -- Up-to-date: /home/samaviajaffery/project_ws/install/vlm_driver_msgs/share/vlm_driver_msgs/msg/DrivingDecisions.idl
[1.684s] -- Up-to-date: /home/samaviajaffery/project_ws/install/vlm_driver_msgs/share/vlm_driver_msgs/msg/PipelineMetrics.idl
[1.692s] -- Up-to-date: /home/samaviajaffery/project_ws/install/vlm_driver_msgs/share/vlm_driver_msgs/msg/DrivingDecisions.msg
[1.692s] -- Up-to-date: /home/samaviajaffery/project_ws/install/vlm_driver_msgs/share/vlm_driver_msgs/msg/PipelineMetrics.msg
[1.692s] -- Up-to-date: /home/samaviajaffery/project_ws/install/vlm_driver_msgs/share/ament_index/resource_index/package_run_dependencies/vlm_driver_msgs
[1.693s] -- Up-to-date: /home/samaviajaffery/project_ws/install/vlm_driver_msgs/share/ament_index/resource_index/parent_prefix_path/vlm_driver_msgs
[1.696s] -- Up-to-date: /home/samaviajaffery/project_ws/install/vlm_driver_msgs/share/vlm_driver_msgs/environment/ament_prefix_path.sh
[1.697s] -- Up-to-date: /home/samaviajaffery/project_ws/install/vlm_driver_msgs/share/vlm_driver_msgs/environment/ament_prefix_path.dsv
[1.700s] -- Up-to-date: /home/samaviajaffery/project_ws/install/vlm_driver_msgs/share/vlm_driver_msgs/environment/path.sh
[1.702s] -- Up-to-date: /home/samaviajaffery/project_ws/install/vlm_driver_msgs/share/vlm_driver_msgs/environment/path.dsv
[1.703s] -- Up-to-date: /home/samaviajaffery/project_ws/install/vlm_driver_msgs/share/vlm_driver_msgs/local_setup.bash
[1.703s] -- Up-to-date: /home/samaviajaffery/project_ws/install/vlm_driver_msgs/share/vlm_driver_msgs/local_setup.sh
[1.704s] -- Up-to-date: /home/samaviajaffery/project_ws/install/vlm_driver_msgs/share/vlm_driver_msgs/local_setup.zsh
[1.705s] -- Up-to-date: /home/samaviajaffery/project_ws/install/vlm_driver_msgs/share/vlm_driver_msgs/local_setup.dsv
[1.705s] -- Installing: /home/samaviajaffery/project_ws/install/vlm_driver_msgs/share/vlm_driver_msgs/package.dsv
[1.705s] -- Up-to-date: /home/samaviajaffery/project_ws/install/vlm_driver_msgs/share/ament_index/resource_index/packages/vlm_driver_msgs
[1.705s] -- Up-to-date: /home/samaviajaffery/project_ws/install/vlm_driver_msgs/share/vlm_driver_msgs/cmake/export_vlm_driver_msgs__rosidl_generator_cExport.cmake
[1.705s] -- Up-to-date: /home/samaviajaffery/project_ws/install/vlm_driver_msgs/share/vlm_driver_msgs/cmake/export_vlm_driver_msgs__rosidl_generator_cExport-noconfig.cmake
[1.705s] -- Up-to-date: /home/samaviajaffery/project_ws/install/vlm_driver_msgs/share/vlm_driver_msgs/cmake/export_vlm_driver_msgs__rosidl_typesupport_fastrtps_cExport.cmake
[1.705s] -- Up-to-date: /home/samaviajaffery/project_ws/install/vlm_driver_msgs/share/vlm_driver_msgs/cmake/export_vlm_driver_msgs__rosidl_typesupport_fastrtps_cExport-noconfig.cmake
[1.705s] -- Up-to-date: /home/samaviajaffery/project_ws/install/vlm_driver_msgs/share/vlm_driver_msgs/cmake/vlm_driver_msgs__rosidl_typesupport_introspection_cExport.cmake
[1.705s] -- Up-to-date: /home/samaviajaffery/project_ws/install/vlm_driver_msgs/share/vlm_driver_msgs/cmake/vlm_driver_msgs__rosidl_typesupport_introspection_cExport-noconfig.cmake
[1.705s] -- Up-to-date: /home/samaviajaffery/project_ws/install/vlm_driver_msgs/share/vlm_driver_msgs/cmake/vlm_driver_msgs__rosidl_typesupport_cExport.cmake
[1.705s] -- Up-to-date: /home/samaviajaffery/project_ws/install/vlm_driver_msgs/share/vlm_driver_msgs/cmake/vlm_driver_msgs__rosidl_typesupport_cExport-noconfig.cmake
[1.706s] -- Up-to-date: /home/samaviajaffery/project_ws/install/vlm_driver_msgs/share/vlm_driver_msgs/cmake/export_vlm_driver_msgs__rosidl_generator_cppExport.cmake
[1.706s] -- Up-to-date: /home/samaviajaffery/project_ws/install/vlm_driver_msgs/share/vlm_driver_msgs/cmake/export_vlm_driver_msgs__rosidl_typesupport_fastrtps_cppExport.cmake
[1.706s] -- Up-to-date: /home/samaviajaffery/project_ws/install/vlm_driver_msgs/share/vlm_driver_msgs/cmake/export_vlm_driver_msgs__rosidl_typesupport_fastrtps_cppExport-noconfig.cmake
[1.706s] -- Up-to-date: /home/samaviajaffery/project_ws/install/vlm_driver_msgs/share/vlm_driver_msgs/cmake/vlm_driver_msgs__rosidl_typesupport_introspection_cppExport.cmake
[1.706s] -- Up-to-date: /home/samaviajaffery/project_ws/install/vlm_driver_msgs/share/vlm_driver_msgs/cmake/vlm_driver_msgs__rosidl_typesupport_introspection_cppExport-noconfig.cmake
[1.706s] -- Up-to-date: /home/samaviajaffery/project_ws/install/vlm_driver_msgs/share/vlm_driver_msgs/cmake/vlm_driver_msgs__rosidl_typesupport_cppExport.cmake
[1.706s] -- Up-to-date: /home/samaviajaffery/project_ws/install/vlm_driver_msgs/share/vlm_driver_msgs/cmake/vlm_driver_msgs__rosidl_typesupport_cppExport-noconfig.cmake
[1.706s] -- Up-to-date: /home/samaviajaffery/project_ws/install/vlm_driver_msgs/share/vlm_driver_msgs/cmake/export_vlm_driver_msgs__rosidl_generator_pyExport.cmake
[1.706s] -- Up-to-date: /home/samaviajaffery/project_ws/install/vlm_driver_msgs/share/vlm_driver_msgs/cmake/export_vlm_driver_msgs__rosidl_generator_pyExport-noconfig.cmake
[1.706s] -- Up-to-date: /home/samaviajaffery/project_ws/install/vlm_driver_msgs/share/vlm_driver_msgs/cmake/rosidl_cmake-extras.cmake
[1.707s] -- Up-to-date: /home/samaviajaffery/project_ws/install/vlm_driver_msgs/share/vlm_driver_msgs/cmake/ament_cmake_export_dependencies-extras.cmake
[1.707s] -- Up-to-date: /home/samaviajaffery/project_ws/install/vlm_driver_msgs/share/vlm_driver_msgs/cmake/ament_cmake_export_include_directories-extras.cmake
[1.707s] -- Up-to-date: /home/samaviajaffery/project_ws/install/vlm_driver_msgs/share/vlm_driver_msgs/cmake/ament_cmake_export_libraries-extras.cmake
[1.707s] -- Up-to-date: /home/samaviajaffery/project_ws/install/vlm_driver_msgs/share/vlm_driver_msgs/cmake/ament_cmake_export_targets-extras.cmake
[1.707s] -- Up-to-date: /home/samaviajaffery/project_ws/install/vlm_driver_msgs/share/vlm_driver_msgs/cmake/rosidl_cmake_export_typesupport_targets-extras.cmake
[1.708s] -- Up-to-date: /home/samaviajaffery/project_ws/install/vlm_driver_msgs/share/vlm_driver_msgs/cmake/rosidl_cmake_export_typesupport_libraries-extras.cmake
[1.708s] -- Up-to-date: /home/samaviajaffery/project_ws/install/vlm_driver_msgs/share/vlm_driver_msgs/cmake/vlm_driver_msgsConfig.cmake
[1.709s] -- Up-to-date: /home/samaviajaffery/project_ws/install/vlm_driver_msgs/share/vlm_driver_msgs/cmake/vlm_driver_msgsConfig-version.cmake
[1.709s] -- Up-to-date: /home/samaviajaffery/project_ws/install/vlm_driver_msgs/share/vlm_driver_msgs/package.xml
[1.712s] Invoked command in '/home/samaviajaffery/project_ws/build/vlm_driver_msgs' returned '0': CMAKE_PREFIX_PATH=${CMAKE_PREFIX_PATH}:/home/samaviajaffery/project_ws/install/model_oa:/home/samaviajaffery/project_ws/install/command_mapper:/home/samaviajaffery/project_ws/install/baseline_cv:/home/samaviajaffery/project_ws/install/vesc_bridge:/opt/ros/humble /usr/bin/cmake --install /home/samaviajaffery/project_ws/build/vlm_driver_msgs
