running egg_info
creating ../../build/baseline_cv/baseline_cv.egg-info
writing ../../build/baseline_cv/baseline_cv.egg-info/PKG-INFO
writing dependency_links to ../../build/baseline_cv/baseline_cv.egg-info/dependency_links.txt
writing entry points to ../../build/baseline_cv/baseline_cv.egg-info/entry_points.txt
writing requirements to ../../build/baseline_cv/baseline_cv.egg-info/requires.txt
writing top-level names to ../../build/baseline_cv/baseline_cv.egg-info/top_level.txt
writing manifest file '../../build/baseline_cv/baseline_cv.egg-info/SOURCES.txt'
reading manifest file '../../build/baseline_cv/baseline_cv.egg-info/SOURCES.txt'
writing manifest file '../../build/baseline_cv/baseline_cv.egg-info/SOURCES.txt'
running build
running build_py
creating /home/samaviajaffery/project_ws/build/baseline_cv/build
creating /home/samaviajaffery/project_ws/build/baseline_cv/build/lib
creating /home/samaviajaffery/project_ws/build/baseline_cv/build/lib/baseline_cv
copying baseline_cv/baseline_node.py -> /home/samaviajaffery/project_ws/build/baseline_cv/build/lib/baseline_cv
copying baseline_cv/__init__.py -> /home/samaviajaffery/project_ws/build/baseline_cv/build/lib/baseline_cv
running install
running install_lib
creating /home/samaviajaffery/project_ws/install/baseline_cv/lib/python3.10/site-packages/baseline_cv
copying /home/samaviajaffery/project_ws/build/baseline_cv/build/lib/baseline_cv/baseline_node.py -> /home/samaviajaffery/project_ws/install/baseline_cv/lib/python3.10/site-packages/baseline_cv
copying /home/samaviajaffery/project_ws/build/baseline_cv/build/lib/baseline_cv/__init__.py -> /home/samaviajaffery/project_ws/install/baseline_cv/lib/python3.10/site-packages/baseline_cv
byte-compiling /home/samaviajaffery/project_ws/install/baseline_cv/lib/python3.10/site-packages/baseline_cv/baseline_node.py to baseline_node.cpython-310.pyc
byte-compiling /home/samaviajaffery/project_ws/install/baseline_cv/lib/python3.10/site-packages/baseline_cv/__init__.py to __init__.cpython-310.pyc
running install_data
creating /home/samaviajaffery/project_ws/install/baseline_cv/share/ament_index
creating /home/samaviajaffery/project_ws/install/baseline_cv/share/ament_index/resource_index
creating /home/samaviajaffery/project_ws/install/baseline_cv/share/ament_index/resource_index/packages
copying resource/baseline_cv -> /home/samaviajaffery/project_ws/install/baseline_cv/share/ament_index/resource_index/packages
copying package.xml -> /home/samaviajaffery/project_ws/install/baseline_cv/share/baseline_cv
running install_egg_info
Copying ../../build/baseline_cv/baseline_cv.egg-info to /home/samaviajaffery/project_ws/install/baseline_cv/lib/python3.10/site-packages/baseline_cv-0.0.0-py3.10.egg-info
running install_scripts
writing list of installed files to '/home/samaviajaffery/project_ws/build/baseline_cv/install.log'
