[1.254s] Invoking command in '/home/samaviajaffery/project_ws/src/baseline_cv': PYTHONPATH=/home/samaviajaffery/project_ws/build/baseline_cv/prefix_override:/usr/lib/python3/dist-packages/colcon_core/task/python/colcon_distutils_commands:/home/samaviajaffery/project_ws/install/baseline_cv/lib/python3.10/site-packages:${PYTHONPATH} /usr/bin/python3 -W ignore:setup.py install is deprecated -W ignore:easy_install command is deprecated setup.py egg_info --egg-base ../../build/baseline_cv build --build-base /home/samaviajaffery/project_ws/build/baseline_cv/build install --record /home/samaviajaffery/project_ws/build/baseline_cv/install.log --single-version-externally-managed install_data
[1.641s] running egg_info
[1.641s] creating ../../build/baseline_cv/baseline_cv.egg-info
[1.643s] writing ../../build/baseline_cv/baseline_cv.egg-info/PKG-INFO
[1.643s] writing dependency_links to ../../build/baseline_cv/baseline_cv.egg-info/dependency_links.txt
[1.643s] writing entry points to ../../build/baseline_cv/baseline_cv.egg-info/entry_points.txt
[1.643s] writing requirements to ../../build/baseline_cv/baseline_cv.egg-info/requires.txt
[1.643s] writing top-level names to ../../build/baseline_cv/baseline_cv.egg-info/top_level.txt
[1.645s] writing manifest file '../../build/baseline_cv/baseline_cv.egg-info/SOURCES.txt'
[1.647s] reading manifest file '../../build/baseline_cv/baseline_cv.egg-info/SOURCES.txt'
[1.650s] writing manifest file '../../build/baseline_cv/baseline_cv.egg-info/SOURCES.txt'
[1.651s] running build
[1.652s] running build_py
[1.652s] creating /home/samaviajaffery/project_ws/build/baseline_cv/build
[1.652s] creating /home/samaviajaffery/project_ws/build/baseline_cv/build/lib
[1.652s] creating /home/samaviajaffery/project_ws/build/baseline_cv/build/lib/baseline_cv
[1.652s] copying baseline_cv/baseline_node.py -> /home/samaviajaffery/project_ws/build/baseline_cv/build/lib/baseline_cv
[1.652s] copying baseline_cv/__init__.py -> /home/samaviajaffery/project_ws/build/baseline_cv/build/lib/baseline_cv
[1.656s] running install
[1.656s] running install_lib
[1.656s] creating /home/samaviajaffery/project_ws/install/baseline_cv/lib/python3.10/site-packages/baseline_cv
[1.659s] copying /home/samaviajaffery/project_ws/build/baseline_cv/build/lib/baseline_cv/baseline_node.py -> /home/samaviajaffery/project_ws/install/baseline_cv/lib/python3.10/site-packages/baseline_cv
[1.660s] copying /home/samaviajaffery/project_ws/build/baseline_cv/build/lib/baseline_cv/__init__.py -> /home/samaviajaffery/project_ws/install/baseline_cv/lib/python3.10/site-packages/baseline_cv
[1.660s] byte-compiling /home/samaviajaffery/project_ws/install/baseline_cv/lib/python3.10/site-packages/baseline_cv/baseline_node.py to baseline_node.cpython-310.pyc
[1.661s] byte-compiling /home/samaviajaffery/project_ws/install/baseline_cv/lib/python3.10/site-packages/baseline_cv/__init__.py to __init__.cpython-310.pyc
[1.662s] running install_data
[1.662s] creating /home/samaviajaffery/project_ws/install/baseline_cv/share/ament_index
[1.662s] creating /home/samaviajaffery/project_ws/install/baseline_cv/share/ament_index/resource_index
[1.663s] creating /home/samaviajaffery/project_ws/install/baseline_cv/share/ament_index/resource_index/packages
[1.663s] copying resource/baseline_cv -> /home/samaviajaffery/project_ws/install/baseline_cv/share/ament_index/resource_index/packages
[1.664s] copying package.xml -> /home/samaviajaffery/project_ws/install/baseline_cv/share/baseline_cv
[1.664s] running install_egg_info
[1.666s] Copying ../../build/baseline_cv/baseline_cv.egg-info to /home/samaviajaffery/project_ws/install/baseline_cv/lib/python3.10/site-packages/baseline_cv-0.0.0-py3.10.egg-info
[1.668s] running install_scripts
[1.696s] writing list of installed files to '/home/samaviajaffery/project_ws/build/baseline_cv/install.log'
[1.752s] Invoked command in '/home/samaviajaffery/project_ws/src/baseline_cv' returned '0': PYTHONPATH=/home/samaviajaffery/project_ws/build/baseline_cv/prefix_override:/usr/lib/python3/dist-packages/colcon_core/task/python/colcon_distutils_commands:/home/samaviajaffery/project_ws/install/baseline_cv/lib/python3.10/site-packages:${PYTHONPATH} /usr/bin/python3 -W ignore:setup.py install is deprecated -W ignore:easy_install command is deprecated setup.py egg_info --egg-base ../../build/baseline_cv build --build-base /home/samaviajaffery/project_ws/build/baseline_cv/build install --record /home/samaviajaffery/project_ws/build/baseline_cv/install.log --single-version-externally-managed install_data
