running egg_info
creating ../../build/model_oa/model_oa.egg-info
writing ../../build/model_oa/model_oa.egg-info/PKG-INFO
writing dependency_links to ../../build/model_oa/model_oa.egg-info/dependency_links.txt
writing entry points to ../../build/model_oa/model_oa.egg-info/entry_points.txt
writing requirements to ../../build/model_oa/model_oa.egg-info/requires.txt
writing top-level names to ../../build/model_oa/model_oa.egg-info/top_level.txt
writing manifest file '../../build/model_oa/model_oa.egg-info/SOURCES.txt'
reading manifest file '../../build/model_oa/model_oa.egg-info/SOURCES.txt'
writing manifest file '../../build/model_oa/model_oa.egg-info/SOURCES.txt'
running build
running build_py
creating /home/samaviajaffery/project_ws/build/model_oa/build
creating /home/samaviajaffery/project_ws/build/model_oa/build/lib
creating /home/samaviajaffery/project_ws/build/model_oa/build/lib/model_oa
copying model_oa/model_oa_client_node.py -> /home/samaviajaffery/project_ws/build/model_oa/build/lib/model_oa
copying model_oa/__init__.py -> /home/samaviajaffery/project_ws/build/model_oa/build/lib/model_oa
running install
running install_lib
creating /home/samaviajaffery/project_ws/install/model_oa/lib/python3.10/site-packages/model_oa
copying /home/samaviajaffery/project_ws/build/model_oa/build/lib/model_oa/model_oa_client_node.py -> /home/samaviajaffery/project_ws/install/model_oa/lib/python3.10/site-packages/model_oa
copying /home/samaviajaffery/project_ws/build/model_oa/build/lib/model_oa/__init__.py -> /home/samaviajaffery/project_ws/install/model_oa/lib/python3.10/site-packages/model_oa
byte-compiling /home/samaviajaffery/project_ws/install/model_oa/lib/python3.10/site-packages/model_oa/model_oa_client_node.py to model_oa_client_node.cpython-310.pyc
byte-compiling /home/samaviajaffery/project_ws/install/model_oa/lib/python3.10/site-packages/model_oa/__init__.py to __init__.cpython-310.pyc
running install_data
creating /home/samaviajaffery/project_ws/install/model_oa/share/ament_index
creating /home/samaviajaffery/project_ws/install/model_oa/share/ament_index/resource_index
creating /home/samaviajaffery/project_ws/install/model_oa/share/ament_index/resource_index/packages
copying resource/model_oa -> /home/samaviajaffery/project_ws/install/model_oa/share/ament_index/resource_index/packages
copying package.xml -> /home/samaviajaffery/project_ws/install/model_oa/share/model_oa
running install_egg_info
Copying ../../build/model_oa/model_oa.egg-info to /home/samaviajaffery/project_ws/install/model_oa/lib/python3.10/site-packages/model_oa-0.0.0-py3.10.egg-info
running install_scripts
Installing model_oa_client script to /home/samaviajaffery/project_ws/install/model_oa/bin
writing list of installed files to '/home/samaviajaffery/project_ws/build/model_oa/install.log'
