[1.864s] Invoking command in '/home/samaviajaffery/project_ws/src/model_oa': PYTHONPATH=/home/samaviajaffery/project_ws/build/model_oa/prefix_override:/usr/lib/python3/dist-packages/colcon_core/task/python/colcon_distutils_commands:/home/samaviajaffery/project_ws/install/model_oa/lib/python3.10/site-packages:${PYTHONPATH} /usr/bin/python3 -W ignore:setup.py install is deprecated -W ignore:easy_install command is deprecated setup.py egg_info --egg-base ../../build/model_oa build --build-base /home/samaviajaffery/project_ws/build/model_oa/build install --record /home/samaviajaffery/project_ws/build/model_oa/install.log --single-version-externally-managed install_data
[2.354s] running egg_info
[2.354s] creating ../../build/model_oa/model_oa.egg-info
[2.355s] writing ../../build/model_oa/model_oa.egg-info/PKG-INFO
[2.357s] writing dependency_links to ../../build/model_oa/model_oa.egg-info/dependency_links.txt
[2.358s] writing entry points to ../../build/model_oa/model_oa.egg-info/entry_points.txt
[2.358s] writing requirements to ../../build/model_oa/model_oa.egg-info/requires.txt
[2.358s] writing top-level names to ../../build/model_oa/model_oa.egg-info/top_level.txt
[2.361s] writing manifest file '../../build/model_oa/model_oa.egg-info/SOURCES.txt'
[2.371s] reading manifest file '../../build/model_oa/model_oa.egg-info/SOURCES.txt'
[2.373s] writing manifest file '../../build/model_oa/model_oa.egg-info/SOURCES.txt'
[2.373s] running build
[2.373s] running build_py
[2.374s] creating /home/samaviajaffery/project_ws/build/model_oa/build
[2.374s] creating /home/samaviajaffery/project_ws/build/model_oa/build/lib
[2.375s] creating /home/samaviajaffery/project_ws/build/model_oa/build/lib/model_oa
[2.375s] copying model_oa/model_oa_client_node.py -> /home/samaviajaffery/project_ws/build/model_oa/build/lib/model_oa
[2.376s] copying model_oa/__init__.py -> /home/samaviajaffery/project_ws/build/model_oa/build/lib/model_oa
[2.376s] running install
[2.376s] running install_lib
[2.378s] creating /home/samaviajaffery/project_ws/install/model_oa/lib/python3.10/site-packages/model_oa
[2.378s] copying /home/samaviajaffery/project_ws/build/model_oa/build/lib/model_oa/model_oa_client_node.py -> /home/samaviajaffery/project_ws/install/model_oa/lib/python3.10/site-packages/model_oa
[2.379s] copying /home/samaviajaffery/project_ws/build/model_oa/build/lib/model_oa/__init__.py -> /home/samaviajaffery/project_ws/install/model_oa/lib/python3.10/site-packages/model_oa
[2.380s] byte-compiling /home/samaviajaffery/project_ws/install/model_oa/lib/python3.10/site-packages/model_oa/model_oa_client_node.py to model_oa_client_node.cpython-310.pyc
[2.382s] byte-compiling /home/samaviajaffery/project_ws/install/model_oa/lib/python3.10/site-packages/model_oa/__init__.py to __init__.cpython-310.pyc
[2.383s] running install_data
[2.383s] creating /home/samaviajaffery/project_ws/install/model_oa/share/ament_index
[2.383s] creating /home/samaviajaffery/project_ws/install/model_oa/share/ament_index/resource_index
[2.383s] creating /home/samaviajaffery/project_ws/install/model_oa/share/ament_index/resource_index/packages
[2.384s] copying resource/model_oa -> /home/samaviajaffery/project_ws/install/model_oa/share/ament_index/resource_index/packages
[2.385s] copying package.xml -> /home/samaviajaffery/project_ws/install/model_oa/share/model_oa
[2.386s] running install_egg_info
[2.389s] Copying ../../build/model_oa/model_oa.egg-info to /home/samaviajaffery/project_ws/install/model_oa/lib/python3.10/site-packages/model_oa-0.0.0-py3.10.egg-info
[2.392s] running install_scripts
[2.424s] Installing model_oa_client script to /home/samaviajaffery/project_ws/install/model_oa/bin
[2.425s] writing list of installed files to '/home/samaviajaffery/project_ws/build/model_oa/install.log'
[2.490s] Invoked command in '/home/samaviajaffery/project_ws/src/model_oa' returned '0': PYTHONPATH=/home/samaviajaffery/project_ws/build/model_oa/prefix_override:/usr/lib/python3/dist-packages/colcon_core/task/python/colcon_distutils_commands:/home/samaviajaffery/project_ws/install/model_oa/lib/python3.10/site-packages:${PYTHONPATH} /usr/bin/python3 -W ignore:setup.py install is deprecated -W ignore:easy_install command is deprecated setup.py egg_info --egg-base ../../build/model_oa build --build-base /home/samaviajaffery/project_ws/build/model_oa/build install --record /home/samaviajaffery/project_ws/build/model_oa/install.log --single-version-externally-managed install_data
