running egg_info
creating ../../build/vesc_bridge/vesc_bridge.egg-info
writing ../../build/vesc_bridge/vesc_bridge.egg-info/PKG-INFO
writing dependency_links to ../../build/vesc_bridge/vesc_bridge.egg-info/dependency_links.txt
writing entry points to ../../build/vesc_bridge/vesc_bridge.egg-info/entry_points.txt
writing requirements to ../../build/vesc_bridge/vesc_bridge.egg-info/requires.txt
writing top-level names to ../../build/vesc_bridge/vesc_bridge.egg-info/top_level.txt
writing manifest file '../../build/vesc_bridge/vesc_bridge.egg-info/SOURCES.txt'
reading manifest file '../../build/vesc_bridge/vesc_bridge.egg-info/SOURCES.txt'
writing manifest file '../../build/vesc_bridge/vesc_bridge.egg-info/SOURCES.txt'
running build
running build_py
creating /home/samaviajaffery/project_ws/build/vesc_bridge/build
creating /home/samaviajaffery/project_ws/build/vesc_bridge/build/lib
creating /home/samaviajaffery/project_ws/build/vesc_bridge/build/lib/vesc_bridge
copying vesc_bridge/vesc_bridge_node.py -> /home/samaviajaffery/project_ws/build/vesc_bridge/build/lib/vesc_bridge
copying vesc_bridge/__init__.py -> /home/samaviajaffery/project_ws/build/vesc_bridge/build/lib/vesc_bridge
running install
running install_lib
creating /home/samaviajaffery/project_ws/install/vesc_bridge/lib/python3.10/site-packages/vesc_bridge
copying /home/samaviajaffery/project_ws/build/vesc_bridge/build/lib/vesc_bridge/vesc_bridge_node.py -> /home/samaviajaffery/project_ws/install/vesc_bridge/lib/python3.10/site-packages/vesc_bridge
copying /home/samaviajaffery/project_ws/build/vesc_bridge/build/lib/vesc_bridge/__init__.py -> /home/samaviajaffery/project_ws/install/vesc_bridge/lib/python3.10/site-packages/vesc_bridge
byte-compiling /home/samaviajaffery/project_ws/install/vesc_bridge/lib/python3.10/site-packages/vesc_bridge/vesc_bridge_node.py to vesc_bridge_node.cpython-310.pyc
byte-compiling /home/samaviajaffery/project_ws/install/vesc_bridge/lib/python3.10/site-packages/vesc_bridge/__init__.py to __init__.cpython-310.pyc
running install_data
creating /home/samaviajaffery/project_ws/install/vesc_bridge/share/ament_index
creating /home/samaviajaffery/project_ws/install/vesc_bridge/share/ament_index/resource_index
creating /home/samaviajaffery/project_ws/install/vesc_bridge/share/ament_index/resource_index/packages
copying resource/vesc_bridge -> /home/samaviajaffery/project_ws/install/vesc_bridge/share/ament_index/resource_index/packages
copying package.xml -> /home/samaviajaffery/project_ws/install/vesc_bridge/share/vesc_bridge
running install_egg_info
Copying ../../build/vesc_bridge/vesc_bridge.egg-info to /home/samaviajaffery/project_ws/install/vesc_bridge/lib/python3.10/site-packages/vesc_bridge-0.0.0-py3.10.egg-info
running install_scripts
Installing vesc_bridge_node script to /home/samaviajaffery/project_ws/install/vesc_bridge/lib/vesc_bridge
writing list of installed files to '/home/samaviajaffery/project_ws/build/vesc_bridge/install.log'
