[0.052s] Invoking command in '/home/samaviajaffery/project_ws/build/vlm_driver_msgs': CMAKE_PREFIX_PATH=/opt/ros/humble /usr/bin/cmake /home/samaviajaffery/project_ws/src/vlm_driver_msgs -DCMAKE_INSTALL_PREFIX=/home/samaviajaffery/project_ws/install/vlm_driver_msgs
[0.582s] -- The C compiler identification is GNU 11.4.0
[0.940s] -- The CXX compiler identification is GNU 11.4.0
[0.979s] -- Detecting C compiler ABI info
[1.112s] -- Detecting C compiler ABI info - done
[1.119s] -- Check for working C compiler: /usr/bin/cc - skipped
[1.121s] -- Detecting C compile features
[1.123s] -- Detecting C compile features - done
[1.134s] -- Detecting CXX compiler ABI info
[1.279s] -- Detecting CXX compiler ABI info - done
[1.284s] -- Check for working CXX compiler: /usr/bin/c++ - skipped
[1.284s] -- Detecting CXX compile features
[1.285s] -- Detecting CXX compile features - done
[1.322s] -- Found ament_cmake: 1.3.12 (/opt/ros/humble/share/ament_cmake/cmake)
[1.574s] -- Found Python3: /usr/bin/python3 (found version "3.10.12") found components: Interpreter 
[1.883s] -- Found rosidl_default_generators: 1.2.0 (/opt/ros/humble/share/rosidl_default_generators/cmake)
[1.909s] -- Using all available rosidl_typesupport_c: rosidl_typesupport_fastrtps_c;rosidl_typesupport_introspection_c
[1.955s] -- Found rosidl_adapter: 3.1.8 (/opt/ros/humble/share/rosidl_adapter/cmake)
[2.257s] -- Using all available rosidl_typesupport_cpp: rosidl_typesupport_fastrtps_cpp;rosidl_typesupport_introspection_cpp
[2.418s] -- Found std_msgs: 4.9.0 (/opt/ros/humble/share/std_msgs/cmake)
[2.881s] [31mCMake Error at /opt/ros/humble/share/rosidl_cmake/cmake/rosidl_generate_interfaces.cmake:213 (add_custom_target):
[2.882s]   The target name "{$PROJECT_NAME}" is reserved or not valid for certain
[2.882s]   CMake features, such as generator expressions, and may result in undefined
[2.882s]   behavior.
[2.882s] Call Stack (most recent call first):
[2.882s]   CMakeLists.txt:15 (rosidl_generate_interfaces)
[2.882s] 
[2.882s] [0m
[2.886s] -- Found ament_lint_auto: 0.12.14 (/opt/ros/humble/share/ament_lint_auto/cmake)
[3.083s] -- Added test 'lint_cmake' to check CMake code style
[3.091s] -- Added test 'xmllint' to check XML markup files
[3.101s] -- Configuring incomplete, errors occurred!
[3.101s] See also "/home/samaviajaffery/project_ws/build/vlm_driver_msgs/CMakeFiles/CMakeOutput.log".
[3.121s] Invoked command in '/home/samaviajaffery/project_ws/build/vlm_driver_msgs' returned '1': CMAKE_PREFIX_PATH=/opt/ros/humble /usr/bin/cmake /home/samaviajaffery/project_ws/src/vlm_driver_msgs -DCMAKE_INSTALL_PREFIX=/home/samaviajaffery/project_ws/install/vlm_driver_msgs
