[0.188s] DEBUG:colcon:Command line arguments: ['/usr/bin/colcon', 'build', '--packages-select', 'baseline_cv']
[0.188s] DEBUG:colcon:Parsed command line arguments: Namespace(log_base=None, log_level=None, verb_name='build', build_base='build', install_base='install', merge_install=False, symlink_install=False, test_result_base=None, continue_on_error=False, executor='parallel', parallel_workers=2, event_handlers=None, ignore_user_meta=False, metas=['./colcon.meta'], base_paths=['.'], packages_ignore=None, packages_ignore_regex=None, paths=None, packages_up_to=None, packages_up_to_regex=None, packages_above=None, packages_above_and_dependencies=None, packages_above_depth=None, packages_select_by_dep=None, packages_skip_by_dep=None, packages_skip_up_to=None, packages_select_build_failed=False, packages_skip_build_finished=False, packages_select_test_failures=False, packages_skip_test_passed=False, packages_select=['baseline_cv'], packages_skip=None, packages_select_regex=None, packages_skip_regex=None, packages_start=None, packages_end=None, allow_overriding=[], cmake_args=None, cmake_target=None, cmake_target_skip_unavailable=False, cmake_clean_cache=False, cmake_clean_first=False, cmake_force_configure=False, ament_cmake_args=None, catkin_cmake_args=None, catkin_skip_building_tests=False, mixin_files=None, mixin=None, verb_parser=<colcon_mixin.mixin.mixin_argument.MixinArgumentDecorator object at 0x70f49186e170>, verb_extension=<colcon_core.verb.build.BuildVerb object at 0x70f49186dc90>, main=<bound method BuildVerb.main of <colcon_core.verb.build.BuildVerb object at 0x70f49186dc90>>, mixin_verb=('build',))
[0.457s] Level 1:colcon.colcon_core.package_discovery:discover_packages(colcon_meta) check parameters
[0.457s] Level 1:colcon.colcon_core.package_discovery:discover_packages(recursive) check parameters
[0.457s] Level 1:colcon.colcon_core.package_discovery:discover_packages(ignore) check parameters
[0.457s] Level 1:colcon.colcon_core.package_discovery:discover_packages(path) check parameters
[0.457s] Level 1:colcon.colcon_core.package_discovery:discover_packages(colcon_meta) discover
[0.457s] Level 1:colcon.colcon_core.package_discovery:discover_packages(recursive) discover
[0.457s] INFO:colcon.colcon_core.package_discovery:Crawling recursively for packages in '/home/samaviajaffery/project_ws'
[0.457s] Level 1:colcon.colcon_core.package_identification:_identify(.) by extensions ['ignore', 'ignore_ament_install']
[0.457s] Level 1:colcon.colcon_core.package_identification:_identify(.) by extension 'ignore'
[0.457s] Level 1:colcon.colcon_core.package_identification:_identify(.) by extension 'ignore_ament_install'
[0.458s] Level 1:colcon.colcon_core.package_identification:_identify(.) by extensions ['colcon_pkg']
[0.458s] Level 1:colcon.colcon_core.package_identification:_identify(.) by extension 'colcon_pkg'
[0.458s] Level 1:colcon.colcon_core.package_identification:_identify(.) by extensions ['colcon_meta']
[0.458s] Level 1:colcon.colcon_core.package_identification:_identify(.) by extension 'colcon_meta'
[0.458s] Level 1:colcon.colcon_core.package_identification:_identify(.) by extensions ['ros']
[0.458s] Level 1:colcon.colcon_core.package_identification:_identify(.) by extension 'ros'
[0.474s] Level 1:colcon.colcon_core.package_identification:_identify(.) by extensions ['cmake', 'python']
[0.474s] Level 1:colcon.colcon_core.package_identification:_identify(.) by extension 'cmake'
[0.474s] Level 1:colcon.colcon_core.package_identification:_identify(.) by extension 'python'
[0.474s] Level 1:colcon.colcon_core.package_identification:_identify(.) by extensions ['python_setup_py']
[0.474s] Level 1:colcon.colcon_core.package_identification:_identify(.) by extension 'python_setup_py'
[0.474s] Level 1:colcon.colcon_core.package_identification:_identify(build) by extensions ['ignore', 'ignore_ament_install']
[0.475s] Level 1:colcon.colcon_core.package_identification:_identify(build) by extension 'ignore'
[0.475s] Level 1:colcon.colcon_core.package_identification:_identify(build) ignored
[0.475s] Level 1:colcon.colcon_core.package_identification:_identify(install) by extensions ['ignore', 'ignore_ament_install']
[0.475s] Level 1:colcon.colcon_core.package_identification:_identify(install) by extension 'ignore'
[0.475s] Level 1:colcon.colcon_core.package_identification:_identify(install) ignored
[0.475s] Level 1:colcon.colcon_core.package_identification:_identify(log) by extensions ['ignore', 'ignore_ament_install']
[0.475s] Level 1:colcon.colcon_core.package_identification:_identify(log) by extension 'ignore'
[0.475s] Level 1:colcon.colcon_core.package_identification:_identify(log) ignored
[0.476s] Level 1:colcon.colcon_core.package_identification:_identify(src) by extensions ['ignore', 'ignore_ament_install']
[0.476s] Level 1:colcon.colcon_core.package_identification:_identify(src) by extension 'ignore'
[0.476s] Level 1:colcon.colcon_core.package_identification:_identify(src) by extension 'ignore_ament_install'
[0.476s] Level 1:colcon.colcon_core.package_identification:_identify(src) by extensions ['colcon_pkg']
[0.476s] Level 1:colcon.colcon_core.package_identification:_identify(src) by extension 'colcon_pkg'
[0.476s] Level 1:colcon.colcon_core.package_identification:_identify(src) by extensions ['colcon_meta']
[0.476s] Level 1:colcon.colcon_core.package_identification:_identify(src) by extension 'colcon_meta'
[0.476s] Level 1:colcon.colcon_core.package_identification:_identify(src) by extensions ['ros']
[0.476s] Level 1:colcon.colcon_core.package_identification:_identify(src) by extension 'ros'
[0.476s] Level 1:colcon.colcon_core.package_identification:_identify(src) by extensions ['cmake', 'python']
[0.476s] Level 1:colcon.colcon_core.package_identification:_identify(src) by extension 'cmake'
[0.476s] Level 1:colcon.colcon_core.package_identification:_identify(src) by extension 'python'
[0.476s] Level 1:colcon.colcon_core.package_identification:_identify(src) by extensions ['python_setup_py']
[0.477s] Level 1:colcon.colcon_core.package_identification:_identify(src) by extension 'python_setup_py'
[0.477s] Level 1:colcon.colcon_core.package_identification:_identify(src/baseline_cv) by extensions ['ignore', 'ignore_ament_install']
[0.477s] Level 1:colcon.colcon_core.package_identification:_identify(src/baseline_cv) by extension 'ignore'
[0.477s] Level 1:colcon.colcon_core.package_identification:_identify(src/baseline_cv) by extension 'ignore_ament_install'
[0.477s] Level 1:colcon.colcon_core.package_identification:_identify(src/baseline_cv) by extensions ['colcon_pkg']
[0.477s] Level 1:colcon.colcon_core.package_identification:_identify(src/baseline_cv) by extension 'colcon_pkg'
[0.477s] Level 1:colcon.colcon_core.package_identification:_identify(src/baseline_cv) by extensions ['colcon_meta']
[0.477s] Level 1:colcon.colcon_core.package_identification:_identify(src/baseline_cv) by extension 'colcon_meta'
[0.477s] Level 1:colcon.colcon_core.package_identification:_identify(src/baseline_cv) by extensions ['ros']
[0.477s] Level 1:colcon.colcon_core.package_identification:_identify(src/baseline_cv) by extension 'ros'
[0.481s] DEBUG:colcon.colcon_core.package_identification:Package 'src/baseline_cv' with type 'ros.ament_python' and name 'baseline_cv'
[0.481s] Level 1:colcon.colcon_core.package_identification:_identify(src/command_mapper) by extensions ['ignore', 'ignore_ament_install']
[0.481s] Level 1:colcon.colcon_core.package_identification:_identify(src/command_mapper) by extension 'ignore'
[0.482s] Level 1:colcon.colcon_core.package_identification:_identify(src/command_mapper) by extension 'ignore_ament_install'
[0.482s] Level 1:colcon.colcon_core.package_identification:_identify(src/command_mapper) by extensions ['colcon_pkg']
[0.482s] Level 1:colcon.colcon_core.package_identification:_identify(src/command_mapper) by extension 'colcon_pkg'
[0.482s] Level 1:colcon.colcon_core.package_identification:_identify(src/command_mapper) by extensions ['colcon_meta']
[0.482s] Level 1:colcon.colcon_core.package_identification:_identify(src/command_mapper) by extension 'colcon_meta'
[0.482s] Level 1:colcon.colcon_core.package_identification:_identify(src/command_mapper) by extensions ['ros']
[0.482s] Level 1:colcon.colcon_core.package_identification:_identify(src/command_mapper) by extension 'ros'
[0.483s] DEBUG:colcon.colcon_core.package_identification:Package 'src/command_mapper' with type 'ros.ament_python' and name 'command_mapper'
[0.483s] Level 1:colcon.colcon_core.package_identification:_identify(src/vesc_bridge) by extensions ['ignore', 'ignore_ament_install']
[0.484s] Level 1:colcon.colcon_core.package_identification:_identify(src/vesc_bridge) by extension 'ignore'
[0.484s] Level 1:colcon.colcon_core.package_identification:_identify(src/vesc_bridge) by extension 'ignore_ament_install'
[0.484s] Level 1:colcon.colcon_core.package_identification:_identify(src/vesc_bridge) by extensions ['colcon_pkg']
[0.484s] Level 1:colcon.colcon_core.package_identification:_identify(src/vesc_bridge) by extension 'colcon_pkg'
[0.484s] Level 1:colcon.colcon_core.package_identification:_identify(src/vesc_bridge) by extensions ['colcon_meta']
[0.484s] Level 1:colcon.colcon_core.package_identification:_identify(src/vesc_bridge) by extension 'colcon_meta'
[0.484s] Level 1:colcon.colcon_core.package_identification:_identify(src/vesc_bridge) by extensions ['ros']
[0.484s] Level 1:colcon.colcon_core.package_identification:_identify(src/vesc_bridge) by extension 'ros'
[0.485s] DEBUG:colcon.colcon_core.package_identification:Package 'src/vesc_bridge' with type 'ros.ament_python' and name 'vesc_bridge'
[0.485s] Level 1:colcon.colcon_core.package_identification:_identify(src/vlm_driver_msgs) by extensions ['ignore', 'ignore_ament_install']
[0.486s] Level 1:colcon.colcon_core.package_identification:_identify(src/vlm_driver_msgs) by extension 'ignore'
[0.486s] Level 1:colcon.colcon_core.package_identification:_identify(src/vlm_driver_msgs) by extension 'ignore_ament_install'
[0.486s] Level 1:colcon.colcon_core.package_identification:_identify(src/vlm_driver_msgs) by extensions ['colcon_pkg']
[0.486s] Level 1:colcon.colcon_core.package_identification:_identify(src/vlm_driver_msgs) by extension 'colcon_pkg'
[0.486s] Level 1:colcon.colcon_core.package_identification:_identify(src/vlm_driver_msgs) by extensions ['colcon_meta']
[0.486s] Level 1:colcon.colcon_core.package_identification:_identify(src/vlm_driver_msgs) by extension 'colcon_meta'
[0.486s] Level 1:colcon.colcon_core.package_identification:_identify(src/vlm_driver_msgs) by extensions ['ros']
[0.486s] Level 1:colcon.colcon_core.package_identification:_identify(src/vlm_driver_msgs) by extension 'ros'
[0.487s] DEBUG:colcon.colcon_core.package_identification:Package 'src/vlm_driver_msgs' with type 'ros.ament_cmake' and name 'vlm_driver_msgs'
[0.487s] Level 1:colcon.colcon_core.package_discovery:discover_packages(recursive) using defaults
[0.487s] Level 1:colcon.colcon_core.package_discovery:discover_packages(ignore) discover
[0.487s] Level 1:colcon.colcon_core.package_discovery:discover_packages(ignore) using defaults
[0.487s] Level 1:colcon.colcon_core.package_discovery:discover_packages(path) discover
[0.487s] Level 1:colcon.colcon_core.package_discovery:discover_packages(path) using defaults
[0.539s] INFO:colcon.colcon_core.package_selection:Skipping not selected package 'vesc_bridge' in 'src/vesc_bridge'
[0.540s] INFO:colcon.colcon_core.package_selection:Skipping not selected package 'vlm_driver_msgs' in 'src/vlm_driver_msgs'
[0.540s] INFO:colcon.colcon_core.package_selection:Skipping not selected package 'command_mapper' in 'src/command_mapper'
[0.540s] Level 1:colcon.colcon_core.package_discovery:discover_packages(prefix_path) check parameters
[0.540s] Level 1:colcon.colcon_core.package_discovery:discover_packages(prefix_path) discover
[0.543s] DEBUG:colcon.colcon_installed_package_information.package_discovery:Found 2 installed packages in /home/samaviajaffery/project_ws/install
[0.545s] DEBUG:colcon.colcon_installed_package_information.package_discovery:Found 297 installed packages in /opt/ros/humble
[0.547s] Level 1:colcon.colcon_core.package_discovery:discover_packages(prefix_path) using defaults
[0.604s] Level 5:colcon.colcon_core.verb:set package 'baseline_cv' build argument 'cmake_args' from command line to 'None'
[0.605s] Level 5:colcon.colcon_core.verb:set package 'baseline_cv' build argument 'cmake_target' from command line to 'None'
[0.605s] Level 5:colcon.colcon_core.verb:set package 'baseline_cv' build argument 'cmake_target_skip_unavailable' from command line to 'False'
[0.605s] Level 5:colcon.colcon_core.verb:set package 'baseline_cv' build argument 'cmake_clean_cache' from command line to 'False'
[0.605s] Level 5:colcon.colcon_core.verb:set package 'baseline_cv' build argument 'cmake_clean_first' from command line to 'False'
[0.605s] Level 5:colcon.colcon_core.verb:set package 'baseline_cv' build argument 'cmake_force_configure' from command line to 'False'
[0.605s] Level 5:colcon.colcon_core.verb:set package 'baseline_cv' build argument 'ament_cmake_args' from command line to 'None'
[0.605s] Level 5:colcon.colcon_core.verb:set package 'baseline_cv' build argument 'catkin_cmake_args' from command line to 'None'
[0.605s] Level 5:colcon.colcon_core.verb:set package 'baseline_cv' build argument 'catkin_skip_building_tests' from command line to 'False'
[0.605s] DEBUG:colcon.colcon_core.verb:Building package 'baseline_cv' with the following arguments: {'ament_cmake_args': None, 'build_base': '/home/samaviajaffery/project_ws/build/baseline_cv', 'catkin_cmake_args': None, 'catkin_skip_building_tests': False, 'cmake_args': None, 'cmake_clean_cache': False, 'cmake_clean_first': False, 'cmake_force_configure': False, 'cmake_target': None, 'cmake_target_skip_unavailable': False, 'install_base': '/home/samaviajaffery/project_ws/install/baseline_cv', 'merge_install': False, 'path': '/home/samaviajaffery/project_ws/src/baseline_cv', 'symlink_install': False, 'test_result_base': None}
[0.605s] INFO:colcon.colcon_core.executor:Executing jobs using 'parallel' executor
[0.607s] DEBUG:colcon.colcon_parallel_executor.executor.parallel:run_until_complete
[0.607s] INFO:colcon.colcon_ros.task.ament_python.build:Building ROS package in '/home/samaviajaffery/project_ws/src/baseline_cv' with build type 'ament_python'
[0.608s] Level 1:colcon.colcon_core.shell:create_environment_hook('baseline_cv', 'ament_prefix_path')
[0.612s] INFO:colcon.colcon_core.plugin_system:Skipping extension 'colcon_core.shell.bat': Not used on non-Windows systems
[0.612s] INFO:colcon.colcon_core.shell:Creating environment hook '/home/samaviajaffery/project_ws/install/baseline_cv/share/baseline_cv/hook/ament_prefix_path.ps1'
[0.613s] INFO:colcon.colcon_core.shell:Creating environment descriptor '/home/samaviajaffery/project_ws/install/baseline_cv/share/baseline_cv/hook/ament_prefix_path.dsv'
[0.614s] INFO:colcon.colcon_core.shell:Creating environment hook '/home/samaviajaffery/project_ws/install/baseline_cv/share/baseline_cv/hook/ament_prefix_path.sh'
[0.616s] INFO:colcon.colcon_core.shell:Skip shell extension 'powershell' for command environment: Not usable outside of PowerShell
[0.616s] DEBUG:colcon.colcon_core.shell:Skip shell extension 'dsv' for command environment
[1.228s] INFO:colcon.colcon_core.task.python.build:Building Python package in '/home/samaviajaffery/project_ws/src/baseline_cv'
[1.228s] INFO:colcon.colcon_core.shell:Skip shell extension 'powershell' for command environment: Not usable outside of PowerShell
[1.229s] DEBUG:colcon.colcon_core.shell:Skip shell extension 'dsv' for command environment
[1.856s] DEBUG:colcon.colcon_core.event_handler.log_command:Invoking command in '/home/samaviajaffery/project_ws/src/baseline_cv': PYTHONPATH=/home/samaviajaffery/project_ws/build/baseline_cv/prefix_override:/usr/lib/python3/dist-packages/colcon_core/task/python/colcon_distutils_commands:/home/samaviajaffery/project_ws/install/baseline_cv/lib/python3.10/site-packages:${PYTHONPATH} /usr/bin/python3 -W ignore:setup.py install is deprecated -W ignore:easy_install command is deprecated setup.py egg_info --egg-base ../../build/baseline_cv build --build-base /home/samaviajaffery/project_ws/build/baseline_cv/build install --record /home/samaviajaffery/project_ws/build/baseline_cv/install.log --single-version-externally-managed install_data
[2.545s] DEBUG:colcon.colcon_core.event_handler.log_command:Invoked command in '/home/samaviajaffery/project_ws/src/baseline_cv' returned '0': PYTHONPATH=/home/samaviajaffery/project_ws/build/baseline_cv/prefix_override:/usr/lib/python3/dist-packages/colcon_core/task/python/colcon_distutils_commands:/home/samaviajaffery/project_ws/install/baseline_cv/lib/python3.10/site-packages:${PYTHONPATH} /usr/bin/python3 -W ignore:setup.py install is deprecated -W ignore:easy_install command is deprecated setup.py egg_info --egg-base ../../build/baseline_cv build --build-base /home/samaviajaffery/project_ws/build/baseline_cv/build install --record /home/samaviajaffery/project_ws/build/baseline_cv/install.log --single-version-externally-managed install_data
[2.550s] Level 1:colcon.colcon_core.environment:checking '/home/samaviajaffery/project_ws/install/baseline_cv' for CMake module files
[2.551s] Level 1:colcon.colcon_core.environment:checking '/home/samaviajaffery/project_ws/install/baseline_cv' for CMake config files
[2.552s] Level 1:colcon.colcon_core.environment:checking '/home/samaviajaffery/project_ws/install/baseline_cv/lib'
[2.552s] Level 1:colcon.colcon_core.environment:checking '/home/samaviajaffery/project_ws/install/baseline_cv/bin'
[2.553s] Level 1:colcon.colcon_core.environment:checking '/home/samaviajaffery/project_ws/install/baseline_cv/lib/pkgconfig/baseline_cv.pc'
[2.553s] Level 1:colcon.colcon_core.environment:checking '/home/samaviajaffery/project_ws/install/baseline_cv/lib/python3.10/site-packages'
[2.553s] Level 1:colcon.colcon_core.shell:create_environment_hook('baseline_cv', 'pythonpath')
[2.553s] INFO:colcon.colcon_core.shell:Creating environment hook '/home/samaviajaffery/project_ws/install/baseline_cv/share/baseline_cv/hook/pythonpath.ps1'
[2.555s] INFO:colcon.colcon_core.shell:Creating environment descriptor '/home/samaviajaffery/project_ws/install/baseline_cv/share/baseline_cv/hook/pythonpath.dsv'
[2.556s] INFO:colcon.colcon_core.shell:Creating environment hook '/home/samaviajaffery/project_ws/install/baseline_cv/share/baseline_cv/hook/pythonpath.sh'
[2.558s] Level 1:colcon.colcon_core.environment:checking '/home/samaviajaffery/project_ws/install/baseline_cv/bin'
[2.558s] Level 1:colcon.colcon_core.environment:create_environment_scripts_only(baseline_cv)
[2.559s] INFO:colcon.colcon_core.shell:Creating package script '/home/samaviajaffery/project_ws/install/baseline_cv/share/baseline_cv/package.ps1'
[2.562s] INFO:colcon.colcon_core.shell:Creating package descriptor '/home/samaviajaffery/project_ws/install/baseline_cv/share/baseline_cv/package.dsv'
[2.564s] INFO:colcon.colcon_core.shell:Creating package script '/home/samaviajaffery/project_ws/install/baseline_cv/share/baseline_cv/package.sh'
[2.567s] INFO:colcon.colcon_core.shell:Creating package script '/home/samaviajaffery/project_ws/install/baseline_cv/share/baseline_cv/package.bash'
[2.569s] INFO:colcon.colcon_core.shell:Creating package script '/home/samaviajaffery/project_ws/install/baseline_cv/share/baseline_cv/package.zsh'
[2.571s] Level 1:colcon.colcon_core.environment:create_file_with_runtime_dependencies(/home/samaviajaffery/project_ws/install/baseline_cv/share/colcon-core/packages/baseline_cv)
[2.572s] DEBUG:colcon.colcon_parallel_executor.executor.parallel:closing loop
[2.573s] DEBUG:colcon.colcon_parallel_executor.executor.parallel:loop closed
[2.574s] DEBUG:colcon.colcon_parallel_executor.executor.parallel:run_until_complete finished with '0'
[2.574s] DEBUG:colcon.colcon_core.event_reactor:joining thread
[2.585s] INFO:colcon.colcon_core.plugin_system:Skipping extension 'colcon_notification.desktop_notification.terminal_notifier': Not used on non-Darwin systems
[2.587s] INFO:colcon.colcon_core.plugin_system:Skipping extension 'colcon_notification.desktop_notification.win32': Not used on non-Windows systems
[2.588s] INFO:colcon.colcon_notification.desktop_notification:Sending desktop notification using 'notify2'
[2.637s] DEBUG:colcon.colcon_core.event_reactor:joined thread
[2.638s] INFO:colcon.colcon_core.shell:Creating prefix script '/home/samaviajaffery/project_ws/install/local_setup.ps1'
[2.643s] INFO:colcon.colcon_core.shell:Creating prefix util module '/home/samaviajaffery/project_ws/install/_local_setup_util_ps1.py'
[2.649s] INFO:colcon.colcon_core.shell:Creating prefix chain script '/home/samaviajaffery/project_ws/install/setup.ps1'
[2.656s] INFO:colcon.colcon_core.shell:Creating prefix script '/home/samaviajaffery/project_ws/install/local_setup.sh'
[2.659s] INFO:colcon.colcon_core.shell:Creating prefix util module '/home/samaviajaffery/project_ws/install/_local_setup_util_sh.py'
[2.662s] INFO:colcon.colcon_core.shell:Creating prefix chain script '/home/samaviajaffery/project_ws/install/setup.sh'
[2.669s] INFO:colcon.colcon_core.shell:Creating prefix script '/home/samaviajaffery/project_ws/install/local_setup.bash'
[2.673s] INFO:colcon.colcon_core.shell:Creating prefix chain script '/home/samaviajaffery/project_ws/install/setup.bash'
[2.680s] INFO:colcon.colcon_core.shell:Creating prefix script '/home/samaviajaffery/project_ws/install/local_setup.zsh'
[2.684s] INFO:colcon.colcon_core.shell:Creating prefix chain script '/home/samaviajaffery/project_ws/install/setup.zsh'
