[0.157s] DEBUG:colcon:Command line arguments: ['/usr/bin/colcon', 'build']
[0.157s] DEBUG:colcon:Parsed command line arguments: Namespace(log_base=None, log_level=None, verb_name='build', build_base='build', install_base='install', merge_install=False, symlink_install=False, test_result_base=None, continue_on_error=False, executor='parallel', parallel_workers=2, event_handlers=None, ignore_user_meta=False, metas=['./colcon.meta'], base_paths=['.'], packages_ignore=None, packages_ignore_regex=None, paths=None, packages_up_to=None, packages_up_to_regex=None, packages_above=None, packages_above_and_dependencies=None, packages_above_depth=None, packages_select_by_dep=None, packages_skip_by_dep=None, packages_skip_up_to=None, packages_select_build_failed=False, packages_skip_build_finished=False, packages_select_test_failures=False, packages_skip_test_passed=False, packages_select=None, packages_skip=None, packages_select_regex=None, packages_skip_regex=None, packages_start=None, packages_end=None, allow_overriding=[], cmake_args=None, cmake_target=None, cmake_target_skip_unavailable=False, cmake_clean_cache=False, cmake_clean_first=False, cmake_force_configure=False, ament_cmake_args=None, catkin_cmake_args=None, catkin_skip_building_tests=False, mixin_files=None, mixin=None, verb_parser=<colcon_mixin.mixin.mixin_argument.MixinArgumentDecorator object at 0x7dbcf045f520>, verb_extension=<colcon_core.verb.build.BuildVerb object at 0x7dbcf045f070>, main=<bound method BuildVerb.main of <colcon_core.verb.build.BuildVerb object at 0x7dbcf045f070>>, mixin_verb=('build',))
[0.413s] Level 1:colcon.colcon_core.package_discovery:discover_packages(colcon_meta) check parameters
[0.413s] Level 1:colcon.colcon_core.package_discovery:discover_packages(recursive) check parameters
[0.413s] Level 1:colcon.colcon_core.package_discovery:discover_packages(ignore) check parameters
[0.413s] Level 1:colcon.colcon_core.package_discovery:discover_packages(path) check parameters
[0.413s] Level 1:colcon.colcon_core.package_discovery:discover_packages(colcon_meta) discover
[0.414s] Level 1:colcon.colcon_core.package_discovery:discover_packages(recursive) discover
[0.414s] INFO:colcon.colcon_core.package_discovery:Crawling recursively for packages in '/home/samaviajaffery/project_ws'
[0.414s] Level 1:colcon.colcon_core.package_identification:_identify(.) by extensions ['ignore', 'ignore_ament_install']
[0.414s] Level 1:colcon.colcon_core.package_identification:_identify(.) by extension 'ignore'
[0.414s] Level 1:colcon.colcon_core.package_identification:_identify(.) by extension 'ignore_ament_install'
[0.414s] Level 1:colcon.colcon_core.package_identification:_identify(.) by extensions ['colcon_pkg']
[0.414s] Level 1:colcon.colcon_core.package_identification:_identify(.) by extension 'colcon_pkg'
[0.414s] Level 1:colcon.colcon_core.package_identification:_identify(.) by extensions ['colcon_meta']
[0.414s] Level 1:colcon.colcon_core.package_identification:_identify(.) by extension 'colcon_meta'
[0.414s] Level 1:colcon.colcon_core.package_identification:_identify(.) by extensions ['ros']
[0.414s] Level 1:colcon.colcon_core.package_identification:_identify(.) by extension 'ros'
[0.429s] Level 1:colcon.colcon_core.package_identification:_identify(.) by extensions ['cmake', 'python']
[0.429s] Level 1:colcon.colcon_core.package_identification:_identify(.) by extension 'cmake'
[0.429s] Level 1:colcon.colcon_core.package_identification:_identify(.) by extension 'python'
[0.429s] Level 1:colcon.colcon_core.package_identification:_identify(.) by extensions ['python_setup_py']
[0.429s] Level 1:colcon.colcon_core.package_identification:_identify(.) by extension 'python_setup_py'
[0.429s] Level 1:colcon.colcon_core.package_identification:_identify(build) by extensions ['ignore', 'ignore_ament_install']
[0.429s] Level 1:colcon.colcon_core.package_identification:_identify(build) by extension 'ignore'
[0.430s] Level 1:colcon.colcon_core.package_identification:_identify(build) ignored
[0.430s] Level 1:colcon.colcon_core.package_identification:_identify(install) by extensions ['ignore', 'ignore_ament_install']
[0.430s] Level 1:colcon.colcon_core.package_identification:_identify(install) by extension 'ignore'
[0.430s] Level 1:colcon.colcon_core.package_identification:_identify(install) ignored
[0.430s] Level 1:colcon.colcon_core.package_identification:_identify(log) by extensions ['ignore', 'ignore_ament_install']
[0.430s] Level 1:colcon.colcon_core.package_identification:_identify(log) by extension 'ignore'
[0.430s] Level 1:colcon.colcon_core.package_identification:_identify(log) ignored
[0.430s] Level 1:colcon.colcon_core.package_identification:_identify(src) by extensions ['ignore', 'ignore_ament_install']
[0.430s] Level 1:colcon.colcon_core.package_identification:_identify(src) by extension 'ignore'
[0.430s] Level 1:colcon.colcon_core.package_identification:_identify(src) by extension 'ignore_ament_install'
[0.430s] Level 1:colcon.colcon_core.package_identification:_identify(src) by extensions ['colcon_pkg']
[0.431s] Level 1:colcon.colcon_core.package_identification:_identify(src) by extension 'colcon_pkg'
[0.431s] Level 1:colcon.colcon_core.package_identification:_identify(src) by extensions ['colcon_meta']
[0.431s] Level 1:colcon.colcon_core.package_identification:_identify(src) by extension 'colcon_meta'
[0.431s] Level 1:colcon.colcon_core.package_identification:_identify(src) by extensions ['ros']
[0.431s] Level 1:colcon.colcon_core.package_identification:_identify(src) by extension 'ros'
[0.431s] Level 1:colcon.colcon_core.package_identification:_identify(src) by extensions ['cmake', 'python']
[0.431s] Level 1:colcon.colcon_core.package_identification:_identify(src) by extension 'cmake'
[0.431s] Level 1:colcon.colcon_core.package_identification:_identify(src) by extension 'python'
[0.431s] Level 1:colcon.colcon_core.package_identification:_identify(src) by extensions ['python_setup_py']
[0.431s] Level 1:colcon.colcon_core.package_identification:_identify(src) by extension 'python_setup_py'
[0.431s] Level 1:colcon.colcon_core.package_identification:_identify(src/baseline_cv) by extensions ['ignore', 'ignore_ament_install']
[0.431s] Level 1:colcon.colcon_core.package_identification:_identify(src/baseline_cv) by extension 'ignore'
[0.431s] Level 1:colcon.colcon_core.package_identification:_identify(src/baseline_cv) by extension 'ignore_ament_install'
[0.431s] Level 1:colcon.colcon_core.package_identification:_identify(src/baseline_cv) by extensions ['colcon_pkg']
[0.431s] Level 1:colcon.colcon_core.package_identification:_identify(src/baseline_cv) by extension 'colcon_pkg'
[0.431s] Level 1:colcon.colcon_core.package_identification:_identify(src/baseline_cv) by extensions ['colcon_meta']
[0.431s] Level 1:colcon.colcon_core.package_identification:_identify(src/baseline_cv) by extension 'colcon_meta'
[0.432s] Level 1:colcon.colcon_core.package_identification:_identify(src/baseline_cv) by extensions ['ros']
[0.432s] Level 1:colcon.colcon_core.package_identification:_identify(src/baseline_cv) by extension 'ros'
[0.435s] DEBUG:colcon.colcon_core.package_identification:Package 'src/baseline_cv' with type 'ros.ament_python' and name 'baseline_cv'
[0.435s] Level 1:colcon.colcon_core.package_identification:_identify(src/command_mapper) by extensions ['ignore', 'ignore_ament_install']
[0.435s] Level 1:colcon.colcon_core.package_identification:_identify(src/command_mapper) by extension 'ignore'
[0.435s] Level 1:colcon.colcon_core.package_identification:_identify(src/command_mapper) by extension 'ignore_ament_install'
[0.435s] Level 1:colcon.colcon_core.package_identification:_identify(src/command_mapper) by extensions ['colcon_pkg']
[0.436s] Level 1:colcon.colcon_core.package_identification:_identify(src/command_mapper) by extension 'colcon_pkg'
[0.436s] Level 1:colcon.colcon_core.package_identification:_identify(src/command_mapper) by extensions ['colcon_meta']
[0.436s] Level 1:colcon.colcon_core.package_identification:_identify(src/command_mapper) by extension 'colcon_meta'
[0.436s] Level 1:colcon.colcon_core.package_identification:_identify(src/command_mapper) by extensions ['ros']
[0.436s] Level 1:colcon.colcon_core.package_identification:_identify(src/command_mapper) by extension 'ros'
[0.437s] DEBUG:colcon.colcon_core.package_identification:Package 'src/command_mapper' with type 'ros.ament_python' and name 'command_mapper'
[0.437s] Level 1:colcon.colcon_core.package_identification:_identify(src/model_oa) by extensions ['ignore', 'ignore_ament_install']
[0.437s] Level 1:colcon.colcon_core.package_identification:_identify(src/model_oa) by extension 'ignore'
[0.438s] Level 1:colcon.colcon_core.package_identification:_identify(src/model_oa) by extension 'ignore_ament_install'
[0.438s] Level 1:colcon.colcon_core.package_identification:_identify(src/model_oa) by extensions ['colcon_pkg']
[0.438s] Level 1:colcon.colcon_core.package_identification:_identify(src/model_oa) by extension 'colcon_pkg'
[0.438s] Level 1:colcon.colcon_core.package_identification:_identify(src/model_oa) by extensions ['colcon_meta']
[0.438s] Level 1:colcon.colcon_core.package_identification:_identify(src/model_oa) by extension 'colcon_meta'
[0.438s] Level 1:colcon.colcon_core.package_identification:_identify(src/model_oa) by extensions ['ros']
[0.438s] Level 1:colcon.colcon_core.package_identification:_identify(src/model_oa) by extension 'ros'
[0.439s] DEBUG:colcon.colcon_core.package_identification:Package 'src/model_oa' with type 'ros.ament_python' and name 'model_oa'
[0.440s] Level 1:colcon.colcon_core.package_identification:_identify(src/vlm_driver_msgs) by extensions ['ignore', 'ignore_ament_install']
[0.440s] Level 1:colcon.colcon_core.package_identification:_identify(src/vlm_driver_msgs) by extension 'ignore'
[0.440s] Level 1:colcon.colcon_core.package_identification:_identify(src/vlm_driver_msgs) by extension 'ignore_ament_install'
[0.440s] Level 1:colcon.colcon_core.package_identification:_identify(src/vlm_driver_msgs) by extensions ['colcon_pkg']
[0.440s] Level 1:colcon.colcon_core.package_identification:_identify(src/vlm_driver_msgs) by extension 'colcon_pkg'
[0.440s] Level 1:colcon.colcon_core.package_identification:_identify(src/vlm_driver_msgs) by extensions ['colcon_meta']
[0.440s] Level 1:colcon.colcon_core.package_identification:_identify(src/vlm_driver_msgs) by extension 'colcon_meta'
[0.440s] Level 1:colcon.colcon_core.package_identification:_identify(src/vlm_driver_msgs) by extensions ['ros']
[0.440s] Level 1:colcon.colcon_core.package_identification:_identify(src/vlm_driver_msgs) by extension 'ros'
[0.441s] DEBUG:colcon.colcon_core.package_identification:Package 'src/vlm_driver_msgs' with type 'ros.ament_cmake' and name 'vlm_driver_msgs'
[0.441s] Level 1:colcon.colcon_core.package_discovery:discover_packages(recursive) using defaults
[0.441s] Level 1:colcon.colcon_core.package_discovery:discover_packages(ignore) discover
[0.441s] Level 1:colcon.colcon_core.package_discovery:discover_packages(ignore) using defaults
[0.441s] Level 1:colcon.colcon_core.package_discovery:discover_packages(path) discover
[0.441s] Level 1:colcon.colcon_core.package_discovery:discover_packages(path) using defaults
[0.485s] Level 1:colcon.colcon_core.package_discovery:discover_packages(prefix_path) check parameters
[0.486s] Level 1:colcon.colcon_core.package_discovery:discover_packages(prefix_path) discover
[0.488s] DEBUG:colcon.colcon_installed_package_information.package_discovery:Found 5 installed packages in /home/samaviajaffery/project_ws/install
[0.489s] DEBUG:colcon.colcon_installed_package_information.package_discovery:Found 0 installed packages in /home/samaviajaffery/project_ws/src/model_oa/model_oa/remote_model_oa/install
[0.491s] DEBUG:colcon.colcon_installed_package_information.package_discovery:Found 297 installed packages in /opt/ros/humble
[0.493s] Level 1:colcon.colcon_core.package_discovery:discover_packages(prefix_path) using defaults
[0.553s] Level 5:colcon.colcon_core.verb:set package 'vlm_driver_msgs' build argument 'cmake_args' from command line to 'None'
[0.554s] Level 5:colcon.colcon_core.verb:set package 'vlm_driver_msgs' build argument 'cmake_target' from command line to 'None'
[0.554s] Level 5:colcon.colcon_core.verb:set package 'vlm_driver_msgs' build argument 'cmake_target_skip_unavailable' from command line to 'False'
[0.554s] Level 5:colcon.colcon_core.verb:set package 'vlm_driver_msgs' build argument 'cmake_clean_cache' from command line to 'False'
[0.554s] Level 5:colcon.colcon_core.verb:set package 'vlm_driver_msgs' build argument 'cmake_clean_first' from command line to 'False'
[0.554s] Level 5:colcon.colcon_core.verb:set package 'vlm_driver_msgs' build argument 'cmake_force_configure' from command line to 'False'
[0.554s] Level 5:colcon.colcon_core.verb:set package 'vlm_driver_msgs' build argument 'ament_cmake_args' from command line to 'None'
[0.554s] Level 5:colcon.colcon_core.verb:set package 'vlm_driver_msgs' build argument 'catkin_cmake_args' from command line to 'None'
[0.554s] Level 5:colcon.colcon_core.verb:set package 'vlm_driver_msgs' build argument 'catkin_skip_building_tests' from command line to 'False'
[0.554s] DEBUG:colcon.colcon_core.verb:Building package 'vlm_driver_msgs' with the following arguments: {'ament_cmake_args': None, 'build_base': '/home/samaviajaffery/project_ws/build/vlm_driver_msgs', 'catkin_cmake_args': None, 'catkin_skip_building_tests': False, 'cmake_args': None, 'cmake_clean_cache': False, 'cmake_clean_first': False, 'cmake_force_configure': False, 'cmake_target': None, 'cmake_target_skip_unavailable': False, 'install_base': '/home/samaviajaffery/project_ws/install/vlm_driver_msgs', 'merge_install': False, 'path': '/home/samaviajaffery/project_ws/src/vlm_driver_msgs', 'symlink_install': False, 'test_result_base': None}
[0.555s] Level 5:colcon.colcon_core.verb:set package 'baseline_cv' build argument 'cmake_args' from command line to 'None'
[0.555s] Level 5:colcon.colcon_core.verb:set package 'baseline_cv' build argument 'cmake_target' from command line to 'None'
[0.555s] Level 5:colcon.colcon_core.verb:set package 'baseline_cv' build argument 'cmake_target_skip_unavailable' from command line to 'False'
[0.555s] Level 5:colcon.colcon_core.verb:set package 'baseline_cv' build argument 'cmake_clean_cache' from command line to 'False'
[0.555s] Level 5:colcon.colcon_core.verb:set package 'baseline_cv' build argument 'cmake_clean_first' from command line to 'False'
[0.556s] Level 5:colcon.colcon_core.verb:set package 'baseline_cv' build argument 'cmake_force_configure' from command line to 'False'
[0.556s] Level 5:colcon.colcon_core.verb:set package 'baseline_cv' build argument 'ament_cmake_args' from command line to 'None'
[0.556s] Level 5:colcon.colcon_core.verb:set package 'baseline_cv' build argument 'catkin_cmake_args' from command line to 'None'
[0.556s] Level 5:colcon.colcon_core.verb:set package 'baseline_cv' build argument 'catkin_skip_building_tests' from command line to 'False'
[0.556s] DEBUG:colcon.colcon_core.verb:Building package 'baseline_cv' with the following arguments: {'ament_cmake_args': None, 'build_base': '/home/samaviajaffery/project_ws/build/baseline_cv', 'catkin_cmake_args': None, 'catkin_skip_building_tests': False, 'cmake_args': None, 'cmake_clean_cache': False, 'cmake_clean_first': False, 'cmake_force_configure': False, 'cmake_target': None, 'cmake_target_skip_unavailable': False, 'install_base': '/home/samaviajaffery/project_ws/install/baseline_cv', 'merge_install': False, 'path': '/home/samaviajaffery/project_ws/src/baseline_cv', 'symlink_install': False, 'test_result_base': None}
[0.557s] Level 5:colcon.colcon_core.verb:set package 'command_mapper' build argument 'cmake_args' from command line to 'None'
[0.557s] Level 5:colcon.colcon_core.verb:set package 'command_mapper' build argument 'cmake_target' from command line to 'None'
[0.557s] Level 5:colcon.colcon_core.verb:set package 'command_mapper' build argument 'cmake_target_skip_unavailable' from command line to 'False'
[0.557s] Level 5:colcon.colcon_core.verb:set package 'command_mapper' build argument 'cmake_clean_cache' from command line to 'False'
[0.557s] Level 5:colcon.colcon_core.verb:set package 'command_mapper' build argument 'cmake_clean_first' from command line to 'False'
[0.557s] Level 5:colcon.colcon_core.verb:set package 'command_mapper' build argument 'cmake_force_configure' from command line to 'False'
[0.557s] Level 5:colcon.colcon_core.verb:set package 'command_mapper' build argument 'ament_cmake_args' from command line to 'None'
[0.557s] Level 5:colcon.colcon_core.verb:set package 'command_mapper' build argument 'catkin_cmake_args' from command line to 'None'
[0.557s] Level 5:colcon.colcon_core.verb:set package 'command_mapper' build argument 'catkin_skip_building_tests' from command line to 'False'
[0.557s] DEBUG:colcon.colcon_core.verb:Building package 'command_mapper' with the following arguments: {'ament_cmake_args': None, 'build_base': '/home/samaviajaffery/project_ws/build/command_mapper', 'catkin_cmake_args': None, 'catkin_skip_building_tests': False, 'cmake_args': None, 'cmake_clean_cache': False, 'cmake_clean_first': False, 'cmake_force_configure': False, 'cmake_target': None, 'cmake_target_skip_unavailable': False, 'install_base': '/home/samaviajaffery/project_ws/install/command_mapper', 'merge_install': False, 'path': '/home/samaviajaffery/project_ws/src/command_mapper', 'symlink_install': False, 'test_result_base': None}
[0.558s] Level 5:colcon.colcon_core.verb:set package 'model_oa' build argument 'cmake_args' from command line to 'None'
[0.558s] Level 5:colcon.colcon_core.verb:set package 'model_oa' build argument 'cmake_target' from command line to 'None'
[0.558s] Level 5:colcon.colcon_core.verb:set package 'model_oa' build argument 'cmake_target_skip_unavailable' from command line to 'False'
[0.558s] Level 5:colcon.colcon_core.verb:set package 'model_oa' build argument 'cmake_clean_cache' from command line to 'False'
[0.558s] Level 5:colcon.colcon_core.verb:set package 'model_oa' build argument 'cmake_clean_first' from command line to 'False'
[0.560s] Level 5:colcon.colcon_core.verb:set package 'model_oa' build argument 'cmake_force_configure' from command line to 'False'
[0.560s] Level 5:colcon.colcon_core.verb:set package 'model_oa' build argument 'ament_cmake_args' from command line to 'None'
[0.560s] Level 5:colcon.colcon_core.verb:set package 'model_oa' build argument 'catkin_cmake_args' from command line to 'None'
[0.560s] Level 5:colcon.colcon_core.verb:set package 'model_oa' build argument 'catkin_skip_building_tests' from command line to 'False'
[0.560s] DEBUG:colcon.colcon_core.verb:Building package 'model_oa' with the following arguments: {'ament_cmake_args': None, 'build_base': '/home/samaviajaffery/project_ws/build/model_oa', 'catkin_cmake_args': None, 'catkin_skip_building_tests': False, 'cmake_args': None, 'cmake_clean_cache': False, 'cmake_clean_first': False, 'cmake_force_configure': False, 'cmake_target': None, 'cmake_target_skip_unavailable': False, 'install_base': '/home/samaviajaffery/project_ws/install/model_oa', 'merge_install': False, 'path': '/home/samaviajaffery/project_ws/src/model_oa', 'symlink_install': False, 'test_result_base': None}
[0.561s] INFO:colcon.colcon_core.executor:Executing jobs using 'parallel' executor
[0.562s] DEBUG:colcon.colcon_parallel_executor.executor.parallel:run_until_complete
[0.563s] INFO:colcon.colcon_ros.task.ament_cmake.build:Building ROS package in '/home/samaviajaffery/project_ws/src/vlm_driver_msgs' with build type 'ament_cmake'
[0.563s] INFO:colcon.colcon_cmake.task.cmake.build:Building CMake package in '/home/samaviajaffery/project_ws/src/vlm_driver_msgs'
[0.568s] INFO:colcon.colcon_core.plugin_system:Skipping extension 'colcon_core.shell.bat': Not used on non-Windows systems
[0.568s] INFO:colcon.colcon_core.shell:Skip shell extension 'powershell' for command environment: Not usable outside of PowerShell
[0.568s] DEBUG:colcon.colcon_core.shell:Skip shell extension 'dsv' for command environment
[0.596s] DEBUG:colcon.colcon_core.event_handler.log_command:Invoking command in '/home/samaviajaffery/project_ws/build/vlm_driver_msgs': CMAKE_PREFIX_PATH=${CMAKE_PREFIX_PATH}:/home/samaviajaffery/project_ws/install/model_oa:/home/samaviajaffery/project_ws/install/command_mapper:/home/samaviajaffery/project_ws/install/baseline_cv:/home/samaviajaffery/project_ws/install/vesc_bridge:/opt/ros/humble /usr/bin/cmake --build /home/samaviajaffery/project_ws/build/vlm_driver_msgs -- -j2 -l2
[2.108s] DEBUG:colcon.colcon_core.event_handler.log_command:Invoked command in '/home/samaviajaffery/project_ws/build/vlm_driver_msgs' returned '0': CMAKE_PREFIX_PATH=${CMAKE_PREFIX_PATH}:/home/samaviajaffery/project_ws/install/model_oa:/home/samaviajaffery/project_ws/install/command_mapper:/home/samaviajaffery/project_ws/install/baseline_cv:/home/samaviajaffery/project_ws/install/vesc_bridge:/opt/ros/humble /usr/bin/cmake --build /home/samaviajaffery/project_ws/build/vlm_driver_msgs -- -j2 -l2
[2.129s] DEBUG:colcon.colcon_core.event_handler.log_command:Invoking command in '/home/samaviajaffery/project_ws/build/vlm_driver_msgs': CMAKE_PREFIX_PATH=${CMAKE_PREFIX_PATH}:/home/samaviajaffery/project_ws/install/model_oa:/home/samaviajaffery/project_ws/install/command_mapper:/home/samaviajaffery/project_ws/install/baseline_cv:/home/samaviajaffery/project_ws/install/vesc_bridge:/opt/ros/humble /usr/bin/cmake --install /home/samaviajaffery/project_ws/build/vlm_driver_msgs
[2.274s] Level 1:colcon.colcon_core.environment:create_environment_scripts_only(vlm_driver_msgs)
[2.277s] DEBUG:colcon.colcon_core.event_handler.log_command:Invoked command in '/home/samaviajaffery/project_ws/build/vlm_driver_msgs' returned '0': CMAKE_PREFIX_PATH=${CMAKE_PREFIX_PATH}:/home/samaviajaffery/project_ws/install/model_oa:/home/samaviajaffery/project_ws/install/command_mapper:/home/samaviajaffery/project_ws/install/baseline_cv:/home/samaviajaffery/project_ws/install/vesc_bridge:/opt/ros/humble /usr/bin/cmake --install /home/samaviajaffery/project_ws/build/vlm_driver_msgs
[2.279s] Level 1:colcon.colcon_core.environment:checking '/home/samaviajaffery/project_ws/install/vlm_driver_msgs' for CMake module files
[2.280s] Level 1:colcon.colcon_core.environment:checking '/home/samaviajaffery/project_ws/install/vlm_driver_msgs' for CMake config files
[2.281s] Level 1:colcon.colcon_core.shell:create_environment_hook('vlm_driver_msgs', 'cmake_prefix_path')
[2.281s] INFO:colcon.colcon_core.shell:Creating environment hook '/home/samaviajaffery/project_ws/install/vlm_driver_msgs/share/vlm_driver_msgs/hook/cmake_prefix_path.ps1'
[2.283s] INFO:colcon.colcon_core.shell:Creating environment descriptor '/home/samaviajaffery/project_ws/install/vlm_driver_msgs/share/vlm_driver_msgs/hook/cmake_prefix_path.dsv'
[2.284s] INFO:colcon.colcon_core.shell:Creating environment hook '/home/samaviajaffery/project_ws/install/vlm_driver_msgs/share/vlm_driver_msgs/hook/cmake_prefix_path.sh'
[2.286s] Level 1:colcon.colcon_core.environment:checking '/home/samaviajaffery/project_ws/install/vlm_driver_msgs/lib'
[2.287s] Level 1:colcon.colcon_core.shell:create_environment_hook('vlm_driver_msgs', 'ld_library_path_lib')
[2.287s] INFO:colcon.colcon_core.shell:Creating environment hook '/home/samaviajaffery/project_ws/install/vlm_driver_msgs/share/vlm_driver_msgs/hook/ld_library_path_lib.ps1'
[2.288s] INFO:colcon.colcon_core.shell:Creating environment descriptor '/home/samaviajaffery/project_ws/install/vlm_driver_msgs/share/vlm_driver_msgs/hook/ld_library_path_lib.dsv'
[2.289s] INFO:colcon.colcon_core.shell:Creating environment hook '/home/samaviajaffery/project_ws/install/vlm_driver_msgs/share/vlm_driver_msgs/hook/ld_library_path_lib.sh'
[2.294s] Level 1:colcon.colcon_core.environment:checking '/home/samaviajaffery/project_ws/install/vlm_driver_msgs/bin'
[2.295s] Level 1:colcon.colcon_core.environment:checking '/home/samaviajaffery/project_ws/install/vlm_driver_msgs/lib/pkgconfig/vlm_driver_msgs.pc'
[2.297s] Level 1:colcon.colcon_core.environment:checking '/home/samaviajaffery/project_ws/install/vlm_driver_msgs/lib/python3.10/site-packages'
[2.298s] Level 1:colcon.colcon_core.environment:checking '/home/samaviajaffery/project_ws/install/vlm_driver_msgs/bin'
[2.299s] INFO:colcon.colcon_core.shell:Creating package script '/home/samaviajaffery/project_ws/install/vlm_driver_msgs/share/vlm_driver_msgs/package.ps1'
[2.300s] INFO:colcon.colcon_core.shell:Creating package descriptor '/home/samaviajaffery/project_ws/install/vlm_driver_msgs/share/vlm_driver_msgs/package.dsv'
[2.302s] INFO:colcon.colcon_core.shell:Creating package script '/home/samaviajaffery/project_ws/install/vlm_driver_msgs/share/vlm_driver_msgs/package.sh'
[2.303s] INFO:colcon.colcon_core.shell:Creating package script '/home/samaviajaffery/project_ws/install/vlm_driver_msgs/share/vlm_driver_msgs/package.bash'
[2.305s] INFO:colcon.colcon_core.shell:Creating package script '/home/samaviajaffery/project_ws/install/vlm_driver_msgs/share/vlm_driver_msgs/package.zsh'
[2.306s] Level 1:colcon.colcon_core.environment:create_file_with_runtime_dependencies(/home/samaviajaffery/project_ws/install/vlm_driver_msgs/share/colcon-core/packages/vlm_driver_msgs)
[2.308s] Level 1:colcon.colcon_core.environment:create_environment_scripts_only(vlm_driver_msgs)
[2.308s] Level 1:colcon.colcon_core.environment:checking '/home/samaviajaffery/project_ws/install/vlm_driver_msgs' for CMake module files
[2.309s] Level 1:colcon.colcon_core.environment:checking '/home/samaviajaffery/project_ws/install/vlm_driver_msgs' for CMake config files
[2.310s] Level 1:colcon.colcon_core.shell:create_environment_hook('vlm_driver_msgs', 'cmake_prefix_path')
[2.310s] INFO:colcon.colcon_core.shell:Creating environment hook '/home/samaviajaffery/project_ws/install/vlm_driver_msgs/share/vlm_driver_msgs/hook/cmake_prefix_path.ps1'
[2.311s] INFO:colcon.colcon_core.shell:Creating environment descriptor '/home/samaviajaffery/project_ws/install/vlm_driver_msgs/share/vlm_driver_msgs/hook/cmake_prefix_path.dsv'
[2.312s] INFO:colcon.colcon_core.shell:Creating environment hook '/home/samaviajaffery/project_ws/install/vlm_driver_msgs/share/vlm_driver_msgs/hook/cmake_prefix_path.sh'
[2.313s] Level 1:colcon.colcon_core.environment:checking '/home/samaviajaffery/project_ws/install/vlm_driver_msgs/lib'
[2.313s] Level 1:colcon.colcon_core.shell:create_environment_hook('vlm_driver_msgs', 'ld_library_path_lib')
[2.314s] INFO:colcon.colcon_core.shell:Creating environment hook '/home/samaviajaffery/project_ws/install/vlm_driver_msgs/share/vlm_driver_msgs/hook/ld_library_path_lib.ps1'
[2.314s] INFO:colcon.colcon_core.shell:Creating environment descriptor '/home/samaviajaffery/project_ws/install/vlm_driver_msgs/share/vlm_driver_msgs/hook/ld_library_path_lib.dsv'
[2.315s] INFO:colcon.colcon_core.shell:Creating environment hook '/home/samaviajaffery/project_ws/install/vlm_driver_msgs/share/vlm_driver_msgs/hook/ld_library_path_lib.sh'
[2.316s] Level 1:colcon.colcon_core.environment:checking '/home/samaviajaffery/project_ws/install/vlm_driver_msgs/bin'
[2.317s] Level 1:colcon.colcon_core.environment:checking '/home/samaviajaffery/project_ws/install/vlm_driver_msgs/lib/pkgconfig/vlm_driver_msgs.pc'
[2.317s] Level 1:colcon.colcon_core.environment:checking '/home/samaviajaffery/project_ws/install/vlm_driver_msgs/lib/python3.10/site-packages'
[2.317s] Level 1:colcon.colcon_core.environment:checking '/home/samaviajaffery/project_ws/install/vlm_driver_msgs/bin'
[2.318s] INFO:colcon.colcon_core.shell:Creating package script '/home/samaviajaffery/project_ws/install/vlm_driver_msgs/share/vlm_driver_msgs/package.ps1'
[2.319s] INFO:colcon.colcon_core.shell:Creating package descriptor '/home/samaviajaffery/project_ws/install/vlm_driver_msgs/share/vlm_driver_msgs/package.dsv'
[2.320s] INFO:colcon.colcon_core.shell:Creating package script '/home/samaviajaffery/project_ws/install/vlm_driver_msgs/share/vlm_driver_msgs/package.sh'
[2.321s] INFO:colcon.colcon_core.shell:Creating package script '/home/samaviajaffery/project_ws/install/vlm_driver_msgs/share/vlm_driver_msgs/package.bash'
[2.323s] INFO:colcon.colcon_core.shell:Creating package script '/home/samaviajaffery/project_ws/install/vlm_driver_msgs/share/vlm_driver_msgs/package.zsh'
[2.324s] Level 1:colcon.colcon_core.environment:create_file_with_runtime_dependencies(/home/samaviajaffery/project_ws/install/vlm_driver_msgs/share/colcon-core/packages/vlm_driver_msgs)
[2.326s] INFO:colcon.colcon_ros.task.ament_python.build:Building ROS package in '/home/samaviajaffery/project_ws/src/baseline_cv' with build type 'ament_python'
[2.326s] Level 1:colcon.colcon_core.shell:create_environment_hook('baseline_cv', 'ament_prefix_path')
[2.327s] INFO:colcon.colcon_core.shell:Creating environment hook '/home/samaviajaffery/project_ws/install/baseline_cv/share/baseline_cv/hook/ament_prefix_path.ps1'
[2.328s] INFO:colcon.colcon_core.shell:Creating environment descriptor '/home/samaviajaffery/project_ws/install/baseline_cv/share/baseline_cv/hook/ament_prefix_path.dsv'
[2.329s] INFO:colcon.colcon_core.shell:Creating environment hook '/home/samaviajaffery/project_ws/install/baseline_cv/share/baseline_cv/hook/ament_prefix_path.sh'
[2.330s] INFO:colcon.colcon_core.shell:Skip shell extension 'powershell' for command environment: Not usable outside of PowerShell
[2.330s] DEBUG:colcon.colcon_core.shell:Skip shell extension 'dsv' for command environment
[2.339s] INFO:colcon.colcon_ros.task.ament_python.build:Building ROS package in '/home/samaviajaffery/project_ws/src/command_mapper' with build type 'ament_python'
[2.340s] Level 1:colcon.colcon_core.shell:create_environment_hook('command_mapper', 'ament_prefix_path')
[2.340s] INFO:colcon.colcon_core.shell:Creating environment hook '/home/samaviajaffery/project_ws/install/command_mapper/share/command_mapper/hook/ament_prefix_path.ps1'
[2.345s] INFO:colcon.colcon_core.shell:Creating environment descriptor '/home/samaviajaffery/project_ws/install/command_mapper/share/command_mapper/hook/ament_prefix_path.dsv'
[2.346s] INFO:colcon.colcon_core.shell:Creating environment hook '/home/samaviajaffery/project_ws/install/command_mapper/share/command_mapper/hook/ament_prefix_path.sh'
[2.347s] INFO:colcon.colcon_core.shell:Skip shell extension 'powershell' for command environment: Not usable outside of PowerShell
[2.347s] DEBUG:colcon.colcon_core.shell:Skip shell extension 'dsv' for command environment
[2.977s] INFO:colcon.colcon_core.task.python.build:Building Python package in '/home/samaviajaffery/project_ws/src/baseline_cv'
[2.977s] INFO:colcon.colcon_core.shell:Skip shell extension 'powershell' for command environment: Not usable outside of PowerShell
[2.977s] DEBUG:colcon.colcon_core.shell:Skip shell extension 'dsv' for command environment
[3.411s] INFO:colcon.colcon_core.task.python.build:Building Python package in '/home/samaviajaffery/project_ws/src/command_mapper'
[3.411s] INFO:colcon.colcon_core.shell:Skip shell extension 'powershell' for command environment: Not usable outside of PowerShell
[3.411s] DEBUG:colcon.colcon_core.shell:Skip shell extension 'dsv' for command environment
[4.057s] DEBUG:colcon.colcon_core.event_handler.log_command:Invoking command in '/home/samaviajaffery/project_ws/src/baseline_cv': PYTHONPATH=/home/samaviajaffery/project_ws/build/baseline_cv/prefix_override:/usr/lib/python3/dist-packages/colcon_core/task/python/colcon_distutils_commands:/home/samaviajaffery/project_ws/install/baseline_cv/lib/python3.10/site-packages:${PYTHONPATH} /usr/bin/python3 -W ignore:setup.py install is deprecated -W ignore:easy_install command is deprecated setup.py egg_info --egg-base ../../build/baseline_cv build --build-base /home/samaviajaffery/project_ws/build/baseline_cv/build install --record /home/samaviajaffery/project_ws/build/baseline_cv/install.log --single-version-externally-managed install_data
[4.090s] DEBUG:colcon.colcon_core.event_handler.log_command:Invoking command in '/home/samaviajaffery/project_ws/src/command_mapper': PYTHONPATH=/home/samaviajaffery/project_ws/build/command_mapper/prefix_override:/usr/lib/python3/dist-packages/colcon_core/task/python/colcon_distutils_commands:/home/samaviajaffery/project_ws/install/command_mapper/lib/python3.10/site-packages:${PYTHONPATH} /usr/bin/python3 -W ignore:setup.py install is deprecated -W ignore:easy_install command is deprecated setup.py egg_info --egg-base ../../build/command_mapper build --build-base /home/samaviajaffery/project_ws/build/command_mapper/build install --record /home/samaviajaffery/project_ws/build/command_mapper/install.log --single-version-externally-managed install_data
[4.816s] Level 1:colcon.colcon_core.environment:checking '/home/samaviajaffery/project_ws/install/command_mapper' for CMake module files
[4.817s] Level 1:colcon.colcon_core.environment:checking '/home/samaviajaffery/project_ws/install/command_mapper' for CMake config files
[4.817s] DEBUG:colcon.colcon_core.event_handler.log_command:Invoked command in '/home/samaviajaffery/project_ws/src/command_mapper' returned '0': PYTHONPATH=/home/samaviajaffery/project_ws/build/command_mapper/prefix_override:/usr/lib/python3/dist-packages/colcon_core/task/python/colcon_distutils_commands:/home/samaviajaffery/project_ws/install/command_mapper/lib/python3.10/site-packages:${PYTHONPATH} /usr/bin/python3 -W ignore:setup.py install is deprecated -W ignore:easy_install command is deprecated setup.py egg_info --egg-base ../../build/command_mapper build --build-base /home/samaviajaffery/project_ws/build/command_mapper/build install --record /home/samaviajaffery/project_ws/build/command_mapper/install.log --single-version-externally-managed install_data
[4.818s] Level 1:colcon.colcon_core.environment:checking '/home/samaviajaffery/project_ws/install/command_mapper/lib'
[4.819s] Level 1:colcon.colcon_core.environment:checking '/home/samaviajaffery/project_ws/install/command_mapper/bin'
[4.819s] Level 1:colcon.colcon_core.environment:checking '/home/samaviajaffery/project_ws/install/command_mapper/lib/pkgconfig/command_mapper.pc'
[4.819s] Level 1:colcon.colcon_core.environment:checking '/home/samaviajaffery/project_ws/install/command_mapper/lib/python3.10/site-packages'
[4.820s] Level 1:colcon.colcon_core.shell:create_environment_hook('command_mapper', 'pythonpath')
[4.820s] INFO:colcon.colcon_core.shell:Creating environment hook '/home/samaviajaffery/project_ws/install/command_mapper/share/command_mapper/hook/pythonpath.ps1'
[4.821s] INFO:colcon.colcon_core.shell:Creating environment descriptor '/home/samaviajaffery/project_ws/install/command_mapper/share/command_mapper/hook/pythonpath.dsv'
[4.823s] INFO:colcon.colcon_core.shell:Creating environment hook '/home/samaviajaffery/project_ws/install/command_mapper/share/command_mapper/hook/pythonpath.sh'
[4.826s] Level 1:colcon.colcon_core.environment:checking '/home/samaviajaffery/project_ws/install/command_mapper/bin'
[4.827s] Level 1:colcon.colcon_core.environment:create_environment_scripts_only(command_mapper)
[4.828s] INFO:colcon.colcon_core.shell:Creating package script '/home/samaviajaffery/project_ws/install/command_mapper/share/command_mapper/package.ps1'
[4.830s] INFO:colcon.colcon_core.shell:Creating package descriptor '/home/samaviajaffery/project_ws/install/command_mapper/share/command_mapper/package.dsv'
[4.832s] INFO:colcon.colcon_core.shell:Creating package script '/home/samaviajaffery/project_ws/install/command_mapper/share/command_mapper/package.sh'
[4.834s] INFO:colcon.colcon_core.shell:Creating package script '/home/samaviajaffery/project_ws/install/command_mapper/share/command_mapper/package.bash'
[4.835s] INFO:colcon.colcon_core.shell:Creating package script '/home/samaviajaffery/project_ws/install/command_mapper/share/command_mapper/package.zsh'
[4.837s] Level 1:colcon.colcon_core.environment:create_file_with_runtime_dependencies(/home/samaviajaffery/project_ws/install/command_mapper/share/colcon-core/packages/command_mapper)
[4.839s] INFO:colcon.colcon_ros.task.ament_python.build:Building ROS package in '/home/samaviajaffery/project_ws/src/model_oa' with build type 'ament_python'
[4.839s] Level 1:colcon.colcon_core.shell:create_environment_hook('model_oa', 'ament_prefix_path')
[4.839s] INFO:colcon.colcon_core.shell:Creating environment hook '/home/samaviajaffery/project_ws/install/model_oa/share/model_oa/hook/ament_prefix_path.ps1'
[4.841s] INFO:colcon.colcon_core.shell:Creating environment descriptor '/home/samaviajaffery/project_ws/install/model_oa/share/model_oa/hook/ament_prefix_path.dsv'
[4.843s] INFO:colcon.colcon_core.shell:Creating environment hook '/home/samaviajaffery/project_ws/install/model_oa/share/model_oa/hook/ament_prefix_path.sh'
[4.845s] INFO:colcon.colcon_core.shell:Skip shell extension 'powershell' for command environment: Not usable outside of PowerShell
[4.845s] DEBUG:colcon.colcon_core.shell:Skip shell extension 'dsv' for command environment
[5.422s] INFO:colcon.colcon_core.task.python.build:Building Python package in '/home/samaviajaffery/project_ws/src/model_oa'
[5.423s] INFO:colcon.colcon_core.shell:Skip shell extension 'powershell' for command environment: Not usable outside of PowerShell
[5.423s] DEBUG:colcon.colcon_core.shell:Skip shell extension 'dsv' for command environment
[5.432s] Level 1:colcon.colcon_core.environment:checking '/home/samaviajaffery/project_ws/install/baseline_cv' for CMake module files
[5.433s] DEBUG:colcon.colcon_core.event_handler.log_command:Invoked command in '/home/samaviajaffery/project_ws/src/baseline_cv' returned '0': PYTHONPATH=/home/samaviajaffery/project_ws/build/baseline_cv/prefix_override:/usr/lib/python3/dist-packages/colcon_core/task/python/colcon_distutils_commands:/home/samaviajaffery/project_ws/install/baseline_cv/lib/python3.10/site-packages:${PYTHONPATH} /usr/bin/python3 -W ignore:setup.py install is deprecated -W ignore:easy_install command is deprecated setup.py egg_info --egg-base ../../build/baseline_cv build --build-base /home/samaviajaffery/project_ws/build/baseline_cv/build install --record /home/samaviajaffery/project_ws/build/baseline_cv/install.log --single-version-externally-managed install_data
[5.434s] Level 1:colcon.colcon_core.environment:checking '/home/samaviajaffery/project_ws/install/baseline_cv' for CMake config files
[5.436s] Level 1:colcon.colcon_core.environment:checking '/home/samaviajaffery/project_ws/install/baseline_cv/lib'
[5.436s] Level 1:colcon.colcon_core.environment:checking '/home/samaviajaffery/project_ws/install/baseline_cv/bin'
[5.437s] Level 1:colcon.colcon_core.environment:checking '/home/samaviajaffery/project_ws/install/baseline_cv/lib/pkgconfig/baseline_cv.pc'
[5.437s] Level 1:colcon.colcon_core.environment:checking '/home/samaviajaffery/project_ws/install/baseline_cv/lib/python3.10/site-packages'
[5.438s] Level 1:colcon.colcon_core.shell:create_environment_hook('baseline_cv', 'pythonpath')
[5.439s] INFO:colcon.colcon_core.shell:Creating environment hook '/home/samaviajaffery/project_ws/install/baseline_cv/share/baseline_cv/hook/pythonpath.ps1'
[5.440s] INFO:colcon.colcon_core.shell:Creating environment descriptor '/home/samaviajaffery/project_ws/install/baseline_cv/share/baseline_cv/hook/pythonpath.dsv'
[5.441s] INFO:colcon.colcon_core.shell:Creating environment hook '/home/samaviajaffery/project_ws/install/baseline_cv/share/baseline_cv/hook/pythonpath.sh'
[5.443s] Level 1:colcon.colcon_core.environment:checking '/home/samaviajaffery/project_ws/install/baseline_cv/bin'
[5.444s] Level 1:colcon.colcon_core.environment:create_environment_scripts_only(baseline_cv)
[5.444s] INFO:colcon.colcon_core.shell:Creating package script '/home/samaviajaffery/project_ws/install/baseline_cv/share/baseline_cv/package.ps1'
[5.446s] INFO:colcon.colcon_core.shell:Creating package descriptor '/home/samaviajaffery/project_ws/install/baseline_cv/share/baseline_cv/package.dsv'
[5.447s] INFO:colcon.colcon_core.shell:Creating package script '/home/samaviajaffery/project_ws/install/baseline_cv/share/baseline_cv/package.sh'
[5.448s] INFO:colcon.colcon_core.shell:Creating package script '/home/samaviajaffery/project_ws/install/baseline_cv/share/baseline_cv/package.bash'
[5.449s] INFO:colcon.colcon_core.shell:Creating package script '/home/samaviajaffery/project_ws/install/baseline_cv/share/baseline_cv/package.zsh'
[5.450s] Level 1:colcon.colcon_core.environment:create_file_with_runtime_dependencies(/home/samaviajaffery/project_ws/install/baseline_cv/share/colcon-core/packages/baseline_cv)
[6.165s] DEBUG:colcon.colcon_core.event_handler.log_command:Invoking command in '/home/samaviajaffery/project_ws/src/model_oa': PYTHONPATH=/home/samaviajaffery/project_ws/build/model_oa/prefix_override:/usr/lib/python3/dist-packages/colcon_core/task/python/colcon_distutils_commands:/home/samaviajaffery/project_ws/install/model_oa/lib/python3.10/site-packages:${PYTHONPATH} /usr/bin/python3 -W ignore:setup.py install is deprecated -W ignore:easy_install command is deprecated setup.py egg_info --egg-base ../../build/model_oa build --build-base /home/samaviajaffery/project_ws/build/model_oa/build install --record /home/samaviajaffery/project_ws/build/model_oa/install.log --single-version-externally-managed install_data
[6.785s] Level 1:colcon.colcon_core.environment:checking '/home/samaviajaffery/project_ws/install/model_oa' for CMake module files
[6.787s] DEBUG:colcon.colcon_core.event_handler.log_command:Invoked command in '/home/samaviajaffery/project_ws/src/model_oa' returned '0': PYTHONPATH=/home/samaviajaffery/project_ws/build/model_oa/prefix_override:/usr/lib/python3/dist-packages/colcon_core/task/python/colcon_distutils_commands:/home/samaviajaffery/project_ws/install/model_oa/lib/python3.10/site-packages:${PYTHONPATH} /usr/bin/python3 -W ignore:setup.py install is deprecated -W ignore:easy_install command is deprecated setup.py egg_info --egg-base ../../build/model_oa build --build-base /home/samaviajaffery/project_ws/build/model_oa/build install --record /home/samaviajaffery/project_ws/build/model_oa/install.log --single-version-externally-managed install_data
[6.787s] Level 1:colcon.colcon_core.environment:checking '/home/samaviajaffery/project_ws/install/model_oa' for CMake config files
[6.789s] Level 1:colcon.colcon_core.environment:checking '/home/samaviajaffery/project_ws/install/model_oa/lib'
[6.791s] Level 1:colcon.colcon_core.environment:checking '/home/samaviajaffery/project_ws/install/model_oa/bin'
[6.791s] Level 1:colcon.colcon_core.shell:create_environment_hook('model_oa', 'path')
[6.792s] INFO:colcon.colcon_core.shell:Creating environment hook '/home/samaviajaffery/project_ws/install/model_oa/share/model_oa/hook/path.ps1'
[6.795s] INFO:colcon.colcon_core.shell:Creating environment descriptor '/home/samaviajaffery/project_ws/install/model_oa/share/model_oa/hook/path.dsv'
[6.796s] INFO:colcon.colcon_core.shell:Creating environment hook '/home/samaviajaffery/project_ws/install/model_oa/share/model_oa/hook/path.sh'
[6.797s] Level 1:colcon.colcon_core.environment:checking '/home/samaviajaffery/project_ws/install/model_oa/lib/pkgconfig/model_oa.pc'
[6.797s] Level 1:colcon.colcon_core.environment:checking '/home/samaviajaffery/project_ws/install/model_oa/lib/python3.10/site-packages'
[6.797s] Level 1:colcon.colcon_core.shell:create_environment_hook('model_oa', 'pythonpath')
[6.798s] INFO:colcon.colcon_core.shell:Creating environment hook '/home/samaviajaffery/project_ws/install/model_oa/share/model_oa/hook/pythonpath.ps1'
[6.799s] INFO:colcon.colcon_core.shell:Creating environment descriptor '/home/samaviajaffery/project_ws/install/model_oa/share/model_oa/hook/pythonpath.dsv'
[6.800s] INFO:colcon.colcon_core.shell:Creating environment hook '/home/samaviajaffery/project_ws/install/model_oa/share/model_oa/hook/pythonpath.sh'
[6.801s] Level 1:colcon.colcon_core.environment:checking '/home/samaviajaffery/project_ws/install/model_oa/bin'
[6.801s] Level 1:colcon.colcon_core.shell:create_environment_hook('model_oa', 'pythonscriptspath')
[6.801s] INFO:colcon.colcon_core.shell:Creating environment hook '/home/samaviajaffery/project_ws/install/model_oa/share/model_oa/hook/pythonscriptspath.ps1'
[6.802s] INFO:colcon.colcon_core.shell:Creating environment descriptor '/home/samaviajaffery/project_ws/install/model_oa/share/model_oa/hook/pythonscriptspath.dsv'
[6.803s] INFO:colcon.colcon_core.shell:Creating environment hook '/home/samaviajaffery/project_ws/install/model_oa/share/model_oa/hook/pythonscriptspath.sh'
[6.804s] Level 1:colcon.colcon_core.environment:create_environment_scripts_only(model_oa)
[6.804s] INFO:colcon.colcon_core.shell:Creating package script '/home/samaviajaffery/project_ws/install/model_oa/share/model_oa/package.ps1'
[6.806s] INFO:colcon.colcon_core.shell:Creating package descriptor '/home/samaviajaffery/project_ws/install/model_oa/share/model_oa/package.dsv'
[6.807s] INFO:colcon.colcon_core.shell:Creating package script '/home/samaviajaffery/project_ws/install/model_oa/share/model_oa/package.sh'
[6.808s] INFO:colcon.colcon_core.shell:Creating package script '/home/samaviajaffery/project_ws/install/model_oa/share/model_oa/package.bash'
[6.809s] INFO:colcon.colcon_core.shell:Creating package script '/home/samaviajaffery/project_ws/install/model_oa/share/model_oa/package.zsh'
[6.810s] Level 1:colcon.colcon_core.environment:create_file_with_runtime_dependencies(/home/samaviajaffery/project_ws/install/model_oa/share/colcon-core/packages/model_oa)
[6.811s] DEBUG:colcon.colcon_parallel_executor.executor.parallel:closing loop
[6.811s] DEBUG:colcon.colcon_parallel_executor.executor.parallel:loop closed
[6.811s] DEBUG:colcon.colcon_parallel_executor.executor.parallel:run_until_complete finished with '0'
[6.811s] DEBUG:colcon.colcon_core.event_reactor:joining thread
[6.821s] INFO:colcon.colcon_core.plugin_system:Skipping extension 'colcon_notification.desktop_notification.terminal_notifier': Not used on non-Darwin systems
[6.821s] INFO:colcon.colcon_core.plugin_system:Skipping extension 'colcon_notification.desktop_notification.win32': Not used on non-Windows systems
[6.821s] INFO:colcon.colcon_notification.desktop_notification:Sending desktop notification using 'notify2'
[6.854s] DEBUG:colcon.colcon_core.event_reactor:joined thread
[6.854s] INFO:colcon.colcon_core.shell:Creating prefix script '/home/samaviajaffery/project_ws/install/local_setup.ps1'
[6.856s] INFO:colcon.colcon_core.shell:Creating prefix util module '/home/samaviajaffery/project_ws/install/_local_setup_util_ps1.py'
[6.858s] INFO:colcon.colcon_core.shell:Creating prefix chain script '/home/samaviajaffery/project_ws/install/setup.ps1'
[6.860s] INFO:colcon.colcon_core.shell:Creating prefix script '/home/samaviajaffery/project_ws/install/local_setup.sh'
[6.861s] INFO:colcon.colcon_core.shell:Creating prefix util module '/home/samaviajaffery/project_ws/install/_local_setup_util_sh.py'
[6.863s] INFO:colcon.colcon_core.shell:Creating prefix chain script '/home/samaviajaffery/project_ws/install/setup.sh'
[6.867s] INFO:colcon.colcon_core.shell:Creating prefix script '/home/samaviajaffery/project_ws/install/local_setup.bash'
[6.871s] INFO:colcon.colcon_core.shell:Creating prefix chain script '/home/samaviajaffery/project_ws/install/setup.bash'
[6.876s] INFO:colcon.colcon_core.shell:Creating prefix script '/home/samaviajaffery/project_ws/install/local_setup.zsh'
[6.877s] INFO:colcon.colcon_core.shell:Creating prefix chain script '/home/samaviajaffery/project_ws/install/setup.zsh'
