running egg_info
writing ../../build/model_oa/model_oa.egg-info/PKG-INFO
writing dependency_links to ../../build/model_oa/model_oa.egg-info/dependency_links.txt
writing entry points to ../../build/model_oa/model_oa.egg-info/entry_points.txt
writing requirements to ../../build/model_oa/model_oa.egg-info/requires.txt
writing top-level names to ../../build/model_oa/model_oa.egg-info/top_level.txt
reading manifest file '../../build/model_oa/model_oa.egg-info/SOURCES.txt'
writing manifest file '../../build/model_oa/model_oa.egg-info/SOURCES.txt'
running build
running build_py
copying model_oa/model_oa_client_node.py -> /home/samaviajaffery/project_ws/build/model_oa/build/lib/model_oa
running install
running install_lib
copying /home/samaviajaffery/project_ws/build/model_oa/build/lib/model_oa/model_oa_client_node.py -> /home/samaviajaffery/project_ws/install/model_oa/lib/python3.10/site-packages/model_oa
byte-compiling /home/samaviajaffery/project_ws/install/model_oa/lib/python3.10/site-packages/model_oa/model_oa_client_node.py to model_oa_client_node.cpython-310.pyc
running install_data
running install_egg_info
removing '/home/samaviajaffery/project_ws/install/model_oa/lib/python3.10/site-packages/model_oa-0.0.0-py3.10.egg-info' (and everything under it)
Copying ../../build/model_oa/model_oa.egg-info to /home/samaviajaffery/project_ws/install/model_oa/lib/python3.10/site-packages/model_oa-0.0.0-py3.10.egg-info
running install_scripts
Installing model_oa_client script to /home/samaviajaffery/project_ws/install/model_oa/lib/model_oa
writing list of installed files to '/home/samaviajaffery/project_ws/build/model_oa/install.log'
