[1.527s] Invoking command in '/home/samaviajaffery/project_ws/src/model_oa': PYTHONPATH=/home/samaviajaffery/project_ws/build/model_oa/prefix_override:/usr/lib/python3/dist-packages/colcon_core/task/python/colcon_distutils_commands:/home/samaviajaffery/project_ws/install/model_oa/lib/python3.10/site-packages:${PYTHONPATH} /usr/bin/python3 -W ignore:setup.py install is deprecated -W ignore:easy_install command is deprecated setup.py egg_info --egg-base ../../build/model_oa build --build-base /home/samaviajaffery/project_ws/build/model_oa/build install --record /home/samaviajaffery/project_ws/build/model_oa/install.log --single-version-externally-managed install_data
[2.104s] running egg_info
[2.105s] writing ../../build/model_oa/model_oa.egg-info/PKG-INFO
[2.106s] writing dependency_links to ../../build/model_oa/model_oa.egg-info/dependency_links.txt
[2.107s] writing entry points to ../../build/model_oa/model_oa.egg-info/entry_points.txt
[2.108s] writing requirements to ../../build/model_oa/model_oa.egg-info/requires.txt
[2.108s] writing top-level names to ../../build/model_oa/model_oa.egg-info/top_level.txt
[2.113s] reading manifest file '../../build/model_oa/model_oa.egg-info/SOURCES.txt'
[2.113s] writing manifest file '../../build/model_oa/model_oa.egg-info/SOURCES.txt'
[2.113s] running build
[2.114s] running build_py
[2.115s] copying model_oa/model_oa_client_node.py -> /home/samaviajaffery/project_ws/build/model_oa/build/lib/model_oa
[2.115s] running install
[2.116s] running install_lib
[2.117s] copying /home/samaviajaffery/project_ws/build/model_oa/build/lib/model_oa/model_oa_client_node.py -> /home/samaviajaffery/project_ws/install/model_oa/lib/python3.10/site-packages/model_oa
[2.118s] byte-compiling /home/samaviajaffery/project_ws/install/model_oa/lib/python3.10/site-packages/model_oa/model_oa_client_node.py to model_oa_client_node.cpython-310.pyc
[2.120s] running install_data
[2.121s] running install_egg_info
[2.126s] removing '/home/samaviajaffery/project_ws/install/model_oa/lib/python3.10/site-packages/model_oa-0.0.0-py3.10.egg-info' (and everything under it)
[2.128s] Copying ../../build/model_oa/model_oa.egg-info to /home/samaviajaffery/project_ws/install/model_oa/lib/python3.10/site-packages/model_oa-0.0.0-py3.10.egg-info
[2.128s] running install_scripts
[2.166s] Installing model_oa_client script to /home/samaviajaffery/project_ws/install/model_oa/lib/model_oa
[2.168s] writing list of installed files to '/home/samaviajaffery/project_ws/build/model_oa/install.log'
[2.225s] Invoked command in '/home/samaviajaffery/project_ws/src/model_oa' returned '0': PYTHONPATH=/home/samaviajaffery/project_ws/build/model_oa/prefix_override:/usr/lib/python3/dist-packages/colcon_core/task/python/colcon_distutils_commands:/home/samaviajaffery/project_ws/install/model_oa/lib/python3.10/site-packages:${PYTHONPATH} /usr/bin/python3 -W ignore:setup.py install is deprecated -W ignore:easy_install command is deprecated setup.py egg_info --egg-base ../../build/model_oa build --build-base /home/samaviajaffery/project_ws/build/model_oa/build install --record /home/samaviajaffery/project_ws/build/model_oa/install.log --single-version-externally-managed install_data
