[1.225s] Invoking command in '/home/samaviajaffery/project_ws/src/model_oa': PYTHONPATH=/home/samaviajaffery/project_ws/build/model_oa/prefix_override:/usr/lib/python3/dist-packages/colcon_core/task/python/colcon_distutils_commands:/home/samaviajaffery/project_ws/install/model_oa/lib/python3.10/site-packages:${PYTHONPATH} /usr/bin/python3 -W ignore:setup.py install is deprecated -W ignore:easy_install command is deprecated setup.py egg_info --egg-base ../../build/model_oa build --build-base /home/samaviajaffery/project_ws/build/model_oa/build install --record /home/samaviajaffery/project_ws/build/model_oa/install.log --single-version-externally-managed install_data
[1.619s] running egg_info
[1.620s] writing ../../build/model_oa/model_oa.egg-info/PKG-INFO
[1.621s] writing dependency_links to ../../build/model_oa/model_oa.egg-info/dependency_links.txt
[1.622s] writing entry points to ../../build/model_oa/model_oa.egg-info/entry_points.txt
[1.623s] writing requirements to ../../build/model_oa/model_oa.egg-info/requires.txt
[1.624s] writing top-level names to ../../build/model_oa/model_oa.egg-info/top_level.txt
[1.627s] reading manifest file '../../build/model_oa/model_oa.egg-info/SOURCES.txt'
[1.628s] writing manifest file '../../build/model_oa/model_oa.egg-info/SOURCES.txt'
[1.629s] running build
[1.629s] running build_py
[1.630s] copying model_oa/model_oa_client_node.py -> /home/samaviajaffery/project_ws/build/model_oa/build/lib/model_oa
[1.631s] running install
[1.632s] running install_lib
[1.633s] copying /home/samaviajaffery/project_ws/build/model_oa/build/lib/model_oa/model_oa_client_node.py -> /home/samaviajaffery/project_ws/install/model_oa/lib/python3.10/site-packages/model_oa
[1.634s] byte-compiling /home/samaviajaffery/project_ws/install/model_oa/lib/python3.10/site-packages/model_oa/model_oa_client_node.py to model_oa_client_node.cpython-310.pyc
[1.637s] running install_data
[1.637s] running install_egg_info
[1.640s] removing '/home/samaviajaffery/project_ws/install/model_oa/lib/python3.10/site-packages/model_oa-0.0.0-py3.10.egg-info' (and everything under it)
[1.641s] Copying ../../build/model_oa/model_oa.egg-info to /home/samaviajaffery/project_ws/install/model_oa/lib/python3.10/site-packages/model_oa-0.0.0-py3.10.egg-info
[1.642s] running install_scripts
[1.671s] Installing model_oa_client script to /home/samaviajaffery/project_ws/install/model_oa/lib/model_oa
[1.672s] writing list of installed files to '/home/samaviajaffery/project_ws/build/model_oa/install.log'
[1.718s] Invoked command in '/home/samaviajaffery/project_ws/src/model_oa' returned '0': PYTHONPATH=/home/samaviajaffery/project_ws/build/model_oa/prefix_override:/usr/lib/python3/dist-packages/colcon_core/task/python/colcon_distutils_commands:/home/samaviajaffery/project_ws/install/model_oa/lib/python3.10/site-packages:${PYTHONPATH} /usr/bin/python3 -W ignore:setup.py install is deprecated -W ignore:easy_install command is deprecated setup.py egg_info --egg-base ../../build/model_oa build --build-base /home/samaviajaffery/project_ws/build/model_oa/build install --record /home/samaviajaffery/project_ws/build/model_oa/install.log --single-version-externally-managed install_data
