[1.202s] Invoking command in '/home/samaviajaffery/project_ws/src/model_oa': PYTHONPATH=/home/samaviajaffery/project_ws/build/model_oa/prefix_override:/usr/lib/python3/dist-packages/colcon_core/task/python/colcon_distutils_commands:/home/samaviajaffery/project_ws/install/model_oa/lib/python3.10/site-packages:${PYTHONPATH} /usr/bin/python3 -W ignore:setup.py install is deprecated -W ignore:easy_install command is deprecated setup.py egg_info --egg-base ../../build/model_oa build --build-base /home/samaviajaffery/project_ws/build/model_oa/build install --record /home/samaviajaffery/project_ws/build/model_oa/install.log --single-version-externally-managed install_data
[1.567s] running egg_info
[1.571s] writing ../../build/model_oa/model_oa.egg-info/PKG-INFO
[1.572s] writing dependency_links to ../../build/model_oa/model_oa.egg-info/dependency_links.txt
[1.576s] writing entry points to ../../build/model_oa/model_oa.egg-info/entry_points.txt
[1.576s] writing requirements to ../../build/model_oa/model_oa.egg-info/requires.txt
[1.576s] writing top-level names to ../../build/model_oa/model_oa.egg-info/top_level.txt
[1.577s] reading manifest file '../../build/model_oa/model_oa.egg-info/SOURCES.txt'
[1.578s] writing manifest file '../../build/model_oa/model_oa.egg-info/SOURCES.txt'
[1.579s] running build
[1.579s] running build_py
[1.580s] copying model_oa/model_oa_client_node.py -> /home/samaviajaffery/project_ws/build/model_oa/build/lib/model_oa
[1.581s] running install
[1.581s] running install_lib
[1.583s] copying /home/samaviajaffery/project_ws/build/model_oa/build/lib/model_oa/model_oa_client_node.py -> /home/samaviajaffery/project_ws/install/model_oa/lib/python3.10/site-packages/model_oa
[1.584s] byte-compiling /home/samaviajaffery/project_ws/install/model_oa/lib/python3.10/site-packages/model_oa/model_oa_client_node.py to model_oa_client_node.cpython-310.pyc
[1.587s] running install_data
[1.587s] running install_egg_info
[1.589s] removing '/home/samaviajaffery/project_ws/install/model_oa/lib/python3.10/site-packages/model_oa-0.0.0-py3.10.egg-info' (and everything under it)
[1.590s] Copying ../../build/model_oa/model_oa.egg-info to /home/samaviajaffery/project_ws/install/model_oa/lib/python3.10/site-packages/model_oa-0.0.0-py3.10.egg-info
[1.591s] running install_scripts
[1.618s] Installing model_oa_client script to /home/samaviajaffery/project_ws/install/model_oa/lib/model_oa
[1.619s] writing list of installed files to '/home/samaviajaffery/project_ws/build/model_oa/install.log'
[1.655s] Invoked command in '/home/samaviajaffery/project_ws/src/model_oa' returned '0': PYTHONPATH=/home/samaviajaffery/project_ws/build/model_oa/prefix_override:/usr/lib/python3/dist-packages/colcon_core/task/python/colcon_distutils_commands:/home/samaviajaffery/project_ws/install/model_oa/lib/python3.10/site-packages:${PYTHONPATH} /usr/bin/python3 -W ignore:setup.py install is deprecated -W ignore:easy_install command is deprecated setup.py egg_info --egg-base ../../build/model_oa build --build-base /home/samaviajaffery/project_ws/build/model_oa/build install --record /home/samaviajaffery/project_ws/build/model_oa/install.log --single-version-externally-managed install_data
