[1.301s] Invoking command in '/home/samaviajaffery/project_ws/src/baseline_cv': PYTHONPATH=/home/samaviajaffery/project_ws/build/baseline_cv/prefix_override:/usr/lib/python3/dist-packages/colcon_core/task/python/colcon_distutils_commands:/home/samaviajaffery/project_ws/install/baseline_cv/lib/python3.10/site-packages:${PYTHONPATH} /usr/bin/python3 -W ignore:setup.py install is deprecated -W ignore:easy_install command is deprecated setup.py egg_info --egg-base ../../build/baseline_cv build --build-base /home/samaviajaffery/project_ws/build/baseline_cv/build install --record /home/samaviajaffery/project_ws/build/baseline_cv/install.log --single-version-externally-managed install_data
[1.714s] running egg_info
[1.715s] writing ../../build/baseline_cv/baseline_cv.egg-info/PKG-INFO
[1.717s] writing dependency_links to ../../build/baseline_cv/baseline_cv.egg-info/dependency_links.txt
[1.717s] writing entry points to ../../build/baseline_cv/baseline_cv.egg-info/entry_points.txt
[1.717s] writing requirements to ../../build/baseline_cv/baseline_cv.egg-info/requires.txt
[1.717s] writing top-level names to ../../build/baseline_cv/baseline_cv.egg-info/top_level.txt
[1.719s] reading manifest file '../../build/baseline_cv/baseline_cv.egg-info/SOURCES.txt'
[1.722s] writing manifest file '../../build/baseline_cv/baseline_cv.egg-info/SOURCES.txt'
[1.723s] running build
[1.723s] running build_py
[1.725s] running install
[1.725s] running install_lib
[1.727s] running install_data
[1.727s] running install_egg_info
[1.730s] removing '/home/samaviajaffery/project_ws/install/baseline_cv/lib/python3.10/site-packages/baseline_cv-0.0.0-py3.10.egg-info' (and everything under it)
[1.731s] Copying ../../build/baseline_cv/baseline_cv.egg-info to /home/samaviajaffery/project_ws/install/baseline_cv/lib/python3.10/site-packages/baseline_cv-0.0.0-py3.10.egg-info
[1.732s] running install_scripts
[1.773s] Installing baseline_node script to /home/samaviajaffery/project_ws/install/baseline_cv/lib/baseline_cv
[1.774s] writing list of installed files to '/home/samaviajaffery/project_ws/build/baseline_cv/install.log'
[1.818s] Invoked command in '/home/samaviajaffery/project_ws/src/baseline_cv' returned '0': PYTHONPATH=/home/samaviajaffery/project_ws/build/baseline_cv/prefix_override:/usr/lib/python3/dist-packages/colcon_core/task/python/colcon_distutils_commands:/home/samaviajaffery/project_ws/install/baseline_cv/lib/python3.10/site-packages:${PYTHONPATH} /usr/bin/python3 -W ignore:setup.py install is deprecated -W ignore:easy_install command is deprecated setup.py egg_info --egg-base ../../build/baseline_cv build --build-base /home/samaviajaffery/project_ws/build/baseline_cv/build install --record /home/samaviajaffery/project_ws/build/baseline_cv/install.log --single-version-externally-managed install_data
