[1.351s] Invoking command in '/home/samaviajaffery/project_ws/src/baseline_cv': AMENT_PREFIX_PATH=/home/samaviajaffery/project_ws/install/vlm_driver_msgs:${AMENT_PREFIX_PATH} CMAKE_PREFIX_PATH=/home/samaviajaffery/project_ws/install/vlm_driver_msgs LD_LIBRARY_PATH=/home/samaviajaffery/project_ws/install/vlm_driver_msgs/lib:${LD_LIBRARY_PATH} PYTHONPATH=/home/samaviajaffery/project_ws/build/baseline_cv/prefix_override:/usr/lib/python3/dist-packages/colcon_core/task/python/colcon_distutils_commands:/home/samaviajaffery/project_ws/install/baseline_cv/lib/python3.10/site-packages:/home/samaviajaffery/project_ws/install/vlm_driver_msgs/local/lib/python3.10/dist-packages:${PYTHONPATH} /usr/bin/python3 -W ignore:setup.py install is deprecated -W ignore:easy_install command is deprecated setup.py egg_info --egg-base ../../build/baseline_cv build --build-base /home/samaviajaffery/project_ws/build/baseline_cv/build install --record /home/samaviajaffery/project_ws/build/baseline_cv/install.log --single-version-externally-managed install_data
[1.790s] running egg_info
[1.793s] writing ../../build/baseline_cv/baseline_cv.egg-info/PKG-INFO
[1.793s] writing dependency_links to ../../build/baseline_cv/baseline_cv.egg-info/dependency_links.txt
[1.793s] writing entry points to ../../build/baseline_cv/baseline_cv.egg-info/entry_points.txt
[1.793s] writing requirements to ../../build/baseline_cv/baseline_cv.egg-info/requires.txt
[1.795s] writing top-level names to ../../build/baseline_cv/baseline_cv.egg-info/top_level.txt
[1.797s] reading manifest file '../../build/baseline_cv/baseline_cv.egg-info/SOURCES.txt'
[1.800s] writing manifest file '../../build/baseline_cv/baseline_cv.egg-info/SOURCES.txt'
[1.800s] running build
[1.800s] running build_py
[1.802s] copying baseline_cv/fake_camera_pub.py -> /home/samaviajaffery/project_ws/build/baseline_cv/build/lib/baseline_cv
[1.802s] running install
[1.802s] running install_lib
[1.803s] copying /home/samaviajaffery/project_ws/build/baseline_cv/build/lib/baseline_cv/fake_camera_pub.py -> /home/samaviajaffery/project_ws/install/baseline_cv/lib/python3.10/site-packages/baseline_cv
[1.803s] byte-compiling /home/samaviajaffery/project_ws/install/baseline_cv/lib/python3.10/site-packages/baseline_cv/fake_camera_pub.py to fake_camera_pub.cpython-310.pyc
[1.805s] running install_data
[1.805s] running install_egg_info
[1.810s] removing '/home/samaviajaffery/project_ws/install/baseline_cv/lib/python3.10/site-packages/baseline_cv-0.0.0-py3.10.egg-info' (and everything under it)
[1.810s] Copying ../../build/baseline_cv/baseline_cv.egg-info to /home/samaviajaffery/project_ws/install/baseline_cv/lib/python3.10/site-packages/baseline_cv-0.0.0-py3.10.egg-info
[1.810s] running install_scripts
[1.847s] Installing baseline_node script to /home/samaviajaffery/project_ws/install/baseline_cv/lib/baseline_cv
[1.848s] writing list of installed files to '/home/samaviajaffery/project_ws/build/baseline_cv/install.log'
[1.884s] Invoked command in '/home/samaviajaffery/project_ws/src/baseline_cv' returned '0': AMENT_PREFIX_PATH=/home/samaviajaffery/project_ws/install/vlm_driver_msgs:${AMENT_PREFIX_PATH} CMAKE_PREFIX_PATH=/home/samaviajaffery/project_ws/install/vlm_driver_msgs LD_LIBRARY_PATH=/home/samaviajaffery/project_ws/install/vlm_driver_msgs/lib:${LD_LIBRARY_PATH} PYTHONPATH=/home/samaviajaffery/project_ws/build/baseline_cv/prefix_override:/usr/lib/python3/dist-packages/colcon_core/task/python/colcon_distutils_commands:/home/samaviajaffery/project_ws/install/baseline_cv/lib/python3.10/site-packages:/home/samaviajaffery/project_ws/install/vlm_driver_msgs/local/lib/python3.10/dist-packages:${PYTHONPATH} /usr/bin/python3 -W ignore:setup.py install is deprecated -W ignore:easy_install command is deprecated setup.py egg_info --egg-base ../../build/baseline_cv build --build-base /home/samaviajaffery/project_ws/build/baseline_cv/build install --record /home/samaviajaffery/project_ws/build/baseline_cv/install.log --single-version-externally-managed install_data
