[0.158s] DEBUG:colcon:Command line arguments: ['/usr/bin/colcon', 'build', '--packages-select', 'command_mapper']
[0.159s] DEBUG:colcon:Parsed command line arguments: Namespace(log_base=None, log_level=None, verb_name='build', build_base='build', install_base='install', merge_install=False, symlink_install=False, test_result_base=None, continue_on_error=False, executor='parallel', parallel_workers=2, event_handlers=None, ignore_user_meta=False, metas=['./colcon.meta'], base_paths=['.'], packages_ignore=None, packages_ignore_regex=None, paths=None, packages_up_to=None, packages_up_to_regex=None, packages_above=None, packages_above_and_dependencies=None, packages_above_depth=None, packages_select_by_dep=None, packages_skip_by_dep=None, packages_skip_up_to=None, packages_select_build_failed=False, packages_skip_build_finished=False, packages_select_test_failures=False, packages_skip_test_passed=False, packages_select=['command_mapper'], packages_skip=None, packages_select_regex=None, packages_skip_regex=None, packages_start=None, packages_end=None, allow_overriding=[], cmake_args=None, cmake_target=None, cmake_target_skip_unavailable=False, cmake_clean_cache=False, cmake_clean_first=False, cmake_force_configure=False, ament_cmake_args=None, catkin_cmake_args=None, catkin_skip_building_tests=False, mixin_files=None, mixin=None, verb_parser=<colcon_mixin.mixin.mixin_argument.MixinArgumentDecorator object at 0x780679f66a40>, verb_extension=<colcon_core.verb.build.BuildVerb object at 0x780679f66590>, main=<bound method BuildVerb.main of <colcon_core.verb.build.BuildVerb object at 0x780679f66590>>, mixin_verb=('build',))
[0.375s] Level 1:colcon.colcon_core.package_discovery:discover_packages(colcon_meta) check parameters
[0.375s] Level 1:colcon.colcon_core.package_discovery:discover_packages(recursive) check parameters
[0.375s] Level 1:colcon.colcon_core.package_discovery:discover_packages(ignore) check parameters
[0.375s] Level 1:colcon.colcon_core.package_discovery:discover_packages(path) check parameters
[0.376s] Level 1:colcon.colcon_core.package_discovery:discover_packages(colcon_meta) discover
[0.376s] Level 1:colcon.colcon_core.package_discovery:discover_packages(recursive) discover
[0.376s] INFO:colcon.colcon_core.package_discovery:Crawling recursively for packages in '/home/samaviajaffery/project_ws'
[0.376s] Level 1:colcon.colcon_core.package_identification:_identify(.) by extensions ['ignore', 'ignore_ament_install']
[0.377s] Level 1:colcon.colcon_core.package_identification:_identify(.) by extension 'ignore'
[0.377s] Level 1:colcon.colcon_core.package_identification:_identify(.) by extension 'ignore_ament_install'
[0.377s] Level 1:colcon.colcon_core.package_identification:_identify(.) by extensions ['colcon_pkg']
[0.377s] Level 1:colcon.colcon_core.package_identification:_identify(.) by extension 'colcon_pkg'
[0.377s] Level 1:colcon.colcon_core.package_identification:_identify(.) by extensions ['colcon_meta']
[0.377s] Level 1:colcon.colcon_core.package_identification:_identify(.) by extension 'colcon_meta'
[0.377s] Level 1:colcon.colcon_core.package_identification:_identify(.) by extensions ['ros']
[0.377s] Level 1:colcon.colcon_core.package_identification:_identify(.) by extension 'ros'
[0.392s] Level 1:colcon.colcon_core.package_identification:_identify(.) by extensions ['cmake', 'python']
[0.392s] Level 1:colcon.colcon_core.package_identification:_identify(.) by extension 'cmake'
[0.393s] Level 1:colcon.colcon_core.package_identification:_identify(.) by extension 'python'
[0.393s] Level 1:colcon.colcon_core.package_identification:_identify(.) by extensions ['python_setup_py']
[0.393s] Level 1:colcon.colcon_core.package_identification:_identify(.) by extension 'python_setup_py'
[0.393s] Level 1:colcon.colcon_core.package_identification:_identify(build) by extensions ['ignore', 'ignore_ament_install']
[0.394s] Level 1:colcon.colcon_core.package_identification:_identify(build) by extension 'ignore'
[0.394s] Level 1:colcon.colcon_core.package_identification:_identify(build) ignored
[0.394s] Level 1:colcon.colcon_core.package_identification:_identify(install) by extensions ['ignore', 'ignore_ament_install']
[0.394s] Level 1:colcon.colcon_core.package_identification:_identify(install) by extension 'ignore'
[0.394s] Level 1:colcon.colcon_core.package_identification:_identify(install) ignored
[0.395s] Level 1:colcon.colcon_core.package_identification:_identify(log) by extensions ['ignore', 'ignore_ament_install']
[0.395s] Level 1:colcon.colcon_core.package_identification:_identify(log) by extension 'ignore'
[0.395s] Level 1:colcon.colcon_core.package_identification:_identify(log) ignored
[0.395s] Level 1:colcon.colcon_core.package_identification:_identify(src) by extensions ['ignore', 'ignore_ament_install']
[0.396s] Level 1:colcon.colcon_core.package_identification:_identify(src) by extension 'ignore'
[0.396s] Level 1:colcon.colcon_core.package_identification:_identify(src) by extension 'ignore_ament_install'
[0.396s] Level 1:colcon.colcon_core.package_identification:_identify(src) by extensions ['colcon_pkg']
[0.396s] Level 1:colcon.colcon_core.package_identification:_identify(src) by extension 'colcon_pkg'
[0.396s] Level 1:colcon.colcon_core.package_identification:_identify(src) by extensions ['colcon_meta']
[0.396s] Level 1:colcon.colcon_core.package_identification:_identify(src) by extension 'colcon_meta'
[0.396s] Level 1:colcon.colcon_core.package_identification:_identify(src) by extensions ['ros']
[0.396s] Level 1:colcon.colcon_core.package_identification:_identify(src) by extension 'ros'
[0.396s] Level 1:colcon.colcon_core.package_identification:_identify(src) by extensions ['cmake', 'python']
[0.396s] Level 1:colcon.colcon_core.package_identification:_identify(src) by extension 'cmake'
[0.396s] Level 1:colcon.colcon_core.package_identification:_identify(src) by extension 'python'
[0.396s] Level 1:colcon.colcon_core.package_identification:_identify(src) by extensions ['python_setup_py']
[0.396s] Level 1:colcon.colcon_core.package_identification:_identify(src) by extension 'python_setup_py'
[0.397s] Level 1:colcon.colcon_core.package_identification:_identify(src/baseline_cv) by extensions ['ignore', 'ignore_ament_install']
[0.397s] Level 1:colcon.colcon_core.package_identification:_identify(src/baseline_cv) by extension 'ignore'
[0.397s] Level 1:colcon.colcon_core.package_identification:_identify(src/baseline_cv) by extension 'ignore_ament_install'
[0.397s] Level 1:colcon.colcon_core.package_identification:_identify(src/baseline_cv) by extensions ['colcon_pkg']
[0.397s] Level 1:colcon.colcon_core.package_identification:_identify(src/baseline_cv) by extension 'colcon_pkg'
[0.397s] Level 1:colcon.colcon_core.package_identification:_identify(src/baseline_cv) by extensions ['colcon_meta']
[0.397s] Level 1:colcon.colcon_core.package_identification:_identify(src/baseline_cv) by extension 'colcon_meta'
[0.397s] Level 1:colcon.colcon_core.package_identification:_identify(src/baseline_cv) by extensions ['ros']
[0.397s] Level 1:colcon.colcon_core.package_identification:_identify(src/baseline_cv) by extension 'ros'
[0.401s] DEBUG:colcon.colcon_core.package_identification:Package 'src/baseline_cv' with type 'ros.ament_python' and name 'baseline_cv'
[0.401s] Level 1:colcon.colcon_core.package_identification:_identify(src/command_mapper) by extensions ['ignore', 'ignore_ament_install']
[0.401s] Level 1:colcon.colcon_core.package_identification:_identify(src/command_mapper) by extension 'ignore'
[0.401s] Level 1:colcon.colcon_core.package_identification:_identify(src/command_mapper) by extension 'ignore_ament_install'
[0.401s] Level 1:colcon.colcon_core.package_identification:_identify(src/command_mapper) by extensions ['colcon_pkg']
[0.401s] Level 1:colcon.colcon_core.package_identification:_identify(src/command_mapper) by extension 'colcon_pkg'
[0.401s] Level 1:colcon.colcon_core.package_identification:_identify(src/command_mapper) by extensions ['colcon_meta']
[0.401s] Level 1:colcon.colcon_core.package_identification:_identify(src/command_mapper) by extension 'colcon_meta'
[0.401s] Level 1:colcon.colcon_core.package_identification:_identify(src/command_mapper) by extensions ['ros']
[0.401s] Level 1:colcon.colcon_core.package_identification:_identify(src/command_mapper) by extension 'ros'
[0.402s] DEBUG:colcon.colcon_core.package_identification:Package 'src/command_mapper' with type 'ros.ament_python' and name 'command_mapper'
[0.403s] Level 1:colcon.colcon_core.package_identification:_identify(src/vesc_bridge) by extensions ['ignore', 'ignore_ament_install']
[0.403s] Level 1:colcon.colcon_core.package_identification:_identify(src/vesc_bridge) by extension 'ignore'
[0.403s] Level 1:colcon.colcon_core.package_identification:_identify(src/vesc_bridge) by extension 'ignore_ament_install'
[0.403s] Level 1:colcon.colcon_core.package_identification:_identify(src/vesc_bridge) by extensions ['colcon_pkg']
[0.403s] Level 1:colcon.colcon_core.package_identification:_identify(src/vesc_bridge) by extension 'colcon_pkg'
[0.403s] Level 1:colcon.colcon_core.package_identification:_identify(src/vesc_bridge) by extensions ['colcon_meta']
[0.403s] Level 1:colcon.colcon_core.package_identification:_identify(src/vesc_bridge) by extension 'colcon_meta'
[0.403s] Level 1:colcon.colcon_core.package_identification:_identify(src/vesc_bridge) by extensions ['ros']
[0.403s] Level 1:colcon.colcon_core.package_identification:_identify(src/vesc_bridge) by extension 'ros'
[0.404s] DEBUG:colcon.colcon_core.package_identification:Package 'src/vesc_bridge' with type 'ros.ament_python' and name 'vesc_bridge'
[0.404s] Level 1:colcon.colcon_core.package_identification:_identify(src/vlm_driver_msgs) by extensions ['ignore', 'ignore_ament_install']
[0.404s] Level 1:colcon.colcon_core.package_identification:_identify(src/vlm_driver_msgs) by extension 'ignore'
[0.405s] Level 1:colcon.colcon_core.package_identification:_identify(src/vlm_driver_msgs) by extension 'ignore_ament_install'
[0.405s] Level 1:colcon.colcon_core.package_identification:_identify(src/vlm_driver_msgs) by extensions ['colcon_pkg']
[0.405s] Level 1:colcon.colcon_core.package_identification:_identify(src/vlm_driver_msgs) by extension 'colcon_pkg'
[0.405s] Level 1:colcon.colcon_core.package_identification:_identify(src/vlm_driver_msgs) by extensions ['colcon_meta']
[0.405s] Level 1:colcon.colcon_core.package_identification:_identify(src/vlm_driver_msgs) by extension 'colcon_meta'
[0.405s] Level 1:colcon.colcon_core.package_identification:_identify(src/vlm_driver_msgs) by extensions ['ros']
[0.405s] Level 1:colcon.colcon_core.package_identification:_identify(src/vlm_driver_msgs) by extension 'ros'
[0.406s] DEBUG:colcon.colcon_core.package_identification:Package 'src/vlm_driver_msgs' with type 'ros.ament_cmake' and name 'vlm_driver_msgs'
[0.406s] Level 1:colcon.colcon_core.package_discovery:discover_packages(recursive) using defaults
[0.406s] Level 1:colcon.colcon_core.package_discovery:discover_packages(ignore) discover
[0.406s] Level 1:colcon.colcon_core.package_discovery:discover_packages(ignore) using defaults
[0.406s] Level 1:colcon.colcon_core.package_discovery:discover_packages(path) discover
[0.406s] Level 1:colcon.colcon_core.package_discovery:discover_packages(path) using defaults
[0.444s] INFO:colcon.colcon_core.package_selection:Skipping not selected package 'vesc_bridge' in 'src/vesc_bridge'
[0.445s] INFO:colcon.colcon_core.package_selection:Skipping not selected package 'vlm_driver_msgs' in 'src/vlm_driver_msgs'
[0.445s] INFO:colcon.colcon_core.package_selection:Skipping not selected package 'baseline_cv' in 'src/baseline_cv'
[0.445s] Level 1:colcon.colcon_core.package_discovery:discover_packages(prefix_path) check parameters
[0.445s] Level 1:colcon.colcon_core.package_discovery:discover_packages(prefix_path) discover
[0.451s] DEBUG:colcon.colcon_installed_package_information.package_discovery:Found 3 installed packages in /home/samaviajaffery/project_ws/install
[0.453s] DEBUG:colcon.colcon_installed_package_information.package_discovery:Found 297 installed packages in /opt/ros/humble
[0.455s] Level 1:colcon.colcon_core.package_discovery:discover_packages(prefix_path) using defaults
[0.513s] Level 5:colcon.colcon_core.verb:set package 'command_mapper' build argument 'cmake_args' from command line to 'None'
[0.514s] Level 5:colcon.colcon_core.verb:set package 'command_mapper' build argument 'cmake_target' from command line to 'None'
[0.514s] Level 5:colcon.colcon_core.verb:set package 'command_mapper' build argument 'cmake_target_skip_unavailable' from command line to 'False'
[0.514s] Level 5:colcon.colcon_core.verb:set package 'command_mapper' build argument 'cmake_clean_cache' from command line to 'False'
[0.514s] Level 5:colcon.colcon_core.verb:set package 'command_mapper' build argument 'cmake_clean_first' from command line to 'False'
[0.514s] Level 5:colcon.colcon_core.verb:set package 'command_mapper' build argument 'cmake_force_configure' from command line to 'False'
[0.514s] Level 5:colcon.colcon_core.verb:set package 'command_mapper' build argument 'ament_cmake_args' from command line to 'None'
[0.514s] Level 5:colcon.colcon_core.verb:set package 'command_mapper' build argument 'catkin_cmake_args' from command line to 'None'
[0.514s] Level 5:colcon.colcon_core.verb:set package 'command_mapper' build argument 'catkin_skip_building_tests' from command line to 'False'
[0.514s] DEBUG:colcon.colcon_core.verb:Building package 'command_mapper' with the following arguments: {'ament_cmake_args': None, 'build_base': '/home/samaviajaffery/project_ws/build/command_mapper', 'catkin_cmake_args': None, 'catkin_skip_building_tests': False, 'cmake_args': None, 'cmake_clean_cache': False, 'cmake_clean_first': False, 'cmake_force_configure': False, 'cmake_target': None, 'cmake_target_skip_unavailable': False, 'install_base': '/home/samaviajaffery/project_ws/install/command_mapper', 'merge_install': False, 'path': '/home/samaviajaffery/project_ws/src/command_mapper', 'symlink_install': False, 'test_result_base': None}
[0.514s] INFO:colcon.colcon_core.executor:Executing jobs using 'parallel' executor
[0.516s] DEBUG:colcon.colcon_parallel_executor.executor.parallel:run_until_complete
[0.516s] INFO:colcon.colcon_ros.task.ament_python.build:Building ROS package in '/home/samaviajaffery/project_ws/src/command_mapper' with build type 'ament_python'
[0.516s] Level 1:colcon.colcon_core.shell:create_environment_hook('command_mapper', 'ament_prefix_path')
[0.521s] INFO:colcon.colcon_core.plugin_system:Skipping extension 'colcon_core.shell.bat': Not used on non-Windows systems
[0.521s] INFO:colcon.colcon_core.shell:Creating environment hook '/home/samaviajaffery/project_ws/install/command_mapper/share/command_mapper/hook/ament_prefix_path.ps1'
[0.522s] INFO:colcon.colcon_core.shell:Creating environment descriptor '/home/samaviajaffery/project_ws/install/command_mapper/share/command_mapper/hook/ament_prefix_path.dsv'
[0.523s] INFO:colcon.colcon_core.shell:Creating environment hook '/home/samaviajaffery/project_ws/install/command_mapper/share/command_mapper/hook/ament_prefix_path.sh'
[0.524s] INFO:colcon.colcon_core.shell:Skip shell extension 'powershell' for command environment: Not usable outside of PowerShell
[0.525s] DEBUG:colcon.colcon_core.shell:Skip shell extension 'dsv' for command environment
[0.995s] INFO:colcon.colcon_core.task.python.build:Building Python package in '/home/samaviajaffery/project_ws/src/command_mapper'
[0.996s] INFO:colcon.colcon_core.shell:Skip shell extension 'powershell' for command environment: Not usable outside of PowerShell
[0.996s] DEBUG:colcon.colcon_core.shell:Skip shell extension 'dsv' for command environment
[1.485s] DEBUG:colcon.colcon_core.event_handler.log_command:Invoking command in '/home/samaviajaffery/project_ws/src/command_mapper': LD_LIBRARY_PATH=/home/samaviajaffery/project_ws/install/vlm_driver_msgs/lib:/opt/ros/humble/opt/rviz_ogre_vendor/lib:/opt/ros/humble/lib/x86_64-linux-gnu:/opt/ros/humble/lib PYTHONPATH=/home/samaviajaffery/project_ws/build/command_mapper/prefix_override:/usr/lib/python3/dist-packages/colcon_core/task/python/colcon_distutils_commands:/home/samaviajaffery/project_ws/install/command_mapper/lib/python3.10/site-packages:${PYTHONPATH} /usr/bin/python3 -W ignore:setup.py install is deprecated -W ignore:easy_install command is deprecated setup.py egg_info --egg-base ../../build/command_mapper build --build-base /home/samaviajaffery/project_ws/build/command_mapper/build install --record /home/samaviajaffery/project_ws/build/command_mapper/install.log --single-version-externally-managed install_data
[1.924s] DEBUG:colcon.colcon_core.event_handler.log_command:Invoked command in '/home/samaviajaffery/project_ws/src/command_mapper' returned '0': LD_LIBRARY_PATH=/home/samaviajaffery/project_ws/install/vlm_driver_msgs/lib:/opt/ros/humble/opt/rviz_ogre_vendor/lib:/opt/ros/humble/lib/x86_64-linux-gnu:/opt/ros/humble/lib PYTHONPATH=/home/samaviajaffery/project_ws/build/command_mapper/prefix_override:/usr/lib/python3/dist-packages/colcon_core/task/python/colcon_distutils_commands:/home/samaviajaffery/project_ws/install/command_mapper/lib/python3.10/site-packages:${PYTHONPATH} /usr/bin/python3 -W ignore:setup.py install is deprecated -W ignore:easy_install command is deprecated setup.py egg_info --egg-base ../../build/command_mapper build --build-base /home/samaviajaffery/project_ws/build/command_mapper/build install --record /home/samaviajaffery/project_ws/build/command_mapper/install.log --single-version-externally-managed install_data
[1.926s] Level 1:colcon.colcon_core.environment:checking '/home/samaviajaffery/project_ws/install/command_mapper' for CMake module files
[1.926s] Level 1:colcon.colcon_core.environment:checking '/home/samaviajaffery/project_ws/install/command_mapper' for CMake config files
[1.927s] Level 1:colcon.colcon_core.environment:checking '/home/samaviajaffery/project_ws/install/command_mapper/lib'
[1.928s] Level 1:colcon.colcon_core.environment:checking '/home/samaviajaffery/project_ws/install/command_mapper/bin'
[1.928s] Level 1:colcon.colcon_core.environment:checking '/home/samaviajaffery/project_ws/install/command_mapper/lib/pkgconfig/command_mapper.pc'
[1.929s] Level 1:colcon.colcon_core.environment:checking '/home/samaviajaffery/project_ws/install/command_mapper/lib/python3.10/site-packages'
[1.929s] Level 1:colcon.colcon_core.shell:create_environment_hook('command_mapper', 'pythonpath')
[1.929s] INFO:colcon.colcon_core.shell:Creating environment hook '/home/samaviajaffery/project_ws/install/command_mapper/share/command_mapper/hook/pythonpath.ps1'
[1.930s] INFO:colcon.colcon_core.shell:Creating environment descriptor '/home/samaviajaffery/project_ws/install/command_mapper/share/command_mapper/hook/pythonpath.dsv'
[1.931s] INFO:colcon.colcon_core.shell:Creating environment hook '/home/samaviajaffery/project_ws/install/command_mapper/share/command_mapper/hook/pythonpath.sh'
[1.933s] Level 1:colcon.colcon_core.environment:checking '/home/samaviajaffery/project_ws/install/command_mapper/bin'
[1.933s] Level 1:colcon.colcon_core.environment:create_environment_scripts_only(command_mapper)
[1.934s] INFO:colcon.colcon_core.shell:Creating package script '/home/samaviajaffery/project_ws/install/command_mapper/share/command_mapper/package.ps1'
[1.935s] INFO:colcon.colcon_core.shell:Creating package descriptor '/home/samaviajaffery/project_ws/install/command_mapper/share/command_mapper/package.dsv'
[1.937s] INFO:colcon.colcon_core.shell:Creating package script '/home/samaviajaffery/project_ws/install/command_mapper/share/command_mapper/package.sh'
[1.938s] INFO:colcon.colcon_core.shell:Creating package script '/home/samaviajaffery/project_ws/install/command_mapper/share/command_mapper/package.bash'
[1.940s] INFO:colcon.colcon_core.shell:Creating package script '/home/samaviajaffery/project_ws/install/command_mapper/share/command_mapper/package.zsh'
[1.942s] Level 1:colcon.colcon_core.environment:create_file_with_runtime_dependencies(/home/samaviajaffery/project_ws/install/command_mapper/share/colcon-core/packages/command_mapper)
[1.943s] DEBUG:colcon.colcon_parallel_executor.executor.parallel:closing loop
[1.943s] DEBUG:colcon.colcon_parallel_executor.executor.parallel:loop closed
[1.944s] DEBUG:colcon.colcon_parallel_executor.executor.parallel:run_until_complete finished with '0'
[1.944s] DEBUG:colcon.colcon_core.event_reactor:joining thread
[1.954s] INFO:colcon.colcon_core.plugin_system:Skipping extension 'colcon_notification.desktop_notification.terminal_notifier': Not used on non-Darwin systems
[1.955s] INFO:colcon.colcon_core.plugin_system:Skipping extension 'colcon_notification.desktop_notification.win32': Not used on non-Windows systems
[1.955s] INFO:colcon.colcon_notification.desktop_notification:Sending desktop notification using 'notify2'
[1.973s] DEBUG:colcon.colcon_core.event_reactor:joined thread
[1.974s] INFO:colcon.colcon_core.shell:Creating prefix script '/home/samaviajaffery/project_ws/install/local_setup.ps1'
[1.977s] INFO:colcon.colcon_core.shell:Creating prefix util module '/home/samaviajaffery/project_ws/install/_local_setup_util_ps1.py'
[1.980s] INFO:colcon.colcon_core.shell:Creating prefix chain script '/home/samaviajaffery/project_ws/install/setup.ps1'
[1.986s] INFO:colcon.colcon_core.shell:Creating prefix script '/home/samaviajaffery/project_ws/install/local_setup.sh'
[1.989s] INFO:colcon.colcon_core.shell:Creating prefix util module '/home/samaviajaffery/project_ws/install/_local_setup_util_sh.py'
[1.991s] INFO:colcon.colcon_core.shell:Creating prefix chain script '/home/samaviajaffery/project_ws/install/setup.sh'
[1.993s] INFO:colcon.colcon_core.shell:Creating prefix script '/home/samaviajaffery/project_ws/install/local_setup.bash'
[1.994s] INFO:colcon.colcon_core.shell:Creating prefix chain script '/home/samaviajaffery/project_ws/install/setup.bash'
[1.998s] INFO:colcon.colcon_core.shell:Creating prefix script '/home/samaviajaffery/project_ws/install/local_setup.zsh'
[2.001s] INFO:colcon.colcon_core.shell:Creating prefix chain script '/home/samaviajaffery/project_ws/install/setup.zsh'
