-- Found ament_cmake: 1.3.12 (/opt/ros/humble/share/ament_cmake/cmake)
-- Found rosidl_default_generators: 1.2.0 (/opt/ros/humble/share/rosidl_default_generators/cmake)
-- Using all available rosidl_typesupport_c: rosidl_typesupport_fastrtps_c;rosidl_typesupport_introspection_c
-- Found rosidl_adapter: 3.1.8 (/opt/ros/humble/share/rosidl_adapter/cmake)
-- Using all available rosidl_typesupport_cpp: rosidl_typesupport_fastrtps_cpp;rosidl_typesupport_introspection_cpp
-- Found std_msgs: 4.9.0 (/opt/ros/humble/share/std_msgs/cmake)
-- Found ament_cmake_ros: 0.10.0 (/opt/ros/humble/share/ament_cmake_ros/cmake)
-- Using all available rosidl_typesupport_c: rosidl_typesupport_fastrtps_c;rosidl_typesupport_introspection_c
-- Using all available rosidl_typesupport_cpp: rosidl_typesupport_fastrtps_cpp;rosidl_typesupport_introspection_cpp
-- Found PythonInterp: /usr/bin/python3 (found suitable version "3.10.12", minimum required is "3.6") 
-- Found python_cmake_module: 0.10.0 (/opt/ros/humble/share/python_cmake_module/cmake)
-- Found PythonLibs: /usr/lib/x86_64-linux-gnu/libpython3.10.so (found suitable version "3.10.12", minimum required is "3.5") 
-- Using PYTHON_EXECUTABLE: /usr/bin/python3
-- Using PYTHON_INCLUDE_DIRS: /usr/include/python3.10
-- Using PYTHON_LIBRARIES: /usr/lib/x86_64-linux-gnu/libpython3.10.so
-- Found PythonExtra: .so  
-- Found ament_lint_auto: 0.12.14 (/opt/ros/humble/share/ament_lint_auto/cmake)
-- Added test 'lint_cmake' to check CMake code style
-- Added test 'xmllint' to check XML markup files
-- Configuring done
-- Generating done
-- Build files have been written to: /home/samaviajaffery/project_ws/build/vlm_driver_msgs
[  2%] [34m[1mGenerating C code for ROS interfaces[0m
[  5%] [34m[1mGenerating C++ code for ROS interfaces[0m
[  7%] [32mBuilding C object CMakeFiles/vlm_driver_msgs__rosidl_generator_c.dir/rosidl_generator_c/vlm_driver_msgs/msg/detail/driving_decisions__functions.c.o[0m
[  7%] Built target vlm_driver_msgs__cpp
[ 10%] [32mBuilding C object CMakeFiles/vlm_driver_msgs__rosidl_generator_c.dir/rosidl_generator_c/vlm_driver_msgs/msg/detail/pipeline_metrics__functions.c.o[0m
[ 12%] [32m[1mLinking C shared library libvlm_driver_msgs__rosidl_generator_c.so[0m
[ 12%] Built target ament_cmake_python_copy_vlm_driver_msgs
[ 15%] [34m[1mGenerating C++ type support dispatch for ROS interfaces[0m
[ 15%] Built target vlm_driver_msgs__rosidl_generator_c
[ 17%] [34m[1mGenerating C++ type support for eProsima Fast-RTPS[0m
[ 20%] [32mBuilding CXX object CMakeFiles/vlm_driver_msgs__rosidl_typesupport_cpp.dir/rosidl_typesupport_cpp/vlm_driver_msgs/msg/driving_decisions__type_support.cpp.o[0m
[ 23%] [32mBuilding CXX object CMakeFiles/vlm_driver_msgs__rosidl_typesupport_fastrtps_cpp.dir/rosidl_typesupport_fastrtps_cpp/vlm_driver_msgs/msg/detail/dds_fastrtps/driving_decisions__type_support.cpp.o[0m
[ 25%] [32mBuilding CXX object CMakeFiles/vlm_driver_msgs__rosidl_typesupport_cpp.dir/rosidl_typesupport_cpp/vlm_driver_msgs/msg/pipeline_metrics__type_support.cpp.o[0m
[ 28%] [32mBuilding CXX object CMakeFiles/vlm_driver_msgs__rosidl_typesupport_fastrtps_cpp.dir/rosidl_typesupport_fastrtps_cpp/vlm_driver_msgs/msg/detail/dds_fastrtps/pipeline_metrics__type_support.cpp.o[0m
[ 30%] [32m[1mLinking CXX shared library libvlm_driver_msgs__rosidl_typesupport_cpp.so[0m
[ 30%] Built target vlm_driver_msgs__rosidl_typesupport_cpp
[ 33%] [34m[1mGenerating C++ introspection for ROS interfaces[0m
[ 35%] [32mBuilding CXX object CMakeFiles/vlm_driver_msgs__rosidl_typesupport_introspection_cpp.dir/rosidl_typesupport_introspection_cpp/vlm_driver_msgs/msg/detail/driving_decisions__type_support.cpp.o[0m
[ 38%] [32m[1mLinking CXX shared library libvlm_driver_msgs__rosidl_typesupport_fastrtps_cpp.so[0m
[ 38%] Built target vlm_driver_msgs__rosidl_typesupport_fastrtps_cpp
[ 41%] [32mBuilding CXX object CMakeFiles/vlm_driver_msgs__rosidl_typesupport_introspection_cpp.dir/rosidl_typesupport_introspection_cpp/vlm_driver_msgs/msg/detail/pipeline_metrics__type_support.cpp.o[0m
[ 43%] [32m[1mLinking CXX shared library libvlm_driver_msgs__rosidl_typesupport_introspection_cpp.so[0m
[ 43%] Built target vlm_driver_msgs__rosidl_typesupport_introspection_cpp
[ 46%] [34m[1mGenerating C type support for eProsima Fast-RTPS[0m
running egg_info
creating vlm_driver_msgs.egg-info
writing vlm_driver_msgs.egg-info/PKG-INFO
writing dependency_links to vlm_driver_msgs.egg-info/dependency_links.txt
writing top-level names to vlm_driver_msgs.egg-info/top_level.txt
writing manifest file 'vlm_driver_msgs.egg-info/SOURCES.txt'
reading manifest file 'vlm_driver_msgs.egg-info/SOURCES.txt'
writing manifest file 'vlm_driver_msgs.egg-info/SOURCES.txt'
[ 46%] Built target ament_cmake_python_build_vlm_driver_msgs_egg
[ 48%] [34m[1mGenerating C introspection for ROS interfaces[0m
[ 51%] [32mBuilding CXX object CMakeFiles/vlm_driver_msgs__rosidl_typesupport_fastrtps_c.dir/rosidl_typesupport_fastrtps_c/vlm_driver_msgs/msg/detail/driving_decisions__type_support_c.cpp.o[0m
[ 53%] [32mBuilding C object CMakeFiles/vlm_driver_msgs__rosidl_typesupport_introspection_c.dir/rosidl_typesupport_introspection_c/vlm_driver_msgs/msg/detail/driving_decisions__type_support.c.o[0m
[ 56%] [32mBuilding C object CMakeFiles/vlm_driver_msgs__rosidl_typesupport_introspection_c.dir/rosidl_typesupport_introspection_c/vlm_driver_msgs/msg/detail/pipeline_metrics__type_support.c.o[0m
[ 58%] [32m[1mLinking C shared library libvlm_driver_msgs__rosidl_typesupport_introspection_c.so[0m
[ 58%] Built target vlm_driver_msgs__rosidl_typesupport_introspection_c
[ 61%] [34m[1mGenerating C type support dispatch for ROS interfaces[0m
[ 64%] [32mBuilding CXX object CMakeFiles/vlm_driver_msgs__rosidl_typesupport_fastrtps_c.dir/rosidl_typesupport_fastrtps_c/vlm_driver_msgs/msg/detail/pipeline_metrics__type_support_c.cpp.o[0m
[ 66%] [32mBuilding CXX object CMakeFiles/vlm_driver_msgs__rosidl_typesupport_c.dir/rosidl_typesupport_c/vlm_driver_msgs/msg/driving_decisions__type_support.cpp.o[0m
[ 69%] [32mBuilding CXX object CMakeFiles/vlm_driver_msgs__rosidl_typesupport_c.dir/rosidl_typesupport_c/vlm_driver_msgs/msg/pipeline_metrics__type_support.cpp.o[0m
[ 71%] [32m[1mLinking CXX shared library libvlm_driver_msgs__rosidl_typesupport_c.so[0m
[ 71%] Built target vlm_driver_msgs__rosidl_typesupport_c
[ 74%] [32m[1mLinking CXX shared library libvlm_driver_msgs__rosidl_typesupport_fastrtps_c.so[0m
[ 74%] Built target vlm_driver_msgs__rosidl_typesupport_fastrtps_c
[ 74%] Built target vlm_driver_msgs
[ 76%] [34m[1mGenerating Python code for ROS interfaces[0m
[ 76%] Built target vlm_driver_msgs__py
[ 79%] [32mBuilding C object CMakeFiles/vlm_driver_msgs__rosidl_generator_py.dir/rosidl_generator_py/vlm_driver_msgs/msg/_pipeline_metrics_s.c.o[0m
[ 82%] [32mBuilding C object CMakeFiles/vlm_driver_msgs__rosidl_generator_py.dir/rosidl_generator_py/vlm_driver_msgs/msg/_driving_decisions_s.c.o[0m
[ 84%] [32m[1mLinking C shared library rosidl_generator_py/vlm_driver_msgs/libvlm_driver_msgs__rosidl_generator_py.so[0m
[ 84%] Built target vlm_driver_msgs__rosidl_generator_py
[ 87%] [32mBuilding C object CMakeFiles/vlm_driver_msgs__rosidl_typesupport_introspection_c__pyext.dir/rosidl_generator_py/vlm_driver_msgs/_vlm_driver_msgs_s.ep.rosidl_typesupport_introspection_c.c.o[0m
[ 89%] [32mBuilding C object CMakeFiles/vlm_driver_msgs__rosidl_typesupport_fastrtps_c__pyext.dir/rosidl_generator_py/vlm_driver_msgs/_vlm_driver_msgs_s.ep.rosidl_typesupport_fastrtps_c.c.o[0m
[ 92%] [32m[1mLinking C shared library rosidl_generator_py/vlm_driver_msgs/vlm_driver_msgs_s__rosidl_typesupport_introspection_c.cpython-310-x86_64-linux-gnu.so[0m
[ 94%] [32m[1mLinking C shared library rosidl_generator_py/vlm_driver_msgs/vlm_driver_msgs_s__rosidl_typesupport_fastrtps_c.cpython-310-x86_64-linux-gnu.so[0m
[ 94%] Built target vlm_driver_msgs__rosidl_typesupport_introspection_c__pyext
[ 94%] Built target vlm_driver_msgs__rosidl_typesupport_fastrtps_c__pyext
[ 97%] [32mBuilding C object CMakeFiles/vlm_driver_msgs__rosidl_typesupport_c__pyext.dir/rosidl_generator_py/vlm_driver_msgs/_vlm_driver_msgs_s.ep.rosidl_typesupport_c.c.o[0m
[100%] [32m[1mLinking C shared library rosidl_generator_py/vlm_driver_msgs/vlm_driver_msgs_s__rosidl_typesupport_c.cpython-310-x86_64-linux-gnu.so[0m
[100%] Built target vlm_driver_msgs__rosidl_typesupport_c__pyext
-- Install configuration: ""
-- Installing: /home/samaviajaffery/project_ws/install/vlm_driver_msgs/share/ament_index/resource_index/rosidl_interfaces/vlm_driver_msgs
-- Installing: /home/samaviajaffery/project_ws/install/vlm_driver_msgs/include/vlm_driver_msgs/vlm_driver_msgs
-- Installing: /home/samaviajaffery/project_ws/install/vlm_driver_msgs/include/vlm_driver_msgs/vlm_driver_msgs/msg
-- Installing: /home/samaviajaffery/project_ws/install/vlm_driver_msgs/include/vlm_driver_msgs/vlm_driver_msgs/msg/pipeline_metrics.h
-- Installing: /home/samaviajaffery/project_ws/install/vlm_driver_msgs/include/vlm_driver_msgs/vlm_driver_msgs/msg/rosidl_generator_c__visibility_control.h
-- Installing: /home/samaviajaffery/project_ws/install/vlm_driver_msgs/include/vlm_driver_msgs/vlm_driver_msgs/msg/detail
-- Installing: /home/samaviajaffery/project_ws/install/vlm_driver_msgs/include/vlm_driver_msgs/vlm_driver_msgs/msg/detail/driving_decisions__functions.h
-- Installing: /home/samaviajaffery/project_ws/install/vlm_driver_msgs/include/vlm_driver_msgs/vlm_driver_msgs/msg/detail/pipeline_metrics__functions.c
-- Installing: /home/samaviajaffery/project_ws/install/vlm_driver_msgs/include/vlm_driver_msgs/vlm_driver_msgs/msg/detail/pipeline_metrics__struct.h
-- Installing: /home/samaviajaffery/project_ws/install/vlm_driver_msgs/include/vlm_driver_msgs/vlm_driver_msgs/msg/detail/driving_decisions__struct.h
-- Installing: /home/samaviajaffery/project_ws/install/vlm_driver_msgs/include/vlm_driver_msgs/vlm_driver_msgs/msg/detail/driving_decisions__type_support.h
-- Installing: /home/samaviajaffery/project_ws/install/vlm_driver_msgs/include/vlm_driver_msgs/vlm_driver_msgs/msg/detail/pipeline_metrics__functions.h
-- Installing: /home/samaviajaffery/project_ws/install/vlm_driver_msgs/include/vlm_driver_msgs/vlm_driver_msgs/msg/detail/pipeline_metrics__type_support.h
-- Installing: /home/samaviajaffery/project_ws/install/vlm_driver_msgs/include/vlm_driver_msgs/vlm_driver_msgs/msg/detail/driving_decisions__functions.c
-- Installing: /home/samaviajaffery/project_ws/install/vlm_driver_msgs/include/vlm_driver_msgs/vlm_driver_msgs/msg/driving_decisions.h
-- Installing: /home/samaviajaffery/project_ws/install/vlm_driver_msgs/share/vlm_driver_msgs/environment/library_path.sh
-- Installing: /home/samaviajaffery/project_ws/install/vlm_driver_msgs/share/vlm_driver_msgs/environment/library_path.dsv
-- Installing: /home/samaviajaffery/project_ws/install/vlm_driver_msgs/lib/libvlm_driver_msgs__rosidl_generator_c.so
-- Set runtime path of "/home/samaviajaffery/project_ws/install/vlm_driver_msgs/lib/libvlm_driver_msgs__rosidl_generator_c.so" to ""
-- Up-to-date: /home/samaviajaffery/project_ws/install/vlm_driver_msgs/include/vlm_driver_msgs/vlm_driver_msgs
-- Up-to-date: /home/samaviajaffery/project_ws/install/vlm_driver_msgs/include/vlm_driver_msgs/vlm_driver_msgs/msg
-- Installing: /home/samaviajaffery/project_ws/install/vlm_driver_msgs/include/vlm_driver_msgs/vlm_driver_msgs/msg/rosidl_typesupport_fastrtps_c__visibility_control.h
-- Up-to-date: /home/samaviajaffery/project_ws/install/vlm_driver_msgs/include/vlm_driver_msgs/vlm_driver_msgs/msg/detail
-- Installing: /home/samaviajaffery/project_ws/install/vlm_driver_msgs/include/vlm_driver_msgs/vlm_driver_msgs/msg/detail/pipeline_metrics__rosidl_typesupport_fastrtps_c.h
-- Installing: /home/samaviajaffery/project_ws/install/vlm_driver_msgs/include/vlm_driver_msgs/vlm_driver_msgs/msg/detail/driving_decisions__rosidl_typesupport_fastrtps_c.h
-- Installing: /home/samaviajaffery/project_ws/install/vlm_driver_msgs/lib/libvlm_driver_msgs__rosidl_typesupport_fastrtps_c.so
-- Set runtime path of "/home/samaviajaffery/project_ws/install/vlm_driver_msgs/lib/libvlm_driver_msgs__rosidl_typesupport_fastrtps_c.so" to ""
-- Up-to-date: /home/samaviajaffery/project_ws/install/vlm_driver_msgs/include/vlm_driver_msgs/vlm_driver_msgs
-- Up-to-date: /home/samaviajaffery/project_ws/install/vlm_driver_msgs/include/vlm_driver_msgs/vlm_driver_msgs/msg
-- Installing: /home/samaviajaffery/project_ws/install/vlm_driver_msgs/include/vlm_driver_msgs/vlm_driver_msgs/msg/rosidl_typesupport_introspection_c__visibility_control.h
-- Up-to-date: /home/samaviajaffery/project_ws/install/vlm_driver_msgs/include/vlm_driver_msgs/vlm_driver_msgs/msg/detail
-- Installing: /home/samaviajaffery/project_ws/install/vlm_driver_msgs/include/vlm_driver_msgs/vlm_driver_msgs/msg/detail/driving_decisions__type_support.c
-- Installing: /home/samaviajaffery/project_ws/install/vlm_driver_msgs/include/vlm_driver_msgs/vlm_driver_msgs/msg/detail/driving_decisions__rosidl_typesupport_introspection_c.h
-- Installing: /home/samaviajaffery/project_ws/install/vlm_driver_msgs/include/vlm_driver_msgs/vlm_driver_msgs/msg/detail/pipeline_metrics__type_support.c
-- Installing: /home/samaviajaffery/project_ws/install/vlm_driver_msgs/include/vlm_driver_msgs/vlm_driver_msgs/msg/detail/pipeline_metrics__rosidl_typesupport_introspection_c.h
-- Installing: /home/samaviajaffery/project_ws/install/vlm_driver_msgs/lib/libvlm_driver_msgs__rosidl_typesupport_introspection_c.so
-- Set runtime path of "/home/samaviajaffery/project_ws/install/vlm_driver_msgs/lib/libvlm_driver_msgs__rosidl_typesupport_introspection_c.so" to ""
-- Installing: /home/samaviajaffery/project_ws/install/vlm_driver_msgs/lib/libvlm_driver_msgs__rosidl_typesupport_c.so
-- Set runtime path of "/home/samaviajaffery/project_ws/install/vlm_driver_msgs/lib/libvlm_driver_msgs__rosidl_typesupport_c.so" to ""
-- Up-to-date: /home/samaviajaffery/project_ws/install/vlm_driver_msgs/include/vlm_driver_msgs/vlm_driver_msgs
-- Up-to-date: /home/samaviajaffery/project_ws/install/vlm_driver_msgs/include/vlm_driver_msgs/vlm_driver_msgs/msg
-- Installing: /home/samaviajaffery/project_ws/install/vlm_driver_msgs/include/vlm_driver_msgs/vlm_driver_msgs/msg/driving_decisions.hpp
-- Up-to-date: /home/samaviajaffery/project_ws/install/vlm_driver_msgs/include/vlm_driver_msgs/vlm_driver_msgs/msg/detail
-- Installing: /home/samaviajaffery/project_ws/install/vlm_driver_msgs/include/vlm_driver_msgs/vlm_driver_msgs/msg/detail/pipeline_metrics__struct.hpp
-- Installing: /home/samaviajaffery/project_ws/install/vlm_driver_msgs/include/vlm_driver_msgs/vlm_driver_msgs/msg/detail/pipeline_metrics__traits.hpp
-- Installing: /home/samaviajaffery/project_ws/install/vlm_driver_msgs/include/vlm_driver_msgs/vlm_driver_msgs/msg/detail/driving_decisions__traits.hpp
-- Installing: /home/samaviajaffery/project_ws/install/vlm_driver_msgs/include/vlm_driver_msgs/vlm_driver_msgs/msg/detail/driving_decisions__builder.hpp
-- Installing: /home/samaviajaffery/project_ws/install/vlm_driver_msgs/include/vlm_driver_msgs/vlm_driver_msgs/msg/detail/pipeline_metrics__builder.hpp
-- Installing: /home/samaviajaffery/project_ws/install/vlm_driver_msgs/include/vlm_driver_msgs/vlm_driver_msgs/msg/detail/pipeline_metrics__type_support.hpp
-- Installing: /home/samaviajaffery/project_ws/install/vlm_driver_msgs/include/vlm_driver_msgs/vlm_driver_msgs/msg/detail/driving_decisions__struct.hpp
-- Installing: /home/samaviajaffery/project_ws/install/vlm_driver_msgs/include/vlm_driver_msgs/vlm_driver_msgs/msg/detail/driving_decisions__type_support.hpp
-- Installing: /home/samaviajaffery/project_ws/install/vlm_driver_msgs/include/vlm_driver_msgs/vlm_driver_msgs/msg/pipeline_metrics.hpp
-- Installing: /home/samaviajaffery/project_ws/install/vlm_driver_msgs/include/vlm_driver_msgs/vlm_driver_msgs/msg/rosidl_generator_cpp__visibility_control.hpp
-- Up-to-date: /home/samaviajaffery/project_ws/install/vlm_driver_msgs/include/vlm_driver_msgs/vlm_driver_msgs
-- Up-to-date: /home/samaviajaffery/project_ws/install/vlm_driver_msgs/include/vlm_driver_msgs/vlm_driver_msgs/msg
-- Installing: /home/samaviajaffery/project_ws/install/vlm_driver_msgs/include/vlm_driver_msgs/vlm_driver_msgs/msg/rosidl_typesupport_fastrtps_cpp__visibility_control.h
-- Up-to-date: /home/samaviajaffery/project_ws/install/vlm_driver_msgs/include/vlm_driver_msgs/vlm_driver_msgs/msg/detail
-- Installing: /home/samaviajaffery/project_ws/install/vlm_driver_msgs/include/vlm_driver_msgs/vlm_driver_msgs/msg/detail/pipeline_metrics__rosidl_typesupport_fastrtps_cpp.hpp
-- Installing: /home/samaviajaffery/project_ws/install/vlm_driver_msgs/include/vlm_driver_msgs/vlm_driver_msgs/msg/detail/driving_decisions__rosidl_typesupport_fastrtps_cpp.hpp
-- Installing: /home/samaviajaffery/project_ws/install/vlm_driver_msgs/include/vlm_driver_msgs/vlm_driver_msgs/msg/detail/dds_fastrtps
-- Installing: /home/samaviajaffery/project_ws/install/vlm_driver_msgs/lib/libvlm_driver_msgs__rosidl_typesupport_fastrtps_cpp.so
-- Set runtime path of "/home/samaviajaffery/project_ws/install/vlm_driver_msgs/lib/libvlm_driver_msgs__rosidl_typesupport_fastrtps_cpp.so" to ""
-- Up-to-date: /home/samaviajaffery/project_ws/install/vlm_driver_msgs/include/vlm_driver_msgs/vlm_driver_msgs
-- Up-to-date: /home/samaviajaffery/project_ws/install/vlm_driver_msgs/include/vlm_driver_msgs/vlm_driver_msgs/msg
-- Up-to-date: /home/samaviajaffery/project_ws/install/vlm_driver_msgs/include/vlm_driver_msgs/vlm_driver_msgs/msg/detail
-- Installing: /home/samaviajaffery/project_ws/install/vlm_driver_msgs/include/vlm_driver_msgs/vlm_driver_msgs/msg/detail/driving_decisions__rosidl_typesupport_introspection_cpp.hpp
-- Installing: /home/samaviajaffery/project_ws/install/vlm_driver_msgs/include/vlm_driver_msgs/vlm_driver_msgs/msg/detail/pipeline_metrics__rosidl_typesupport_introspection_cpp.hpp
-- Installing: /home/samaviajaffery/project_ws/install/vlm_driver_msgs/include/vlm_driver_msgs/vlm_driver_msgs/msg/detail/pipeline_metrics__type_support.cpp
-- Installing: /home/samaviajaffery/project_ws/install/vlm_driver_msgs/include/vlm_driver_msgs/vlm_driver_msgs/msg/detail/driving_decisions__type_support.cpp
-- Installing: /home/samaviajaffery/project_ws/install/vlm_driver_msgs/lib/libvlm_driver_msgs__rosidl_typesupport_introspection_cpp.so
-- Set runtime path of "/home/samaviajaffery/project_ws/install/vlm_driver_msgs/lib/libvlm_driver_msgs__rosidl_typesupport_introspection_cpp.so" to ""
-- Installing: /home/samaviajaffery/project_ws/install/vlm_driver_msgs/lib/libvlm_driver_msgs__rosidl_typesupport_cpp.so
-- Set runtime path of "/home/samaviajaffery/project_ws/install/vlm_driver_msgs/lib/libvlm_driver_msgs__rosidl_typesupport_cpp.so" to ""
-- Installing: /home/samaviajaffery/project_ws/install/vlm_driver_msgs/share/vlm_driver_msgs/environment/pythonpath.sh
-- Installing: /home/samaviajaffery/project_ws/install/vlm_driver_msgs/share/vlm_driver_msgs/environment/pythonpath.dsv
-- Installing: /home/samaviajaffery/project_ws/install/vlm_driver_msgs/local/lib/python3.10/dist-packages/vlm_driver_msgs-0.0.0-py3.10.egg-info
-- Installing: /home/samaviajaffery/project_ws/install/vlm_driver_msgs/local/lib/python3.10/dist-packages/vlm_driver_msgs-0.0.0-py3.10.egg-info/PKG-INFO
-- Installing: /home/samaviajaffery/project_ws/install/vlm_driver_msgs/local/lib/python3.10/dist-packages/vlm_driver_msgs-0.0.0-py3.10.egg-info/top_level.txt
-- Installing: /home/samaviajaffery/project_ws/install/vlm_driver_msgs/local/lib/python3.10/dist-packages/vlm_driver_msgs-0.0.0-py3.10.egg-info/SOURCES.txt
-- Installing: /home/samaviajaffery/project_ws/install/vlm_driver_msgs/local/lib/python3.10/dist-packages/vlm_driver_msgs-0.0.0-py3.10.egg-info/dependency_links.txt
-- Installing: /home/samaviajaffery/project_ws/install/vlm_driver_msgs/local/lib/python3.10/dist-packages/vlm_driver_msgs
-- Installing: /home/samaviajaffery/project_ws/install/vlm_driver_msgs/local/lib/python3.10/dist-packages/vlm_driver_msgs/_vlm_driver_msgs_s.ep.rosidl_typesupport_fastrtps_c.c
-- Installing: /home/samaviajaffery/project_ws/install/vlm_driver_msgs/local/lib/python3.10/dist-packages/vlm_driver_msgs/msg
-- Installing: /home/samaviajaffery/project_ws/install/vlm_driver_msgs/local/lib/python3.10/dist-packages/vlm_driver_msgs/msg/_driving_decisions_s.c
-- Installing: /home/samaviajaffery/project_ws/install/vlm_driver_msgs/local/lib/python3.10/dist-packages/vlm_driver_msgs/msg/_pipeline_metrics_s.c
-- Installing: /home/samaviajaffery/project_ws/install/vlm_driver_msgs/local/lib/python3.10/dist-packages/vlm_driver_msgs/msg/_pipeline_metrics.py
-- Installing: /home/samaviajaffery/project_ws/install/vlm_driver_msgs/local/lib/python3.10/dist-packages/vlm_driver_msgs/msg/_driving_decisions.py
-- Installing: /home/samaviajaffery/project_ws/install/vlm_driver_msgs/local/lib/python3.10/dist-packages/vlm_driver_msgs/msg/__init__.py
-- Installing: /home/samaviajaffery/project_ws/install/vlm_driver_msgs/local/lib/python3.10/dist-packages/vlm_driver_msgs/vlm_driver_msgs_s__rosidl_typesupport_fastrtps_c.cpython-310-x86_64-linux-gnu.so
-- Installing: /home/samaviajaffery/project_ws/install/vlm_driver_msgs/local/lib/python3.10/dist-packages/vlm_driver_msgs/_vlm_driver_msgs_s.ep.rosidl_typesupport_introspection_c.c
-- Installing: /home/samaviajaffery/project_ws/install/vlm_driver_msgs/local/lib/python3.10/dist-packages/vlm_driver_msgs/vlm_driver_msgs_s__rosidl_typesupport_introspection_c.cpython-310-x86_64-linux-gnu.so
-- Installing: /home/samaviajaffery/project_ws/install/vlm_driver_msgs/local/lib/python3.10/dist-packages/vlm_driver_msgs/libvlm_driver_msgs__rosidl_generator_py.so
-- Installing: /home/samaviajaffery/project_ws/install/vlm_driver_msgs/local/lib/python3.10/dist-packages/vlm_driver_msgs/vlm_driver_msgs_s__rosidl_typesupport_c.cpython-310-x86_64-linux-gnu.so
-- Installing: /home/samaviajaffery/project_ws/install/vlm_driver_msgs/local/lib/python3.10/dist-packages/vlm_driver_msgs/_vlm_driver_msgs_s.ep.rosidl_typesupport_c.c
-- Installing: /home/samaviajaffery/project_ws/install/vlm_driver_msgs/local/lib/python3.10/dist-packages/vlm_driver_msgs/__init__.py
Listing '/home/samaviajaffery/project_ws/install/vlm_driver_msgs/local/lib/python3.10/dist-packages/vlm_driver_msgs'...
Compiling '/home/samaviajaffery/project_ws/install/vlm_driver_msgs/local/lib/python3.10/dist-packages/vlm_driver_msgs/__init__.py'...
Listing '/home/samaviajaffery/project_ws/install/vlm_driver_msgs/local/lib/python3.10/dist-packages/vlm_driver_msgs/msg'...
Compiling '/home/samaviajaffery/project_ws/install/vlm_driver_msgs/local/lib/python3.10/dist-packages/vlm_driver_msgs/msg/__init__.py'...
Compiling '/home/samaviajaffery/project_ws/install/vlm_driver_msgs/local/lib/python3.10/dist-packages/vlm_driver_msgs/msg/_driving_decisions.py'...
Compiling '/home/samaviajaffery/project_ws/install/vlm_driver_msgs/local/lib/python3.10/dist-packages/vlm_driver_msgs/msg/_pipeline_metrics.py'...
-- Installing: /home/samaviajaffery/project_ws/install/vlm_driver_msgs/local/lib/python3.10/dist-packages/vlm_driver_msgs/vlm_driver_msgs_s__rosidl_typesupport_fastrtps_c.cpython-310-x86_64-linux-gnu.so
-- Set runtime path of "/home/samaviajaffery/project_ws/install/vlm_driver_msgs/local/lib/python3.10/dist-packages/vlm_driver_msgs/vlm_driver_msgs_s__rosidl_typesupport_fastrtps_c.cpython-310-x86_64-linux-gnu.so" to ""
-- Installing: /home/samaviajaffery/project_ws/install/vlm_driver_msgs/local/lib/python3.10/dist-packages/vlm_driver_msgs/vlm_driver_msgs_s__rosidl_typesupport_introspection_c.cpython-310-x86_64-linux-gnu.so
-- Set runtime path of "/home/samaviajaffery/project_ws/install/vlm_driver_msgs/local/lib/python3.10/dist-packages/vlm_driver_msgs/vlm_driver_msgs_s__rosidl_typesupport_introspection_c.cpython-310-x86_64-linux-gnu.so" to ""
-- Installing: /home/samaviajaffery/project_ws/install/vlm_driver_msgs/local/lib/python3.10/dist-packages/vlm_driver_msgs/vlm_driver_msgs_s__rosidl_typesupport_c.cpython-310-x86_64-linux-gnu.so
-- Set runtime path of "/home/samaviajaffery/project_ws/install/vlm_driver_msgs/local/lib/python3.10/dist-packages/vlm_driver_msgs/vlm_driver_msgs_s__rosidl_typesupport_c.cpython-310-x86_64-linux-gnu.so" to ""
-- Installing: /home/samaviajaffery/project_ws/install/vlm_driver_msgs/lib/libvlm_driver_msgs__rosidl_generator_py.so
-- Set runtime path of "/home/samaviajaffery/project_ws/install/vlm_driver_msgs/lib/libvlm_driver_msgs__rosidl_generator_py.so" to ""
-- Installing: /home/samaviajaffery/project_ws/install/vlm_driver_msgs/share/vlm_driver_msgs/msg/DrivingDecisions.idl
-- Installing: /home/samaviajaffery/project_ws/install/vlm_driver_msgs/share/vlm_driver_msgs/msg/PipelineMetrics.idl
-- Installing: /home/samaviajaffery/project_ws/install/vlm_driver_msgs/share/vlm_driver_msgs/src/DrivingDecisions.msg
-- Installing: /home/samaviajaffery/project_ws/install/vlm_driver_msgs/share/vlm_driver_msgs/src/PipelineMetrics.msg
-- Installing: /home/samaviajaffery/project_ws/install/vlm_driver_msgs/share/ament_index/resource_index/package_run_dependencies/vlm_driver_msgs
-- Installing: /home/samaviajaffery/project_ws/install/vlm_driver_msgs/share/ament_index/resource_index/parent_prefix_path/vlm_driver_msgs
-- Installing: /home/samaviajaffery/project_ws/install/vlm_driver_msgs/share/vlm_driver_msgs/environment/ament_prefix_path.sh
-- Installing: /home/samaviajaffery/project_ws/install/vlm_driver_msgs/share/vlm_driver_msgs/environment/ament_prefix_path.dsv
-- Installing: /home/samaviajaffery/project_ws/install/vlm_driver_msgs/share/vlm_driver_msgs/environment/path.sh
-- Installing: /home/samaviajaffery/project_ws/install/vlm_driver_msgs/share/vlm_driver_msgs/environment/path.dsv
-- Installing: /home/samaviajaffery/project_ws/install/vlm_driver_msgs/share/vlm_driver_msgs/local_setup.bash
-- Installing: /home/samaviajaffery/project_ws/install/vlm_driver_msgs/share/vlm_driver_msgs/local_setup.sh
-- Installing: /home/samaviajaffery/project_ws/install/vlm_driver_msgs/share/vlm_driver_msgs/local_setup.zsh
-- Installing: /home/samaviajaffery/project_ws/install/vlm_driver_msgs/share/vlm_driver_msgs/local_setup.dsv
-- Installing: /home/samaviajaffery/project_ws/install/vlm_driver_msgs/share/vlm_driver_msgs/package.dsv
-- Installing: /home/samaviajaffery/project_ws/install/vlm_driver_msgs/share/ament_index/resource_index/packages/vlm_driver_msgs
-- Installing: /home/samaviajaffery/project_ws/install/vlm_driver_msgs/share/vlm_driver_msgs/cmake/export_vlm_driver_msgs__rosidl_generator_cExport.cmake
-- Installing: /home/samaviajaffery/project_ws/install/vlm_driver_msgs/share/vlm_driver_msgs/cmake/export_vlm_driver_msgs__rosidl_generator_cExport-noconfig.cmake
-- Installing: /home/samaviajaffery/project_ws/install/vlm_driver_msgs/share/vlm_driver_msgs/cmake/export_vlm_driver_msgs__rosidl_typesupport_fastrtps_cExport.cmake
-- Installing: /home/samaviajaffery/project_ws/install/vlm_driver_msgs/share/vlm_driver_msgs/cmake/export_vlm_driver_msgs__rosidl_typesupport_fastrtps_cExport-noconfig.cmake
-- Installing: /home/samaviajaffery/project_ws/install/vlm_driver_msgs/share/vlm_driver_msgs/cmake/vlm_driver_msgs__rosidl_typesupport_introspection_cExport.cmake
-- Installing: /home/samaviajaffery/project_ws/install/vlm_driver_msgs/share/vlm_driver_msgs/cmake/vlm_driver_msgs__rosidl_typesupport_introspection_cExport-noconfig.cmake
-- Installing: /home/samaviajaffery/project_ws/install/vlm_driver_msgs/share/vlm_driver_msgs/cmake/vlm_driver_msgs__rosidl_typesupport_cExport.cmake
-- Installing: /home/samaviajaffery/project_ws/install/vlm_driver_msgs/share/vlm_driver_msgs/cmake/vlm_driver_msgs__rosidl_typesupport_cExport-noconfig.cmake
-- Installing: /home/samaviajaffery/project_ws/install/vlm_driver_msgs/share/vlm_driver_msgs/cmake/export_vlm_driver_msgs__rosidl_generator_cppExport.cmake
-- Installing: /home/samaviajaffery/project_ws/install/vlm_driver_msgs/share/vlm_driver_msgs/cmake/export_vlm_driver_msgs__rosidl_typesupport_fastrtps_cppExport.cmake
-- Installing: /home/samaviajaffery/project_ws/install/vlm_driver_msgs/share/vlm_driver_msgs/cmake/export_vlm_driver_msgs__rosidl_typesupport_fastrtps_cppExport-noconfig.cmake
-- Installing: /home/samaviajaffery/project_ws/install/vlm_driver_msgs/share/vlm_driver_msgs/cmake/vlm_driver_msgs__rosidl_typesupport_introspection_cppExport.cmake
-- Installing: /home/samaviajaffery/project_ws/install/vlm_driver_msgs/share/vlm_driver_msgs/cmake/vlm_driver_msgs__rosidl_typesupport_introspection_cppExport-noconfig.cmake
-- Installing: /home/samaviajaffery/project_ws/install/vlm_driver_msgs/share/vlm_driver_msgs/cmake/vlm_driver_msgs__rosidl_typesupport_cppExport.cmake
-- Installing: /home/samaviajaffery/project_ws/install/vlm_driver_msgs/share/vlm_driver_msgs/cmake/vlm_driver_msgs__rosidl_typesupport_cppExport-noconfig.cmake
-- Installing: /home/samaviajaffery/project_ws/install/vlm_driver_msgs/share/vlm_driver_msgs/cmake/export_vlm_driver_msgs__rosidl_generator_pyExport.cmake
-- Installing: /home/samaviajaffery/project_ws/install/vlm_driver_msgs/share/vlm_driver_msgs/cmake/export_vlm_driver_msgs__rosidl_generator_pyExport-noconfig.cmake
-- Installing: /home/samaviajaffery/project_ws/install/vlm_driver_msgs/share/vlm_driver_msgs/cmake/rosidl_cmake-extras.cmake
-- Installing: /home/samaviajaffery/project_ws/install/vlm_driver_msgs/share/vlm_driver_msgs/cmake/ament_cmake_export_dependencies-extras.cmake
-- Installing: /home/samaviajaffery/project_ws/install/vlm_driver_msgs/share/vlm_driver_msgs/cmake/ament_cmake_export_include_directories-extras.cmake
-- Installing: /home/samaviajaffery/project_ws/install/vlm_driver_msgs/share/vlm_driver_msgs/cmake/ament_cmake_export_libraries-extras.cmake
-- Installing: /home/samaviajaffery/project_ws/install/vlm_driver_msgs/share/vlm_driver_msgs/cmake/ament_cmake_export_targets-extras.cmake
-- Installing: /home/samaviajaffery/project_ws/install/vlm_driver_msgs/share/vlm_driver_msgs/cmake/rosidl_cmake_export_typesupport_targets-extras.cmake
-- Installing: /home/samaviajaffery/project_ws/install/vlm_driver_msgs/share/vlm_driver_msgs/cmake/rosidl_cmake_export_typesupport_libraries-extras.cmake
-- Installing: /home/samaviajaffery/project_ws/install/vlm_driver_msgs/share/vlm_driver_msgs/cmake/vlm_driver_msgsConfig.cmake
-- Installing: /home/samaviajaffery/project_ws/install/vlm_driver_msgs/share/vlm_driver_msgs/cmake/vlm_driver_msgsConfig-version.cmake
-- Installing: /home/samaviajaffery/project_ws/install/vlm_driver_msgs/share/vlm_driver_msgs/package.xml
