[0.048s] Invoking command in '/home/samaviajaffery/project_ws/build/vlm_driver_msgs': CMAKE_PREFIX_PATH=/opt/ros/humble /usr/bin/cmake /home/samaviajaffery/project_ws/src/vlm_driver_msgs -DCMAKE_INSTALL_PREFIX=/home/samaviajaffery/project_ws/install/vlm_driver_msgs
[0.074s] -- Found ament_cmake: 1.3.12 (/opt/ros/humble/share/ament_cmake/cmake)
[0.427s] -- Found rosidl_default_generators: 1.2.0 (/opt/ros/humble/share/rosidl_default_generators/cmake)
[0.431s] -- Using all available rosidl_typesupport_c: rosidl_typesupport_fastrtps_c;rosidl_typesupport_introspection_c
[0.436s] -- Found rosidl_adapter: 3.1.8 (/opt/ros/humble/share/rosidl_adapter/cmake)
[0.480s] -- Using all available rosidl_typesupport_cpp: rosidl_typesupport_fastrtps_cpp;rosidl_typesupport_introspection_cpp
[0.531s] -- Found std_msgs: 4.9.0 (/opt/ros/humble/share/std_msgs/cmake)
[1.057s] -- Found ament_cmake_ros: 0.10.0 (/opt/ros/humble/share/ament_cmake_ros/cmake)
[1.600s] -- Using all available rosidl_typesupport_c: rosidl_typesupport_fastrtps_c;rosidl_typesupport_introspection_c
[2.388s] -- Using all available rosidl_typesupport_cpp: rosidl_typesupport_fastrtps_cpp;rosidl_typesupport_introspection_cpp
[2.440s] -- Found PythonInterp: /usr/bin/python3 (found suitable version "3.10.12", minimum required is "3.6") 
[2.447s] -- Found python_cmake_module: 0.10.0 (/opt/ros/humble/share/python_cmake_module/cmake)
[2.510s] -- Found PythonLibs: /usr/lib/x86_64-linux-gnu/libpython3.10.so (found suitable version "3.10.12", minimum required is "3.5") 
[2.514s] -- Using PYTHON_EXECUTABLE: /usr/bin/python3
[2.519s] -- Using PYTHON_INCLUDE_DIRS: /usr/include/python3.10
[2.519s] -- Using PYTHON_LIBRARIES: /usr/lib/x86_64-linux-gnu/libpython3.10.so
[2.557s] -- Found PythonExtra: .so  
[2.638s] -- Found ament_lint_auto: 0.12.14 (/opt/ros/humble/share/ament_lint_auto/cmake)
[2.666s] -- Added test 'lint_cmake' to check CMake code style
[2.667s] -- Added test 'xmllint' to check XML markup files
[2.678s] -- Configuring done
[2.743s] -- Generating done
[2.762s] -- Build files have been written to: /home/samaviajaffery/project_ws/build/vlm_driver_msgs
[2.777s] Invoked command in '/home/samaviajaffery/project_ws/build/vlm_driver_msgs' returned '0': CMAKE_PREFIX_PATH=/opt/ros/humble /usr/bin/cmake /home/samaviajaffery/project_ws/src/vlm_driver_msgs -DCMAKE_INSTALL_PREFIX=/home/samaviajaffery/project_ws/install/vlm_driver_msgs
[2.778s] Invoking command in '/home/samaviajaffery/project_ws/build/vlm_driver_msgs': CMAKE_PREFIX_PATH=/opt/ros/humble /usr/bin/cmake --build /home/samaviajaffery/project_ws/build/vlm_driver_msgs -- -j2 -l2
[2.844s] [  2%] [34m[1mGenerating C code for ROS interfaces[0m
[2.896s] [  5%] [34m[1mGenerating C++ code for ROS interfaces[0m
[3.510s] [  7%] [32mBuilding C object CMakeFiles/vlm_driver_msgs__rosidl_generator_c.dir/rosidl_generator_c/vlm_driver_msgs/msg/detail/driving_decisions__functions.c.o[0m
[3.534s] [  7%] Built target vlm_driver_msgs__cpp
[3.556s] [ 10%] [32mBuilding C object CMakeFiles/vlm_driver_msgs__rosidl_generator_c.dir/rosidl_generator_c/vlm_driver_msgs/msg/detail/pipeline_metrics__functions.c.o[0m
[3.708s] [ 12%] [32m[1mLinking C shared library libvlm_driver_msgs__rosidl_generator_c.so[0m
[3.739s] [ 12%] Built target ament_cmake_python_copy_vlm_driver_msgs
[3.757s] [ 15%] [34m[1mGenerating C++ type support dispatch for ROS interfaces[0m
[3.822s] [ 15%] Built target vlm_driver_msgs__rosidl_generator_c
[3.836s] [ 17%] [34m[1mGenerating C++ type support for eProsima Fast-RTPS[0m
[4.305s] [ 20%] [32mBuilding CXX object CMakeFiles/vlm_driver_msgs__rosidl_typesupport_cpp.dir/rosidl_typesupport_cpp/vlm_driver_msgs/msg/driving_decisions__type_support.cpp.o[0m
[4.636s] [ 23%] [32mBuilding CXX object CMakeFiles/vlm_driver_msgs__rosidl_typesupport_fastrtps_cpp.dir/rosidl_typesupport_fastrtps_cpp/vlm_driver_msgs/msg/detail/dds_fastrtps/driving_decisions__type_support.cpp.o[0m
[5.076s] [ 25%] [32mBuilding CXX object CMakeFiles/vlm_driver_msgs__rosidl_typesupport_cpp.dir/rosidl_typesupport_cpp/vlm_driver_msgs/msg/pipeline_metrics__type_support.cpp.o[0m
[5.571s] [ 28%] [32mBuilding CXX object CMakeFiles/vlm_driver_msgs__rosidl_typesupport_fastrtps_cpp.dir/rosidl_typesupport_fastrtps_cpp/vlm_driver_msgs/msg/detail/dds_fastrtps/pipeline_metrics__type_support.cpp.o[0m
[5.601s] [ 30%] [32m[1mLinking CXX shared library libvlm_driver_msgs__rosidl_typesupport_cpp.so[0m
[5.683s] [ 30%] Built target vlm_driver_msgs__rosidl_typesupport_cpp
[5.696s] [ 33%] [34m[1mGenerating C++ introspection for ROS interfaces[0m
[6.179s] [ 35%] [32mBuilding CXX object CMakeFiles/vlm_driver_msgs__rosidl_typesupport_introspection_cpp.dir/rosidl_typesupport_introspection_cpp/vlm_driver_msgs/msg/detail/driving_decisions__type_support.cpp.o[0m
[6.238s] [ 38%] [32m[1mLinking CXX shared library libvlm_driver_msgs__rosidl_typesupport_fastrtps_cpp.so[0m
[6.447s] [ 38%] Built target vlm_driver_msgs__rosidl_typesupport_fastrtps_cpp
[6.462s] [ 41%] [32mBuilding CXX object CMakeFiles/vlm_driver_msgs__rosidl_typesupport_introspection_cpp.dir/rosidl_typesupport_introspection_cpp/vlm_driver_msgs/msg/detail/pipeline_metrics__type_support.cpp.o[0m
[7.317s] [ 43%] [32m[1mLinking CXX shared library libvlm_driver_msgs__rosidl_typesupport_introspection_cpp.so[0m
[7.479s] [ 43%] Built target vlm_driver_msgs__rosidl_typesupport_introspection_cpp
[7.502s] [ 46%] [34m[1mGenerating C type support for eProsima Fast-RTPS[0m
[7.756s] running egg_info
[7.762s] creating vlm_driver_msgs.egg-info
[7.763s] writing vlm_driver_msgs.egg-info/PKG-INFO
[7.764s] writing dependency_links to vlm_driver_msgs.egg-info/dependency_links.txt
[7.767s] writing top-level names to vlm_driver_msgs.egg-info/top_level.txt
[7.767s] writing manifest file 'vlm_driver_msgs.egg-info/SOURCES.txt'
[7.777s] reading manifest file 'vlm_driver_msgs.egg-info/SOURCES.txt'
[7.777s] writing manifest file 'vlm_driver_msgs.egg-info/SOURCES.txt'
[7.839s] [ 46%] Built target ament_cmake_python_build_vlm_driver_msgs_egg
[7.867s] [ 48%] [34m[1mGenerating C introspection for ROS interfaces[0m
[8.245s] [ 51%] [32mBuilding CXX object CMakeFiles/vlm_driver_msgs__rosidl_typesupport_fastrtps_c.dir/rosidl_typesupport_fastrtps_c/vlm_driver_msgs/msg/detail/driving_decisions__type_support_c.cpp.o[0m
[8.521s] [ 53%] [32mBuilding C object CMakeFiles/vlm_driver_msgs__rosidl_typesupport_introspection_c.dir/rosidl_typesupport_introspection_c/vlm_driver_msgs/msg/detail/driving_decisions__type_support.c.o[0m
[8.601s] [ 56%] [32mBuilding C object CMakeFiles/vlm_driver_msgs__rosidl_typesupport_introspection_c.dir/rosidl_typesupport_introspection_c/vlm_driver_msgs/msg/detail/pipeline_metrics__type_support.c.o[0m
[8.670s] [ 58%] [32m[1mLinking C shared library libvlm_driver_msgs__rosidl_typesupport_introspection_c.so[0m
[8.762s] [ 58%] Built target vlm_driver_msgs__rosidl_typesupport_introspection_c
[8.787s] [ 61%] [34m[1mGenerating C type support dispatch for ROS interfaces[0m
[9.042s] [ 64%] [32mBuilding CXX object CMakeFiles/vlm_driver_msgs__rosidl_typesupport_fastrtps_c.dir/rosidl_typesupport_fastrtps_c/vlm_driver_msgs/msg/detail/pipeline_metrics__type_support_c.cpp.o[0m
[9.381s] [ 66%] [32mBuilding CXX object CMakeFiles/vlm_driver_msgs__rosidl_typesupport_c.dir/rosidl_typesupport_c/vlm_driver_msgs/msg/driving_decisions__type_support.cpp.o[0m
[9.438s] [ 69%] [32mBuilding CXX object CMakeFiles/vlm_driver_msgs__rosidl_typesupport_c.dir/rosidl_typesupport_c/vlm_driver_msgs/msg/pipeline_metrics__type_support.cpp.o[0m
[9.514s] [ 71%] [32m[1mLinking CXX shared library libvlm_driver_msgs__rosidl_typesupport_c.so[0m
[9.614s] [ 71%] Built target vlm_driver_msgs__rosidl_typesupport_c
[9.762s] [ 74%] [32m[1mLinking CXX shared library libvlm_driver_msgs__rosidl_typesupport_fastrtps_c.so[0m
[10.001s] [ 74%] Built target vlm_driver_msgs__rosidl_typesupport_fastrtps_c
[10.047s] [ 74%] Built target vlm_driver_msgs
[10.098s] [ 76%] [34m[1mGenerating Python code for ROS interfaces[0m
[10.833s] [ 76%] Built target vlm_driver_msgs__py
[10.868s] [ 79%] [32mBuilding C object CMakeFiles/vlm_driver_msgs__rosidl_generator_py.dir/rosidl_generator_py/vlm_driver_msgs/msg/_pipeline_metrics_s.c.o[0m
[10.868s] [ 82%] [32mBuilding C object CMakeFiles/vlm_driver_msgs__rosidl_generator_py.dir/rosidl_generator_py/vlm_driver_msgs/msg/_driving_decisions_s.c.o[0m
[11.178s] [ 84%] [32m[1mLinking C shared library rosidl_generator_py/vlm_driver_msgs/libvlm_driver_msgs__rosidl_generator_py.so[0m
[11.248s] [ 84%] Built target vlm_driver_msgs__rosidl_generator_py
[11.283s] [ 87%] [32mBuilding C object CMakeFiles/vlm_driver_msgs__rosidl_typesupport_introspection_c__pyext.dir/rosidl_generator_py/vlm_driver_msgs/_vlm_driver_msgs_s.ep.rosidl_typesupport_introspection_c.c.o[0m
[11.290s] [ 89%] [32mBuilding C object CMakeFiles/vlm_driver_msgs__rosidl_typesupport_fastrtps_c__pyext.dir/rosidl_generator_py/vlm_driver_msgs/_vlm_driver_msgs_s.ep.rosidl_typesupport_fastrtps_c.c.o[0m
[11.451s] [ 92%] [32m[1mLinking C shared library rosidl_generator_py/vlm_driver_msgs/vlm_driver_msgs_s__rosidl_typesupport_introspection_c.cpython-310-x86_64-linux-gnu.so[0m
[11.458s] [ 94%] [32m[1mLinking C shared library rosidl_generator_py/vlm_driver_msgs/vlm_driver_msgs_s__rosidl_typesupport_fastrtps_c.cpython-310-x86_64-linux-gnu.so[0m
[11.526s] [ 94%] Built target vlm_driver_msgs__rosidl_typesupport_introspection_c__pyext
[11.530s] [ 94%] Built target vlm_driver_msgs__rosidl_typesupport_fastrtps_c__pyext
[11.564s] [ 97%] [32mBuilding C object CMakeFiles/vlm_driver_msgs__rosidl_typesupport_c__pyext.dir/rosidl_generator_py/vlm_driver_msgs/_vlm_driver_msgs_s.ep.rosidl_typesupport_c.c.o[0m
[11.759s] [100%] [32m[1mLinking C shared library rosidl_generator_py/vlm_driver_msgs/vlm_driver_msgs_s__rosidl_typesupport_c.cpython-310-x86_64-linux-gnu.so[0m
[11.854s] [100%] Built target vlm_driver_msgs__rosidl_typesupport_c__pyext
[11.879s] Invoked command in '/home/samaviajaffery/project_ws/build/vlm_driver_msgs' returned '0': CMAKE_PREFIX_PATH=/opt/ros/humble /usr/bin/cmake --build /home/samaviajaffery/project_ws/build/vlm_driver_msgs -- -j2 -l2
[11.908s] Invoking command in '/home/samaviajaffery/project_ws/build/vlm_driver_msgs': CMAKE_PREFIX_PATH=/opt/ros/humble /usr/bin/cmake --install /home/samaviajaffery/project_ws/build/vlm_driver_msgs
[11.924s] -- Install configuration: ""
[11.925s] -- Installing: /home/samaviajaffery/project_ws/install/vlm_driver_msgs/share/ament_index/resource_index/rosidl_interfaces/vlm_driver_msgs
[11.926s] -- Installing: /home/samaviajaffery/project_ws/install/vlm_driver_msgs/include/vlm_driver_msgs/vlm_driver_msgs
[11.927s] -- Installing: /home/samaviajaffery/project_ws/install/vlm_driver_msgs/include/vlm_driver_msgs/vlm_driver_msgs/msg
[11.927s] -- Installing: /home/samaviajaffery/project_ws/install/vlm_driver_msgs/include/vlm_driver_msgs/vlm_driver_msgs/msg/pipeline_metrics.h
[11.928s] -- Installing: /home/samaviajaffery/project_ws/install/vlm_driver_msgs/include/vlm_driver_msgs/vlm_driver_msgs/msg/rosidl_generator_c__visibility_control.h
[11.929s] -- Installing: /home/samaviajaffery/project_ws/install/vlm_driver_msgs/include/vlm_driver_msgs/vlm_driver_msgs/msg/detail
[11.929s] -- Installing: /home/samaviajaffery/project_ws/install/vlm_driver_msgs/include/vlm_driver_msgs/vlm_driver_msgs/msg/detail/driving_decisions__functions.h
[11.929s] -- Installing: /home/samaviajaffery/project_ws/install/vlm_driver_msgs/include/vlm_driver_msgs/vlm_driver_msgs/msg/detail/pipeline_metrics__functions.c
[11.930s] -- Installing: /home/samaviajaffery/project_ws/install/vlm_driver_msgs/include/vlm_driver_msgs/vlm_driver_msgs/msg/detail/pipeline_metrics__struct.h
[11.931s] -- Installing: /home/samaviajaffery/project_ws/install/vlm_driver_msgs/include/vlm_driver_msgs/vlm_driver_msgs/msg/detail/driving_decisions__struct.h
[11.932s] -- Installing: /home/samaviajaffery/project_ws/install/vlm_driver_msgs/include/vlm_driver_msgs/vlm_driver_msgs/msg/detail/driving_decisions__type_support.h
[11.932s] -- Installing: /home/samaviajaffery/project_ws/install/vlm_driver_msgs/include/vlm_driver_msgs/vlm_driver_msgs/msg/detail/pipeline_metrics__functions.h
[11.932s] -- Installing: /home/samaviajaffery/project_ws/install/vlm_driver_msgs/include/vlm_driver_msgs/vlm_driver_msgs/msg/detail/pipeline_metrics__type_support.h
[11.933s] -- Installing: /home/samaviajaffery/project_ws/install/vlm_driver_msgs/include/vlm_driver_msgs/vlm_driver_msgs/msg/detail/driving_decisions__functions.c
[11.934s] -- Installing: /home/samaviajaffery/project_ws/install/vlm_driver_msgs/include/vlm_driver_msgs/vlm_driver_msgs/msg/driving_decisions.h
[11.934s] -- Installing: /home/samaviajaffery/project_ws/install/vlm_driver_msgs/share/vlm_driver_msgs/environment/library_path.sh
[11.934s] -- Installing: /home/samaviajaffery/project_ws/install/vlm_driver_msgs/share/vlm_driver_msgs/environment/library_path.dsv
[11.935s] -- Installing: /home/samaviajaffery/project_ws/install/vlm_driver_msgs/lib/libvlm_driver_msgs__rosidl_generator_c.so
[11.936s] -- Set runtime path of "/home/samaviajaffery/project_ws/install/vlm_driver_msgs/lib/libvlm_driver_msgs__rosidl_generator_c.so" to ""
[11.936s] -- Up-to-date: /home/samaviajaffery/project_ws/install/vlm_driver_msgs/include/vlm_driver_msgs/vlm_driver_msgs
[11.937s] -- Up-to-date: /home/samaviajaffery/project_ws/install/vlm_driver_msgs/include/vlm_driver_msgs/vlm_driver_msgs/msg
[11.937s] -- Installing: /home/samaviajaffery/project_ws/install/vlm_driver_msgs/include/vlm_driver_msgs/vlm_driver_msgs/msg/rosidl_typesupport_fastrtps_c__visibility_control.h
[11.938s] -- Up-to-date: /home/samaviajaffery/project_ws/install/vlm_driver_msgs/include/vlm_driver_msgs/vlm_driver_msgs/msg/detail
[11.938s] -- Installing: /home/samaviajaffery/project_ws/install/vlm_driver_msgs/include/vlm_driver_msgs/vlm_driver_msgs/msg/detail/pipeline_metrics__rosidl_typesupport_fastrtps_c.h
[11.938s] -- Installing: /home/samaviajaffery/project_ws/install/vlm_driver_msgs/include/vlm_driver_msgs/vlm_driver_msgs/msg/detail/driving_decisions__rosidl_typesupport_fastrtps_c.h
[11.939s] -- Installing: /home/samaviajaffery/project_ws/install/vlm_driver_msgs/lib/libvlm_driver_msgs__rosidl_typesupport_fastrtps_c.so
[11.940s] -- Set runtime path of "/home/samaviajaffery/project_ws/install/vlm_driver_msgs/lib/libvlm_driver_msgs__rosidl_typesupport_fastrtps_c.so" to ""
[11.940s] -- Up-to-date: /home/samaviajaffery/project_ws/install/vlm_driver_msgs/include/vlm_driver_msgs/vlm_driver_msgs
[11.940s] -- Up-to-date: /home/samaviajaffery/project_ws/install/vlm_driver_msgs/include/vlm_driver_msgs/vlm_driver_msgs/msg
[11.941s] -- Installing: /home/samaviajaffery/project_ws/install/vlm_driver_msgs/include/vlm_driver_msgs/vlm_driver_msgs/msg/rosidl_typesupport_introspection_c__visibility_control.h
[11.941s] -- Up-to-date: /home/samaviajaffery/project_ws/install/vlm_driver_msgs/include/vlm_driver_msgs/vlm_driver_msgs/msg/detail
[11.941s] -- Installing: /home/samaviajaffery/project_ws/install/vlm_driver_msgs/include/vlm_driver_msgs/vlm_driver_msgs/msg/detail/driving_decisions__type_support.c
[11.942s] -- Installing: /home/samaviajaffery/project_ws/install/vlm_driver_msgs/include/vlm_driver_msgs/vlm_driver_msgs/msg/detail/driving_decisions__rosidl_typesupport_introspection_c.h
[11.943s] -- Installing: /home/samaviajaffery/project_ws/install/vlm_driver_msgs/include/vlm_driver_msgs/vlm_driver_msgs/msg/detail/pipeline_metrics__type_support.c
[11.943s] -- Installing: /home/samaviajaffery/project_ws/install/vlm_driver_msgs/include/vlm_driver_msgs/vlm_driver_msgs/msg/detail/pipeline_metrics__rosidl_typesupport_introspection_c.h
[11.945s] -- Installing: /home/samaviajaffery/project_ws/install/vlm_driver_msgs/lib/libvlm_driver_msgs__rosidl_typesupport_introspection_c.so
[11.946s] -- Set runtime path of "/home/samaviajaffery/project_ws/install/vlm_driver_msgs/lib/libvlm_driver_msgs__rosidl_typesupport_introspection_c.so" to ""
[11.946s] -- Installing: /home/samaviajaffery/project_ws/install/vlm_driver_msgs/lib/libvlm_driver_msgs__rosidl_typesupport_c.so
[11.946s] -- Set runtime path of "/home/samaviajaffery/project_ws/install/vlm_driver_msgs/lib/libvlm_driver_msgs__rosidl_typesupport_c.so" to ""
[11.946s] -- Up-to-date: /home/samaviajaffery/project_ws/install/vlm_driver_msgs/include/vlm_driver_msgs/vlm_driver_msgs
[11.946s] -- Up-to-date: /home/samaviajaffery/project_ws/install/vlm_driver_msgs/include/vlm_driver_msgs/vlm_driver_msgs/msg
[11.946s] -- Installing: /home/samaviajaffery/project_ws/install/vlm_driver_msgs/include/vlm_driver_msgs/vlm_driver_msgs/msg/driving_decisions.hpp
[11.946s] -- Up-to-date: /home/samaviajaffery/project_ws/install/vlm_driver_msgs/include/vlm_driver_msgs/vlm_driver_msgs/msg/detail
[11.946s] -- Installing: /home/samaviajaffery/project_ws/install/vlm_driver_msgs/include/vlm_driver_msgs/vlm_driver_msgs/msg/detail/pipeline_metrics__struct.hpp
[11.947s] -- Installing: /home/samaviajaffery/project_ws/install/vlm_driver_msgs/include/vlm_driver_msgs/vlm_driver_msgs/msg/detail/pipeline_metrics__traits.hpp
[11.947s] -- Installing: /home/samaviajaffery/project_ws/install/vlm_driver_msgs/include/vlm_driver_msgs/vlm_driver_msgs/msg/detail/driving_decisions__traits.hpp
[11.948s] -- Installing: /home/samaviajaffery/project_ws/install/vlm_driver_msgs/include/vlm_driver_msgs/vlm_driver_msgs/msg/detail/driving_decisions__builder.hpp
[11.948s] -- Installing: /home/samaviajaffery/project_ws/install/vlm_driver_msgs/include/vlm_driver_msgs/vlm_driver_msgs/msg/detail/pipeline_metrics__builder.hpp
[11.948s] -- Installing: /home/samaviajaffery/project_ws/install/vlm_driver_msgs/include/vlm_driver_msgs/vlm_driver_msgs/msg/detail/pipeline_metrics__type_support.hpp
[11.949s] -- Installing: /home/samaviajaffery/project_ws/install/vlm_driver_msgs/include/vlm_driver_msgs/vlm_driver_msgs/msg/detail/driving_decisions__struct.hpp
[11.949s] -- Installing: /home/samaviajaffery/project_ws/install/vlm_driver_msgs/include/vlm_driver_msgs/vlm_driver_msgs/msg/detail/driving_decisions__type_support.hpp
[11.949s] -- Installing: /home/samaviajaffery/project_ws/install/vlm_driver_msgs/include/vlm_driver_msgs/vlm_driver_msgs/msg/pipeline_metrics.hpp
[11.950s] -- Installing: /home/samaviajaffery/project_ws/install/vlm_driver_msgs/include/vlm_driver_msgs/vlm_driver_msgs/msg/rosidl_generator_cpp__visibility_control.hpp
[11.951s] -- Up-to-date: /home/samaviajaffery/project_ws/install/vlm_driver_msgs/include/vlm_driver_msgs/vlm_driver_msgs
[11.951s] -- Up-to-date: /home/samaviajaffery/project_ws/install/vlm_driver_msgs/include/vlm_driver_msgs/vlm_driver_msgs/msg
[11.951s] -- Installing: /home/samaviajaffery/project_ws/install/vlm_driver_msgs/include/vlm_driver_msgs/vlm_driver_msgs/msg/rosidl_typesupport_fastrtps_cpp__visibility_control.h
[11.952s] -- Up-to-date: /home/samaviajaffery/project_ws/install/vlm_driver_msgs/include/vlm_driver_msgs/vlm_driver_msgs/msg/detail
[11.952s] -- Installing: /home/samaviajaffery/project_ws/install/vlm_driver_msgs/include/vlm_driver_msgs/vlm_driver_msgs/msg/detail/pipeline_metrics__rosidl_typesupport_fastrtps_cpp.hpp
[11.952s] -- Installing: /home/samaviajaffery/project_ws/install/vlm_driver_msgs/include/vlm_driver_msgs/vlm_driver_msgs/msg/detail/driving_decisions__rosidl_typesupport_fastrtps_cpp.hpp
[11.952s] -- Installing: /home/samaviajaffery/project_ws/install/vlm_driver_msgs/include/vlm_driver_msgs/vlm_driver_msgs/msg/detail/dds_fastrtps
[11.954s] -- Installing: /home/samaviajaffery/project_ws/install/vlm_driver_msgs/lib/libvlm_driver_msgs__rosidl_typesupport_fastrtps_cpp.so
[11.954s] -- Set runtime path of "/home/samaviajaffery/project_ws/install/vlm_driver_msgs/lib/libvlm_driver_msgs__rosidl_typesupport_fastrtps_cpp.so" to ""
[11.955s] -- Up-to-date: /home/samaviajaffery/project_ws/install/vlm_driver_msgs/include/vlm_driver_msgs/vlm_driver_msgs
[11.955s] -- Up-to-date: /home/samaviajaffery/project_ws/install/vlm_driver_msgs/include/vlm_driver_msgs/vlm_driver_msgs/msg
[11.955s] -- Up-to-date: /home/samaviajaffery/project_ws/install/vlm_driver_msgs/include/vlm_driver_msgs/vlm_driver_msgs/msg/detail
[11.956s] -- Installing: /home/samaviajaffery/project_ws/install/vlm_driver_msgs/include/vlm_driver_msgs/vlm_driver_msgs/msg/detail/driving_decisions__rosidl_typesupport_introspection_cpp.hpp
[11.956s] -- Installing: /home/samaviajaffery/project_ws/install/vlm_driver_msgs/include/vlm_driver_msgs/vlm_driver_msgs/msg/detail/pipeline_metrics__rosidl_typesupport_introspection_cpp.hpp
[11.956s] -- Installing: /home/samaviajaffery/project_ws/install/vlm_driver_msgs/include/vlm_driver_msgs/vlm_driver_msgs/msg/detail/pipeline_metrics__type_support.cpp
[11.957s] -- Installing: /home/samaviajaffery/project_ws/install/vlm_driver_msgs/include/vlm_driver_msgs/vlm_driver_msgs/msg/detail/driving_decisions__type_support.cpp
[11.957s] -- Installing: /home/samaviajaffery/project_ws/install/vlm_driver_msgs/lib/libvlm_driver_msgs__rosidl_typesupport_introspection_cpp.so
[11.958s] -- Set runtime path of "/home/samaviajaffery/project_ws/install/vlm_driver_msgs/lib/libvlm_driver_msgs__rosidl_typesupport_introspection_cpp.so" to ""
[11.960s] -- Installing: /home/samaviajaffery/project_ws/install/vlm_driver_msgs/lib/libvlm_driver_msgs__rosidl_typesupport_cpp.so
[11.960s] -- Set runtime path of "/home/samaviajaffery/project_ws/install/vlm_driver_msgs/lib/libvlm_driver_msgs__rosidl_typesupport_cpp.so" to ""
[11.960s] -- Installing: /home/samaviajaffery/project_ws/install/vlm_driver_msgs/share/vlm_driver_msgs/environment/pythonpath.sh
[11.961s] -- Installing: /home/samaviajaffery/project_ws/install/vlm_driver_msgs/share/vlm_driver_msgs/environment/pythonpath.dsv
[11.962s] -- Installing: /home/samaviajaffery/project_ws/install/vlm_driver_msgs/local/lib/python3.10/dist-packages/vlm_driver_msgs-0.0.0-py3.10.egg-info
[11.963s] -- Installing: /home/samaviajaffery/project_ws/install/vlm_driver_msgs/local/lib/python3.10/dist-packages/vlm_driver_msgs-0.0.0-py3.10.egg-info/PKG-INFO
[11.963s] -- Installing: /home/samaviajaffery/project_ws/install/vlm_driver_msgs/local/lib/python3.10/dist-packages/vlm_driver_msgs-0.0.0-py3.10.egg-info/top_level.txt
[11.963s] -- Installing: /home/samaviajaffery/project_ws/install/vlm_driver_msgs/local/lib/python3.10/dist-packages/vlm_driver_msgs-0.0.0-py3.10.egg-info/SOURCES.txt
[11.964s] -- Installing: /home/samaviajaffery/project_ws/install/vlm_driver_msgs/local/lib/python3.10/dist-packages/vlm_driver_msgs-0.0.0-py3.10.egg-info/dependency_links.txt
[11.965s] -- Installing: /home/samaviajaffery/project_ws/install/vlm_driver_msgs/local/lib/python3.10/dist-packages/vlm_driver_msgs
[11.965s] -- Installing: /home/samaviajaffery/project_ws/install/vlm_driver_msgs/local/lib/python3.10/dist-packages/vlm_driver_msgs/_vlm_driver_msgs_s.ep.rosidl_typesupport_fastrtps_c.c
[11.966s] -- Installing: /home/samaviajaffery/project_ws/install/vlm_driver_msgs/local/lib/python3.10/dist-packages/vlm_driver_msgs/msg
[11.966s] -- Installing: /home/samaviajaffery/project_ws/install/vlm_driver_msgs/local/lib/python3.10/dist-packages/vlm_driver_msgs/msg/_driving_decisions_s.c
[11.967s] -- Installing: /home/samaviajaffery/project_ws/install/vlm_driver_msgs/local/lib/python3.10/dist-packages/vlm_driver_msgs/msg/_pipeline_metrics_s.c
[11.968s] -- Installing: /home/samaviajaffery/project_ws/install/vlm_driver_msgs/local/lib/python3.10/dist-packages/vlm_driver_msgs/msg/_pipeline_metrics.py
[11.968s] -- Installing: /home/samaviajaffery/project_ws/install/vlm_driver_msgs/local/lib/python3.10/dist-packages/vlm_driver_msgs/msg/_driving_decisions.py
[11.969s] -- Installing: /home/samaviajaffery/project_ws/install/vlm_driver_msgs/local/lib/python3.10/dist-packages/vlm_driver_msgs/msg/__init__.py
[11.969s] -- Installing: /home/samaviajaffery/project_ws/install/vlm_driver_msgs/local/lib/python3.10/dist-packages/vlm_driver_msgs/vlm_driver_msgs_s__rosidl_typesupport_fastrtps_c.cpython-310-x86_64-linux-gnu.so
[11.970s] -- Installing: /home/samaviajaffery/project_ws/install/vlm_driver_msgs/local/lib/python3.10/dist-packages/vlm_driver_msgs/_vlm_driver_msgs_s.ep.rosidl_typesupport_introspection_c.c
[11.970s] -- Installing: /home/samaviajaffery/project_ws/install/vlm_driver_msgs/local/lib/python3.10/dist-packages/vlm_driver_msgs/vlm_driver_msgs_s__rosidl_typesupport_introspection_c.cpython-310-x86_64-linux-gnu.so
[11.971s] -- Installing: /home/samaviajaffery/project_ws/install/vlm_driver_msgs/local/lib/python3.10/dist-packages/vlm_driver_msgs/libvlm_driver_msgs__rosidl_generator_py.so
[11.972s] -- Installing: /home/samaviajaffery/project_ws/install/vlm_driver_msgs/local/lib/python3.10/dist-packages/vlm_driver_msgs/vlm_driver_msgs_s__rosidl_typesupport_c.cpython-310-x86_64-linux-gnu.so
[11.972s] -- Installing: /home/samaviajaffery/project_ws/install/vlm_driver_msgs/local/lib/python3.10/dist-packages/vlm_driver_msgs/_vlm_driver_msgs_s.ep.rosidl_typesupport_c.c
[11.976s] -- Installing: /home/samaviajaffery/project_ws/install/vlm_driver_msgs/local/lib/python3.10/dist-packages/vlm_driver_msgs/__init__.py
[12.047s] Listing '/home/samaviajaffery/project_ws/install/vlm_driver_msgs/local/lib/python3.10/dist-packages/vlm_driver_msgs'...
[12.048s] Compiling '/home/samaviajaffery/project_ws/install/vlm_driver_msgs/local/lib/python3.10/dist-packages/vlm_driver_msgs/__init__.py'...
[12.048s] Listing '/home/samaviajaffery/project_ws/install/vlm_driver_msgs/local/lib/python3.10/dist-packages/vlm_driver_msgs/msg'...
[12.048s] Compiling '/home/samaviajaffery/project_ws/install/vlm_driver_msgs/local/lib/python3.10/dist-packages/vlm_driver_msgs/msg/__init__.py'...
[12.048s] Compiling '/home/samaviajaffery/project_ws/install/vlm_driver_msgs/local/lib/python3.10/dist-packages/vlm_driver_msgs/msg/_driving_decisions.py'...
[12.048s] Compiling '/home/samaviajaffery/project_ws/install/vlm_driver_msgs/local/lib/python3.10/dist-packages/vlm_driver_msgs/msg/_pipeline_metrics.py'...
[12.056s] -- Installing: /home/samaviajaffery/project_ws/install/vlm_driver_msgs/local/lib/python3.10/dist-packages/vlm_driver_msgs/vlm_driver_msgs_s__rosidl_typesupport_fastrtps_c.cpython-310-x86_64-linux-gnu.so
[12.057s] -- Set runtime path of "/home/samaviajaffery/project_ws/install/vlm_driver_msgs/local/lib/python3.10/dist-packages/vlm_driver_msgs/vlm_driver_msgs_s__rosidl_typesupport_fastrtps_c.cpython-310-x86_64-linux-gnu.so" to ""
[12.057s] -- Installing: /home/samaviajaffery/project_ws/install/vlm_driver_msgs/local/lib/python3.10/dist-packages/vlm_driver_msgs/vlm_driver_msgs_s__rosidl_typesupport_introspection_c.cpython-310-x86_64-linux-gnu.so
[12.058s] -- Set runtime path of "/home/samaviajaffery/project_ws/install/vlm_driver_msgs/local/lib/python3.10/dist-packages/vlm_driver_msgs/vlm_driver_msgs_s__rosidl_typesupport_introspection_c.cpython-310-x86_64-linux-gnu.so" to ""
[12.058s] -- Installing: /home/samaviajaffery/project_ws/install/vlm_driver_msgs/local/lib/python3.10/dist-packages/vlm_driver_msgs/vlm_driver_msgs_s__rosidl_typesupport_c.cpython-310-x86_64-linux-gnu.so
[12.059s] -- Set runtime path of "/home/samaviajaffery/project_ws/install/vlm_driver_msgs/local/lib/python3.10/dist-packages/vlm_driver_msgs/vlm_driver_msgs_s__rosidl_typesupport_c.cpython-310-x86_64-linux-gnu.so" to ""
[12.059s] -- Installing: /home/samaviajaffery/project_ws/install/vlm_driver_msgs/lib/libvlm_driver_msgs__rosidl_generator_py.so
[12.060s] -- Set runtime path of "/home/samaviajaffery/project_ws/install/vlm_driver_msgs/lib/libvlm_driver_msgs__rosidl_generator_py.so" to ""
[12.062s] -- Installing: /home/samaviajaffery/project_ws/install/vlm_driver_msgs/share/vlm_driver_msgs/msg/DrivingDecisions.idl
[12.062s] -- Installing: /home/samaviajaffery/project_ws/install/vlm_driver_msgs/share/vlm_driver_msgs/msg/PipelineMetrics.idl
[12.062s] -- Installing: /home/samaviajaffery/project_ws/install/vlm_driver_msgs/share/vlm_driver_msgs/src/DrivingDecisions.msg
[12.062s] -- Installing: /home/samaviajaffery/project_ws/install/vlm_driver_msgs/share/vlm_driver_msgs/src/PipelineMetrics.msg
[12.062s] -- Installing: /home/samaviajaffery/project_ws/install/vlm_driver_msgs/share/ament_index/resource_index/package_run_dependencies/vlm_driver_msgs
[12.062s] -- Installing: /home/samaviajaffery/project_ws/install/vlm_driver_msgs/share/ament_index/resource_index/parent_prefix_path/vlm_driver_msgs
[12.062s] -- Installing: /home/samaviajaffery/project_ws/install/vlm_driver_msgs/share/vlm_driver_msgs/environment/ament_prefix_path.sh
[12.062s] -- Installing: /home/samaviajaffery/project_ws/install/vlm_driver_msgs/share/vlm_driver_msgs/environment/ament_prefix_path.dsv
[12.063s] -- Installing: /home/samaviajaffery/project_ws/install/vlm_driver_msgs/share/vlm_driver_msgs/environment/path.sh
[12.063s] -- Installing: /home/samaviajaffery/project_ws/install/vlm_driver_msgs/share/vlm_driver_msgs/environment/path.dsv
[12.066s] -- Installing: /home/samaviajaffery/project_ws/install/vlm_driver_msgs/share/vlm_driver_msgs/local_setup.bash
[12.066s] -- Installing: /home/samaviajaffery/project_ws/install/vlm_driver_msgs/share/vlm_driver_msgs/local_setup.sh
[12.066s] -- Installing: /home/samaviajaffery/project_ws/install/vlm_driver_msgs/share/vlm_driver_msgs/local_setup.zsh
[12.066s] -- Installing: /home/samaviajaffery/project_ws/install/vlm_driver_msgs/share/vlm_driver_msgs/local_setup.dsv
[12.066s] -- Installing: /home/samaviajaffery/project_ws/install/vlm_driver_msgs/share/vlm_driver_msgs/package.dsv
[12.066s] -- Installing: /home/samaviajaffery/project_ws/install/vlm_driver_msgs/share/ament_index/resource_index/packages/vlm_driver_msgs
[12.066s] -- Installing: /home/samaviajaffery/project_ws/install/vlm_driver_msgs/share/vlm_driver_msgs/cmake/export_vlm_driver_msgs__rosidl_generator_cExport.cmake
[12.066s] -- Installing: /home/samaviajaffery/project_ws/install/vlm_driver_msgs/share/vlm_driver_msgs/cmake/export_vlm_driver_msgs__rosidl_generator_cExport-noconfig.cmake
[12.066s] -- Installing: /home/samaviajaffery/project_ws/install/vlm_driver_msgs/share/vlm_driver_msgs/cmake/export_vlm_driver_msgs__rosidl_typesupport_fastrtps_cExport.cmake
[12.066s] -- Installing: /home/samaviajaffery/project_ws/install/vlm_driver_msgs/share/vlm_driver_msgs/cmake/export_vlm_driver_msgs__rosidl_typesupport_fastrtps_cExport-noconfig.cmake
[12.067s] -- Installing: /home/samaviajaffery/project_ws/install/vlm_driver_msgs/share/vlm_driver_msgs/cmake/vlm_driver_msgs__rosidl_typesupport_introspection_cExport.cmake
[12.067s] -- Installing: /home/samaviajaffery/project_ws/install/vlm_driver_msgs/share/vlm_driver_msgs/cmake/vlm_driver_msgs__rosidl_typesupport_introspection_cExport-noconfig.cmake
[12.067s] -- Installing: /home/samaviajaffery/project_ws/install/vlm_driver_msgs/share/vlm_driver_msgs/cmake/vlm_driver_msgs__rosidl_typesupport_cExport.cmake
[12.068s] -- Installing: /home/samaviajaffery/project_ws/install/vlm_driver_msgs/share/vlm_driver_msgs/cmake/vlm_driver_msgs__rosidl_typesupport_cExport-noconfig.cmake
[12.068s] -- Installing: /home/samaviajaffery/project_ws/install/vlm_driver_msgs/share/vlm_driver_msgs/cmake/export_vlm_driver_msgs__rosidl_generator_cppExport.cmake
[12.068s] -- Installing: /home/samaviajaffery/project_ws/install/vlm_driver_msgs/share/vlm_driver_msgs/cmake/export_vlm_driver_msgs__rosidl_typesupport_fastrtps_cppExport.cmake
[12.068s] -- Installing: /home/samaviajaffery/project_ws/install/vlm_driver_msgs/share/vlm_driver_msgs/cmake/export_vlm_driver_msgs__rosidl_typesupport_fastrtps_cppExport-noconfig.cmake
[12.072s] -- Installing: /home/samaviajaffery/project_ws/install/vlm_driver_msgs/share/vlm_driver_msgs/cmake/vlm_driver_msgs__rosidl_typesupport_introspection_cppExport.cmake
[12.072s] -- Installing: /home/samaviajaffery/project_ws/install/vlm_driver_msgs/share/vlm_driver_msgs/cmake/vlm_driver_msgs__rosidl_typesupport_introspection_cppExport-noconfig.cmake
[12.072s] -- Installing: /home/samaviajaffery/project_ws/install/vlm_driver_msgs/share/vlm_driver_msgs/cmake/vlm_driver_msgs__rosidl_typesupport_cppExport.cmake
[12.072s] -- Installing: /home/samaviajaffery/project_ws/install/vlm_driver_msgs/share/vlm_driver_msgs/cmake/vlm_driver_msgs__rosidl_typesupport_cppExport-noconfig.cmake
[12.072s] -- Installing: /home/samaviajaffery/project_ws/install/vlm_driver_msgs/share/vlm_driver_msgs/cmake/export_vlm_driver_msgs__rosidl_generator_pyExport.cmake
[12.072s] -- Installing: /home/samaviajaffery/project_ws/install/vlm_driver_msgs/share/vlm_driver_msgs/cmake/export_vlm_driver_msgs__rosidl_generator_pyExport-noconfig.cmake
[12.072s] -- Installing: /home/samaviajaffery/project_ws/install/vlm_driver_msgs/share/vlm_driver_msgs/cmake/rosidl_cmake-extras.cmake
[12.073s] -- Installing: /home/samaviajaffery/project_ws/install/vlm_driver_msgs/share/vlm_driver_msgs/cmake/ament_cmake_export_dependencies-extras.cmake
[12.073s] -- Installing: /home/samaviajaffery/project_ws/install/vlm_driver_msgs/share/vlm_driver_msgs/cmake/ament_cmake_export_include_directories-extras.cmake
[12.073s] -- Installing: /home/samaviajaffery/project_ws/install/vlm_driver_msgs/share/vlm_driver_msgs/cmake/ament_cmake_export_libraries-extras.cmake
[12.073s] -- Installing: /home/samaviajaffery/project_ws/install/vlm_driver_msgs/share/vlm_driver_msgs/cmake/ament_cmake_export_targets-extras.cmake
[12.073s] -- Installing: /home/samaviajaffery/project_ws/install/vlm_driver_msgs/share/vlm_driver_msgs/cmake/rosidl_cmake_export_typesupport_targets-extras.cmake
[12.073s] -- Installing: /home/samaviajaffery/project_ws/install/vlm_driver_msgs/share/vlm_driver_msgs/cmake/rosidl_cmake_export_typesupport_libraries-extras.cmake
[12.073s] -- Installing: /home/samaviajaffery/project_ws/install/vlm_driver_msgs/share/vlm_driver_msgs/cmake/vlm_driver_msgsConfig.cmake
[12.073s] -- Installing: /home/samaviajaffery/project_ws/install/vlm_driver_msgs/share/vlm_driver_msgs/cmake/vlm_driver_msgsConfig-version.cmake
[12.073s] -- Installing: /home/samaviajaffery/project_ws/install/vlm_driver_msgs/share/vlm_driver_msgs/package.xml
[12.078s] Invoked command in '/home/samaviajaffery/project_ws/build/vlm_driver_msgs' returned '0': CMAKE_PREFIX_PATH=/opt/ros/humble /usr/bin/cmake --install /home/samaviajaffery/project_ws/build/vlm_driver_msgs
