[0.156s] DEBUG:colcon:Command line arguments: ['/usr/bin/colcon', 'build', '--packages-select', 'vlm_driver_msgs']
[0.156s] DEBUG:colcon:Parsed command line arguments: Namespace(log_base=None, log_level=None, verb_name='build', build_base='build', install_base='install', merge_install=False, symlink_install=False, test_result_base=None, continue_on_error=False, executor='parallel', parallel_workers=2, event_handlers=None, ignore_user_meta=False, metas=['./colcon.meta'], base_paths=['.'], packages_ignore=None, packages_ignore_regex=None, paths=None, packages_up_to=None, packages_up_to_regex=None, packages_above=None, packages_above_and_dependencies=None, packages_above_depth=None, packages_select_by_dep=None, packages_skip_by_dep=None, packages_skip_up_to=None, packages_select_build_failed=False, packages_skip_build_finished=False, packages_select_test_failures=False, packages_skip_test_passed=False, packages_select=['vlm_driver_msgs'], packages_skip=None, packages_select_regex=None, packages_skip_regex=None, packages_start=None, packages_end=None, allow_overriding=[], cmake_args=None, cmake_target=None, cmake_target_skip_unavailable=False, cmake_clean_cache=False, cmake_clean_first=False, cmake_force_configure=False, ament_cmake_args=None, catkin_cmake_args=None, catkin_skip_building_tests=False, mixin_files=None, mixin=None, verb_parser=<colcon_mixin.mixin.mixin_argument.MixinArgumentDecorator object at 0x75a537e5dea0>, verb_extension=<colcon_core.verb.build.BuildVerb object at 0x75a537e5d9c0>, main=<bound method BuildVerb.main of <colcon_core.verb.build.BuildVerb object at 0x75a537e5d9c0>>, mixin_verb=('build',))
[0.396s] Level 1:colcon.colcon_core.package_discovery:discover_packages(colcon_meta) check parameters
[0.397s] Level 1:colcon.colcon_core.package_discovery:discover_packages(recursive) check parameters
[0.398s] Level 1:colcon.colcon_core.package_discovery:discover_packages(ignore) check parameters
[0.398s] Level 1:colcon.colcon_core.package_discovery:discover_packages(path) check parameters
[0.399s] Level 1:colcon.colcon_core.package_discovery:discover_packages(colcon_meta) discover
[0.399s] Level 1:colcon.colcon_core.package_discovery:discover_packages(recursive) discover
[0.399s] INFO:colcon.colcon_core.package_discovery:Crawling recursively for packages in '/home/samaviajaffery/project_ws'
[0.399s] Level 1:colcon.colcon_core.package_identification:_identify(.) by extensions ['ignore', 'ignore_ament_install']
[0.400s] Level 1:colcon.colcon_core.package_identification:_identify(.) by extension 'ignore'
[0.400s] Level 1:colcon.colcon_core.package_identification:_identify(.) by extension 'ignore_ament_install'
[0.400s] Level 1:colcon.colcon_core.package_identification:_identify(.) by extensions ['colcon_pkg']
[0.401s] Level 1:colcon.colcon_core.package_identification:_identify(.) by extension 'colcon_pkg'
[0.401s] Level 1:colcon.colcon_core.package_identification:_identify(.) by extensions ['colcon_meta']
[0.401s] Level 1:colcon.colcon_core.package_identification:_identify(.) by extension 'colcon_meta'
[0.401s] Level 1:colcon.colcon_core.package_identification:_identify(.) by extensions ['ros']
[0.401s] Level 1:colcon.colcon_core.package_identification:_identify(.) by extension 'ros'
[0.430s] Level 1:colcon.colcon_core.package_identification:_identify(.) by extensions ['cmake', 'python']
[0.431s] Level 1:colcon.colcon_core.package_identification:_identify(.) by extension 'cmake'
[0.431s] Level 1:colcon.colcon_core.package_identification:_identify(.) by extension 'python'
[0.431s] Level 1:colcon.colcon_core.package_identification:_identify(.) by extensions ['python_setup_py']
[0.431s] Level 1:colcon.colcon_core.package_identification:_identify(.) by extension 'python_setup_py'
[0.431s] Level 1:colcon.colcon_core.package_identification:_identify(build) by extensions ['ignore', 'ignore_ament_install']
[0.432s] Level 1:colcon.colcon_core.package_identification:_identify(build) by extension 'ignore'
[0.432s] Level 1:colcon.colcon_core.package_identification:_identify(build) ignored
[0.432s] Level 1:colcon.colcon_core.package_identification:_identify(install) by extensions ['ignore', 'ignore_ament_install']
[0.432s] Level 1:colcon.colcon_core.package_identification:_identify(install) by extension 'ignore'
[0.433s] Level 1:colcon.colcon_core.package_identification:_identify(install) ignored
[0.433s] Level 1:colcon.colcon_core.package_identification:_identify(log) by extensions ['ignore', 'ignore_ament_install']
[0.433s] Level 1:colcon.colcon_core.package_identification:_identify(log) by extension 'ignore'
[0.433s] Level 1:colcon.colcon_core.package_identification:_identify(log) ignored
[0.433s] Level 1:colcon.colcon_core.package_identification:_identify(src) by extensions ['ignore', 'ignore_ament_install']
[0.433s] Level 1:colcon.colcon_core.package_identification:_identify(src) by extension 'ignore'
[0.434s] Level 1:colcon.colcon_core.package_identification:_identify(src) by extension 'ignore_ament_install'
[0.434s] Level 1:colcon.colcon_core.package_identification:_identify(src) by extensions ['colcon_pkg']
[0.434s] Level 1:colcon.colcon_core.package_identification:_identify(src) by extension 'colcon_pkg'
[0.434s] Level 1:colcon.colcon_core.package_identification:_identify(src) by extensions ['colcon_meta']
[0.434s] Level 1:colcon.colcon_core.package_identification:_identify(src) by extension 'colcon_meta'
[0.434s] Level 1:colcon.colcon_core.package_identification:_identify(src) by extensions ['ros']
[0.434s] Level 1:colcon.colcon_core.package_identification:_identify(src) by extension 'ros'
[0.434s] Level 1:colcon.colcon_core.package_identification:_identify(src) by extensions ['cmake', 'python']
[0.434s] Level 1:colcon.colcon_core.package_identification:_identify(src) by extension 'cmake'
[0.434s] Level 1:colcon.colcon_core.package_identification:_identify(src) by extension 'python'
[0.434s] Level 1:colcon.colcon_core.package_identification:_identify(src) by extensions ['python_setup_py']
[0.435s] Level 1:colcon.colcon_core.package_identification:_identify(src) by extension 'python_setup_py'
[0.435s] Level 1:colcon.colcon_core.package_identification:_identify(src/baseline_cv) by extensions ['ignore', 'ignore_ament_install']
[0.435s] Level 1:colcon.colcon_core.package_identification:_identify(src/baseline_cv) by extension 'ignore'
[0.435s] Level 1:colcon.colcon_core.package_identification:_identify(src/baseline_cv) by extension 'ignore_ament_install'
[0.435s] Level 1:colcon.colcon_core.package_identification:_identify(src/baseline_cv) by extensions ['colcon_pkg']
[0.435s] Level 1:colcon.colcon_core.package_identification:_identify(src/baseline_cv) by extension 'colcon_pkg'
[0.435s] Level 1:colcon.colcon_core.package_identification:_identify(src/baseline_cv) by extensions ['colcon_meta']
[0.435s] Level 1:colcon.colcon_core.package_identification:_identify(src/baseline_cv) by extension 'colcon_meta'
[0.435s] Level 1:colcon.colcon_core.package_identification:_identify(src/baseline_cv) by extensions ['ros']
[0.436s] Level 1:colcon.colcon_core.package_identification:_identify(src/baseline_cv) by extension 'ros'
[0.441s] DEBUG:colcon.colcon_core.package_identification:Package 'src/baseline_cv' with type 'ros.ament_python' and name 'baseline_cv'
[0.441s] Level 1:colcon.colcon_core.package_identification:_identify(src/command_mapper) by extensions ['ignore', 'ignore_ament_install']
[0.441s] Level 1:colcon.colcon_core.package_identification:_identify(src/command_mapper) by extension 'ignore'
[0.441s] Level 1:colcon.colcon_core.package_identification:_identify(src/command_mapper) by extension 'ignore_ament_install'
[0.441s] Level 1:colcon.colcon_core.package_identification:_identify(src/command_mapper) by extensions ['colcon_pkg']
[0.442s] Level 1:colcon.colcon_core.package_identification:_identify(src/command_mapper) by extension 'colcon_pkg'
[0.442s] Level 1:colcon.colcon_core.package_identification:_identify(src/command_mapper) by extensions ['colcon_meta']
[0.442s] Level 1:colcon.colcon_core.package_identification:_identify(src/command_mapper) by extension 'colcon_meta'
[0.442s] Level 1:colcon.colcon_core.package_identification:_identify(src/command_mapper) by extensions ['ros']
[0.442s] Level 1:colcon.colcon_core.package_identification:_identify(src/command_mapper) by extension 'ros'
[0.443s] DEBUG:colcon.colcon_core.package_identification:Package 'src/command_mapper' with type 'ros.ament_python' and name 'command_mapper'
[0.444s] Level 1:colcon.colcon_core.package_identification:_identify(src/vesc_bridge) by extensions ['ignore', 'ignore_ament_install']
[0.444s] Level 1:colcon.colcon_core.package_identification:_identify(src/vesc_bridge) by extension 'ignore'
[0.444s] Level 1:colcon.colcon_core.package_identification:_identify(src/vesc_bridge) by extension 'ignore_ament_install'
[0.444s] Level 1:colcon.colcon_core.package_identification:_identify(src/vesc_bridge) by extensions ['colcon_pkg']
[0.444s] Level 1:colcon.colcon_core.package_identification:_identify(src/vesc_bridge) by extension 'colcon_pkg'
[0.444s] Level 1:colcon.colcon_core.package_identification:_identify(src/vesc_bridge) by extensions ['colcon_meta']
[0.444s] Level 1:colcon.colcon_core.package_identification:_identify(src/vesc_bridge) by extension 'colcon_meta'
[0.444s] Level 1:colcon.colcon_core.package_identification:_identify(src/vesc_bridge) by extensions ['ros']
[0.445s] Level 1:colcon.colcon_core.package_identification:_identify(src/vesc_bridge) by extension 'ros'
[0.446s] DEBUG:colcon.colcon_core.package_identification:Package 'src/vesc_bridge' with type 'ros.ament_python' and name 'vesc_bridge'
[0.446s] Level 1:colcon.colcon_core.package_identification:_identify(src/vlm_driver_msgs) by extensions ['ignore', 'ignore_ament_install']
[0.446s] Level 1:colcon.colcon_core.package_identification:_identify(src/vlm_driver_msgs) by extension 'ignore'
[0.447s] Level 1:colcon.colcon_core.package_identification:_identify(src/vlm_driver_msgs) by extension 'ignore_ament_install'
[0.447s] Level 1:colcon.colcon_core.package_identification:_identify(src/vlm_driver_msgs) by extensions ['colcon_pkg']
[0.447s] Level 1:colcon.colcon_core.package_identification:_identify(src/vlm_driver_msgs) by extension 'colcon_pkg'
[0.447s] Level 1:colcon.colcon_core.package_identification:_identify(src/vlm_driver_msgs) by extensions ['colcon_meta']
[0.447s] Level 1:colcon.colcon_core.package_identification:_identify(src/vlm_driver_msgs) by extension 'colcon_meta'
[0.447s] Level 1:colcon.colcon_core.package_identification:_identify(src/vlm_driver_msgs) by extensions ['ros']
[0.447s] Level 1:colcon.colcon_core.package_identification:_identify(src/vlm_driver_msgs) by extension 'ros'
[0.449s] DEBUG:colcon.colcon_core.package_identification:Package 'src/vlm_driver_msgs' with type 'ros.ament_cmake' and name 'vlm_driver_msgs'
[0.449s] Level 1:colcon.colcon_core.package_discovery:discover_packages(recursive) using defaults
[0.449s] Level 1:colcon.colcon_core.package_discovery:discover_packages(ignore) discover
[0.449s] Level 1:colcon.colcon_core.package_discovery:discover_packages(ignore) using defaults
[0.449s] Level 1:colcon.colcon_core.package_discovery:discover_packages(path) discover
[0.449s] Level 1:colcon.colcon_core.package_discovery:discover_packages(path) using defaults
[0.495s] INFO:colcon.colcon_core.package_selection:Skipping not selected package 'vesc_bridge' in 'src/vesc_bridge'
[0.495s] INFO:colcon.colcon_core.package_selection:Skipping not selected package 'baseline_cv' in 'src/baseline_cv'
[0.495s] INFO:colcon.colcon_core.package_selection:Skipping not selected package 'command_mapper' in 'src/command_mapper'
[0.496s] Level 1:colcon.colcon_core.package_discovery:discover_packages(prefix_path) check parameters
[0.496s] Level 1:colcon.colcon_core.package_discovery:discover_packages(prefix_path) discover
[0.499s] DEBUG:colcon.colcon_installed_package_information.package_discovery:Found 1 installed packages in /home/samaviajaffery/project_ws/install
[0.501s] DEBUG:colcon.colcon_installed_package_information.package_discovery:Found 297 installed packages in /opt/ros/humble
[0.502s] Level 1:colcon.colcon_core.package_discovery:discover_packages(prefix_path) using defaults
[0.561s] Level 5:colcon.colcon_core.verb:set package 'vlm_driver_msgs' build argument 'cmake_args' from command line to 'None'
[0.561s] Level 5:colcon.colcon_core.verb:set package 'vlm_driver_msgs' build argument 'cmake_target' from command line to 'None'
[0.561s] Level 5:colcon.colcon_core.verb:set package 'vlm_driver_msgs' build argument 'cmake_target_skip_unavailable' from command line to 'False'
[0.561s] Level 5:colcon.colcon_core.verb:set package 'vlm_driver_msgs' build argument 'cmake_clean_cache' from command line to 'False'
[0.561s] Level 5:colcon.colcon_core.verb:set package 'vlm_driver_msgs' build argument 'cmake_clean_first' from command line to 'False'
[0.561s] Level 5:colcon.colcon_core.verb:set package 'vlm_driver_msgs' build argument 'cmake_force_configure' from command line to 'False'
[0.561s] Level 5:colcon.colcon_core.verb:set package 'vlm_driver_msgs' build argument 'ament_cmake_args' from command line to 'None'
[0.561s] Level 5:colcon.colcon_core.verb:set package 'vlm_driver_msgs' build argument 'catkin_cmake_args' from command line to 'None'
[0.561s] Level 5:colcon.colcon_core.verb:set package 'vlm_driver_msgs' build argument 'catkin_skip_building_tests' from command line to 'False'
[0.561s] DEBUG:colcon.colcon_core.verb:Building package 'vlm_driver_msgs' with the following arguments: {'ament_cmake_args': None, 'build_base': '/home/samaviajaffery/project_ws/build/vlm_driver_msgs', 'catkin_cmake_args': None, 'catkin_skip_building_tests': False, 'cmake_args': None, 'cmake_clean_cache': False, 'cmake_clean_first': False, 'cmake_force_configure': False, 'cmake_target': None, 'cmake_target_skip_unavailable': False, 'install_base': '/home/samaviajaffery/project_ws/install/vlm_driver_msgs', 'merge_install': False, 'path': '/home/samaviajaffery/project_ws/src/vlm_driver_msgs', 'symlink_install': False, 'test_result_base': None}
[0.561s] INFO:colcon.colcon_core.executor:Executing jobs using 'parallel' executor
[0.563s] DEBUG:colcon.colcon_parallel_executor.executor.parallel:run_until_complete
[0.563s] INFO:colcon.colcon_ros.task.ament_cmake.build:Building ROS package in '/home/samaviajaffery/project_ws/src/vlm_driver_msgs' with build type 'ament_cmake'
[0.563s] INFO:colcon.colcon_cmake.task.cmake.build:Building CMake package in '/home/samaviajaffery/project_ws/src/vlm_driver_msgs'
[0.567s] INFO:colcon.colcon_core.plugin_system:Skipping extension 'colcon_core.shell.bat': Not used on non-Windows systems
[0.568s] INFO:colcon.colcon_core.shell:Skip shell extension 'powershell' for command environment: Not usable outside of PowerShell
[0.568s] DEBUG:colcon.colcon_core.shell:Skip shell extension 'dsv' for command environment
[0.589s] DEBUG:colcon.colcon_core.event_handler.log_command:Invoking command in '/home/samaviajaffery/project_ws/build/vlm_driver_msgs': CMAKE_PREFIX_PATH=${CMAKE_PREFIX_PATH}:/opt/ros/humble /usr/bin/cmake --build /home/samaviajaffery/project_ws/build/vlm_driver_msgs -- -j2 -l2
[0.998s] Level 1:colcon.colcon_core.environment:create_environment_scripts_only(vlm_driver_msgs)
[1.000s] DEBUG:colcon.colcon_core.event_handler.log_command:Invoked command in '/home/samaviajaffery/project_ws/build/vlm_driver_msgs' returned '2': CMAKE_PREFIX_PATH=${CMAKE_PREFIX_PATH}:/opt/ros/humble /usr/bin/cmake --build /home/samaviajaffery/project_ws/build/vlm_driver_msgs -- -j2 -l2
[1.009s] Level 1:colcon.colcon_core.environment:checking '/home/samaviajaffery/project_ws/install/vlm_driver_msgs' for CMake module files
[1.010s] Level 1:colcon.colcon_core.environment:checking '/home/samaviajaffery/project_ws/install/vlm_driver_msgs' for CMake config files
[1.010s] Level 1:colcon.colcon_core.shell:create_environment_hook('vlm_driver_msgs', 'cmake_prefix_path')
[1.010s] INFO:colcon.colcon_core.shell:Creating environment hook '/home/samaviajaffery/project_ws/install/vlm_driver_msgs/share/vlm_driver_msgs/hook/cmake_prefix_path.ps1'
[1.012s] INFO:colcon.colcon_core.shell:Creating environment descriptor '/home/samaviajaffery/project_ws/install/vlm_driver_msgs/share/vlm_driver_msgs/hook/cmake_prefix_path.dsv'
[1.013s] INFO:colcon.colcon_core.shell:Creating environment hook '/home/samaviajaffery/project_ws/install/vlm_driver_msgs/share/vlm_driver_msgs/hook/cmake_prefix_path.sh'
[1.017s] Level 1:colcon.colcon_core.environment:checking '/home/samaviajaffery/project_ws/install/vlm_driver_msgs/lib'
[1.019s] Level 1:colcon.colcon_core.shell:create_environment_hook('vlm_driver_msgs', 'ld_library_path_lib')
[1.020s] INFO:colcon.colcon_core.shell:Creating environment hook '/home/samaviajaffery/project_ws/install/vlm_driver_msgs/share/vlm_driver_msgs/hook/ld_library_path_lib.ps1'
[1.022s] INFO:colcon.colcon_core.shell:Creating environment descriptor '/home/samaviajaffery/project_ws/install/vlm_driver_msgs/share/vlm_driver_msgs/hook/ld_library_path_lib.dsv'
[1.023s] INFO:colcon.colcon_core.shell:Creating environment hook '/home/samaviajaffery/project_ws/install/vlm_driver_msgs/share/vlm_driver_msgs/hook/ld_library_path_lib.sh'
[1.026s] Level 1:colcon.colcon_core.environment:checking '/home/samaviajaffery/project_ws/install/vlm_driver_msgs/bin'
[1.026s] Level 1:colcon.colcon_core.environment:checking '/home/samaviajaffery/project_ws/install/vlm_driver_msgs/lib/pkgconfig/vlm_driver_msgs.pc'
[1.027s] Level 1:colcon.colcon_core.environment:checking '/home/samaviajaffery/project_ws/install/vlm_driver_msgs/lib/python3.10/site-packages'
[1.027s] Level 1:colcon.colcon_core.environment:checking '/home/samaviajaffery/project_ws/install/vlm_driver_msgs/bin'
[1.028s] INFO:colcon.colcon_core.shell:Creating package script '/home/samaviajaffery/project_ws/install/vlm_driver_msgs/share/vlm_driver_msgs/package.ps1'
[1.031s] INFO:colcon.colcon_core.shell:Creating package descriptor '/home/samaviajaffery/project_ws/install/vlm_driver_msgs/share/vlm_driver_msgs/package.dsv'
[1.033s] INFO:colcon.colcon_core.shell:Creating package script '/home/samaviajaffery/project_ws/install/vlm_driver_msgs/share/vlm_driver_msgs/package.sh'
[1.035s] INFO:colcon.colcon_core.shell:Creating package script '/home/samaviajaffery/project_ws/install/vlm_driver_msgs/share/vlm_driver_msgs/package.bash'
[1.037s] INFO:colcon.colcon_core.shell:Creating package script '/home/samaviajaffery/project_ws/install/vlm_driver_msgs/share/vlm_driver_msgs/package.zsh'
[1.038s] Level 1:colcon.colcon_core.environment:create_file_with_runtime_dependencies(/home/samaviajaffery/project_ws/install/vlm_driver_msgs/share/colcon-core/packages/vlm_driver_msgs)
[1.040s] DEBUG:colcon.colcon_parallel_executor.executor.parallel:closing loop
[1.041s] DEBUG:colcon.colcon_parallel_executor.executor.parallel:loop closed
[1.041s] DEBUG:colcon.colcon_parallel_executor.executor.parallel:run_until_complete finished with '2'
[1.042s] DEBUG:colcon.colcon_core.event_reactor:joining thread
[1.053s] INFO:colcon.colcon_core.plugin_system:Skipping extension 'colcon_notification.desktop_notification.terminal_notifier': Not used on non-Darwin systems
[1.053s] INFO:colcon.colcon_core.plugin_system:Skipping extension 'colcon_notification.desktop_notification.win32': Not used on non-Windows systems
[1.054s] INFO:colcon.colcon_notification.desktop_notification:Sending desktop notification using 'notify2'
[1.074s] DEBUG:colcon.colcon_core.event_reactor:joined thread
[1.075s] INFO:colcon.colcon_core.shell:Creating prefix script '/home/samaviajaffery/project_ws/install/local_setup.ps1'
[1.077s] INFO:colcon.colcon_core.shell:Creating prefix util module '/home/samaviajaffery/project_ws/install/_local_setup_util_ps1.py'
[1.080s] INFO:colcon.colcon_core.shell:Creating prefix chain script '/home/samaviajaffery/project_ws/install/setup.ps1'
[1.089s] INFO:colcon.colcon_core.shell:Creating prefix script '/home/samaviajaffery/project_ws/install/local_setup.sh'
[1.092s] INFO:colcon.colcon_core.shell:Creating prefix util module '/home/samaviajaffery/project_ws/install/_local_setup_util_sh.py'
[1.097s] INFO:colcon.colcon_core.shell:Creating prefix chain script '/home/samaviajaffery/project_ws/install/setup.sh'
[1.101s] INFO:colcon.colcon_core.shell:Creating prefix script '/home/samaviajaffery/project_ws/install/local_setup.bash'
[1.103s] INFO:colcon.colcon_core.shell:Creating prefix chain script '/home/samaviajaffery/project_ws/install/setup.bash'
[1.109s] INFO:colcon.colcon_core.shell:Creating prefix script '/home/samaviajaffery/project_ws/install/local_setup.zsh'
[1.112s] INFO:colcon.colcon_core.shell:Creating prefix chain script '/home/samaviajaffery/project_ws/install/setup.zsh'
